{
  "/Users/sean/School/CSC/CSC 307/Group Project/CSC-307-To-Do-App/packages/react-frontend/src/App.jsx": {
    "path": "/Users/sean/School/CSC/CSC 307/Group Project/CSC-307-To-Do-App/packages/react-frontend/src/App.jsx",
    "statementMap": {
      "0": {
        "start": { "line": 20, "column": 2 },
        "end": { "line": 27, "column": 4 }
      },
      "1": {
        "start": { "line": 31, "column": 2 },
        "end": { "line": 55, "column": 4 }
      }
    },
    "fnMap": {
      "0": {
        "name": "WithNavbar",
        "decl": {
          "start": { "line": 19, "column": 9 },
          "end": { "line": 19, "column": 19 }
        },
        "loc": {
          "start": { "line": 19, "column": 22 },
          "end": { "line": 28, "column": 1 }
        },
        "line": 19
      },
      "1": {
        "name": "App",
        "decl": {
          "start": { "line": 30, "column": 9 },
          "end": { "line": 30, "column": 12 }
        },
        "loc": {
          "start": { "line": 30, "column": 15 },
          "end": { "line": 56, "column": 1 }
        },
        "line": 30
      }
    },
    "branchMap": {},
    "s": { "0": 3, "1": 4 },
    "f": { "0": 3, "1": 4 },
    "b": {},
    "_coverageSchema": "1a1c01bbd47fc00a2c39e90264f33305004495a9",
    "hash": "02b4d0226eba6b95ba1357659e40f0a21feecc64"
  },
  "/Users/sean/School/CSC/CSC 307/Group Project/CSC-307-To-Do-App/packages/react-frontend/src/pages/CreateAccountPage.jsx": {
    "path": "/Users/sean/School/CSC/CSC 307/Group Project/CSC-307-To-Do-App/packages/react-frontend/src/pages/CreateAccountPage.jsx",
    "statementMap": {
      "0": {
        "start": { "line": 8, "column": 19 },
        "end": { "line": 8, "column": 29 }
      },
      "1": {
        "start": { "line": 9, "column": 26 },
        "end": { "line": 12, "column": 4 }
      },
      "2": {
        "start": { "line": 13, "column": 19 },
        "end": { "line": 13, "column": 32 }
      },
      "3": {
        "start": { "line": 14, "column": 23 },
        "end": { "line": 56, "column": 3 }
      },
      "4": {
        "start": { "line": 15, "column": 4 },
        "end": { "line": 15, "column": 23 }
      },
      "5": {
        "start": { "line": 18, "column": 35 },
        "end": { "line": 18, "column": 39 }
      },
      "6": {
        "start": { "line": 19, "column": 4 },
        "end": { "line": 22, "column": 5 }
      },
      "7": {
        "start": { "line": 20, "column": 6 },
        "end": { "line": 20, "column": 48 }
      },
      "8": {
        "start": { "line": 21, "column": 6 },
        "end": { "line": 21, "column": 13 }
      },
      "9": {
        "start": { "line": 23, "column": 4 },
        "end": { "line": 26, "column": 5 }
      },
      "10": {
        "start": { "line": 24, "column": 6 },
        "end": { "line": 24, "column": 35 }
      },
      "11": {
        "start": { "line": 25, "column": 6 },
        "end": { "line": 25, "column": 13 }
      },
      "12": {
        "start": { "line": 27, "column": 4 },
        "end": { "line": 30, "column": 5 }
      },
      "13": {
        "start": { "line": 28, "column": 6 },
        "end": { "line": 28, "column": 35 }
      },
      "14": {
        "start": { "line": 29, "column": 6 },
        "end": { "line": 29, "column": 13 }
      },
      "15": {
        "start": { "line": 31, "column": 4 },
        "end": { "line": 34, "column": 5 }
      },
      "16": {
        "start": { "line": 32, "column": 6 },
        "end": { "line": 32, "column": 53 }
      },
      "17": {
        "start": { "line": 33, "column": 6 },
        "end": { "line": 33, "column": 13 }
      },
      "18": {
        "start": { "line": 36, "column": 16 },
        "end": { "line": 45, "column": 5 }
      },
      "19": {
        "start": { "line": 47, "column": 4 },
        "end": { "line": 52, "column": 5 }
      },
      "20": {
        "start": { "line": 48, "column": 19 },
        "end": { "line": 48, "column": 35 }
      },
      "21": {
        "start": { "line": 49, "column": 18 },
        "end": { "line": 49, "column": 63 }
      },
      "22": {
        "start": { "line": 50, "column": 6 },
        "end": { "line": 50, "column": 16 }
      },
      "23": {
        "start": { "line": 51, "column": 6 },
        "end": { "line": 51, "column": 13 }
      },
      "24": {
        "start": { "line": 54, "column": 4 },
        "end": { "line": 54, "column": 39 }
      },
      "25": {
        "start": { "line": 55, "column": 4 },
        "end": { "line": 55, "column": 23 }
      },
      "26": {
        "start": { "line": 58, "column": 2 },
        "end": { "line": 92, "column": 4 }
      },
      "27": {
        "start": { "line": 69, "column": 14 },
        "end": { "line": 69, "column": 60 }
      },
      "28": {
        "start": { "line": 81, "column": 14 },
        "end": { "line": 81, "column": 60 }
      }
    },
    "fnMap": {
      "0": {
        "name": "CreateAccount",
        "decl": {
          "start": { "line": 7, "column": 9 },
          "end": { "line": 7, "column": 22 }
        },
        "loc": {
          "start": { "line": 7, "column": 25 },
          "end": { "line": 93, "column": 1 }
        },
        "line": 7
      },
      "1": {
        "name": "(anonymous_1)",
        "decl": {
          "start": { "line": 14, "column": 23 },
          "end": { "line": 14, "column": 24 }
        },
        "loc": {
          "start": { "line": 14, "column": 36 },
          "end": { "line": 56, "column": 3 }
        },
        "line": 14
      },
      "2": {
        "name": "(anonymous_2)",
        "decl": {
          "start": { "line": 68, "column": 22 },
          "end": { "line": 68, "column": 23 }
        },
        "loc": {
          "start": { "line": 69, "column": 14 },
          "end": { "line": 69, "column": 60 }
        },
        "line": 69
      },
      "3": {
        "name": "(anonymous_3)",
        "decl": {
          "start": { "line": 80, "column": 22 },
          "end": { "line": 80, "column": 23 }
        },
        "loc": {
          "start": { "line": 81, "column": 14 },
          "end": { "line": 81, "column": 60 }
        },
        "line": 81
      }
    },
    "branchMap": {
      "0": {
        "loc": {
          "start": { "line": 19, "column": 4 },
          "end": { "line": 22, "column": 5 }
        },
        "type": "if",
        "locations": [
          {
            "start": { "line": 19, "column": 4 },
            "end": { "line": 22, "column": 5 }
          },
          { "start": {}, "end": {} }
        ],
        "line": 19
      },
      "1": {
        "loc": {
          "start": { "line": 19, "column": 8 },
          "end": { "line": 19, "column": 30 }
        },
        "type": "binary-expr",
        "locations": [
          {
            "start": { "line": 19, "column": 8 },
            "end": { "line": 19, "column": 17 }
          },
          {
            "start": { "line": 19, "column": 21 },
            "end": { "line": 19, "column": 30 }
          }
        ],
        "line": 19
      },
      "2": {
        "loc": {
          "start": { "line": 23, "column": 4 },
          "end": { "line": 26, "column": 5 }
        },
        "type": "if",
        "locations": [
          {
            "start": { "line": 23, "column": 4 },
            "end": { "line": 26, "column": 5 }
          },
          { "start": {}, "end": {} }
        ],
        "line": 23
      },
      "3": {
        "loc": {
          "start": { "line": 27, "column": 4 },
          "end": { "line": 30, "column": 5 }
        },
        "type": "if",
        "locations": [
          {
            "start": { "line": 27, "column": 4 },
            "end": { "line": 30, "column": 5 }
          },
          { "start": {}, "end": {} }
        ],
        "line": 27
      },
      "4": {
        "loc": {
          "start": { "line": 31, "column": 4 },
          "end": { "line": 34, "column": 5 }
        },
        "type": "if",
        "locations": [
          {
            "start": { "line": 31, "column": 4 },
            "end": { "line": 34, "column": 5 }
          },
          { "start": {}, "end": {} }
        ],
        "line": 31
      },
      "5": {
        "loc": {
          "start": { "line": 47, "column": 4 },
          "end": { "line": 52, "column": 5 }
        },
        "type": "if",
        "locations": [
          {
            "start": { "line": 47, "column": 4 },
            "end": { "line": 52, "column": 5 }
          },
          { "start": {}, "end": {} }
        ],
        "line": 47
      },
      "6": {
        "loc": {
          "start": { "line": 49, "column": 18 },
          "end": { "line": 49, "column": 63 }
        },
        "type": "binary-expr",
        "locations": [
          {
            "start": { "line": 49, "column": 18 },
            "end": { "line": 49, "column": 28 }
          },
          {
            "start": { "line": 49, "column": 32 },
            "end": { "line": 49, "column": 44 }
          },
          {
            "start": { "line": 49, "column": 48 },
            "end": { "line": 49, "column": 63 }
          }
        ],
        "line": 49
      }
    },
    "s": {
      "0": 55,
      "1": 55,
      "2": 55,
      "3": 55,
      "4": 5,
      "5": 5,
      "6": 5,
      "7": 1,
      "8": 1,
      "9": 4,
      "10": 1,
      "11": 1,
      "12": 3,
      "13": 1,
      "14": 1,
      "15": 2,
      "16": 1,
      "17": 1,
      "18": 1,
      "19": 1,
      "20": 1,
      "21": 1,
      "22": 1,
      "23": 1,
      "24": 0,
      "25": 0,
      "26": 55,
      "27": 22,
      "28": 26
    },
    "f": { "0": 55, "1": 5, "2": 22, "3": 26 },
    "b": {
      "0": [1, 4],
      "1": [5, 2],
      "2": [1, 3],
      "3": [1, 2],
      "4": [1, 1],
      "5": [1, 0],
      "6": [1, 0, 0]
    },
    "_coverageSchema": "1a1c01bbd47fc00a2c39e90264f33305004495a9",
    "hash": "aa29c9070e92d3ea44d457d586050d30a9dab935"
  },
  "/Users/sean/School/CSC/CSC 307/Group Project/CSC-307-To-Do-App/packages/react-frontend/src/pages/DeletedTasksPage.jsx": {
    "path": "/Users/sean/School/CSC/CSC 307/Group Project/CSC-307-To-Do-App/packages/react-frontend/src/pages/DeletedTasksPage.jsx",
    "statementMap": {
      "0": {
        "start": { "line": 6, "column": 28 },
        "end": { "line": 6, "column": 40 }
      },
      "1": {
        "start": { "line": 7, "column": 19 },
        "end": { "line": 7, "column": 29 }
      },
      "2": {
        "start": { "line": 10, "column": 2 },
        "end": { "line": 30, "column": 9 }
      },
      "3": {
        "start": { "line": 11, "column": 4 },
        "end": { "line": 29, "column": 8 }
      },
      "4": {
        "start": { "line": 16, "column": 8 },
        "end": { "line": 16, "column": 54 }
      },
      "5": {
        "start": { "line": 16, "column": 21 },
        "end": { "line": 16, "column": 54 }
      },
      "6": {
        "start": { "line": 17, "column": 8 },
        "end": { "line": 17, "column": 26 }
      },
      "7": {
        "start": { "line": 20, "column": 21 },
        "end": { "line": 24, "column": 16 }
      },
      "8": {
        "start": { "line": 25, "column": 8 },
        "end": { "line": 25, "column": 23 }
      },
      "9": {
        "start": { "line": 28, "column": 8 },
        "end": { "line": 28, "column": 57 }
      },
      "10": {
        "start": { "line": 34, "column": 16 },
        "end": { "line": 34, "column": 33 }
      },
      "11": {
        "start": { "line": 36, "column": 4 },
        "end": { "line": 39, "column": 5 }
      },
      "12": {
        "start": { "line": 37, "column": 6 },
        "end": { "line": 37, "column": 37 }
      },
      "13": {
        "start": { "line": 38, "column": 6 },
        "end": { "line": 38, "column": 13 }
      },
      "14": {
        "start": { "line": 41, "column": 4 },
        "end": { "line": 58, "column": 60 }
      },
      "15": {
        "start": { "line": 49, "column": 8 },
        "end": { "line": 56, "column": 9 }
      },
      "16": {
        "start": { "line": 50, "column": 10 },
        "end": { "line": 52, "column": 12 }
      },
      "17": {
        "start": { "line": 51, "column": 12 },
        "end": { "line": 51, "column": 46 }
      },
      "18": {
        "start": { "line": 51, "column": 34 },
        "end": { "line": 51, "column": 45 }
      },
      "19": {
        "start": { "line": 53, "column": 10 },
        "end": { "line": 53, "column": 43 }
      },
      "20": {
        "start": { "line": 55, "column": 10 },
        "end": { "line": 55, "column": 41 }
      },
      "21": {
        "start": { "line": 58, "column": 22 },
        "end": { "line": 58, "column": 58 }
      },
      "22": {
        "start": { "line": 63, "column": 17 },
        "end": { "line": 63, "column": 29 }
      },
      "23": {
        "start": { "line": 64, "column": 4 },
        "end": { "line": 67, "column": 5 }
      },
      "24": {
        "start": { "line": 65, "column": 6 },
        "end": { "line": 65, "column": 40 }
      },
      "25": {
        "start": { "line": 66, "column": 6 },
        "end": { "line": 66, "column": 13 }
      },
      "26": {
        "start": { "line": 68, "column": 4 },
        "end": { "line": 85, "column": 5 }
      },
      "27": {
        "start": { "line": 69, "column": 18 },
        "end": { "line": 75, "column": 7 }
      },
      "28": {
        "start": { "line": 76, "column": 6 },
        "end": { "line": 81, "column": 7 }
      },
      "29": {
        "start": { "line": 77, "column": 8 },
        "end": { "line": 77, "column": 58 }
      },
      "30": {
        "start": { "line": 77, "column": 37 },
        "end": { "line": 77, "column": 55 }
      },
      "31": {
        "start": { "line": 78, "column": 8 },
        "end": { "line": 78, "column": 41 }
      },
      "32": {
        "start": { "line": 80, "column": 8 },
        "end": { "line": 80, "column": 56 }
      },
      "33": {
        "start": { "line": 84, "column": 6 },
        "end": { "line": 84, "column": 13 }
      },
      "34": {
        "start": { "line": 88, "column": 2 },
        "end": { "line": 129, "column": 4 }
      },
      "35": {
        "start": { "line": 102, "column": 12 },
        "end": { "line": 124, "column": 17 }
      },
      "36": {
        "start": { "line": 115, "column": 39 },
        "end": { "line": 115, "column": 56 }
      },
      "37": {
        "start": { "line": 120, "column": 39 },
        "end": { "line": 120, "column": 51 }
      }
    },
    "fnMap": {
      "0": {
        "name": "DeletedTasksPage",
        "decl": {
          "start": { "line": 5, "column": 24 },
          "end": { "line": 5, "column": 40 }
        },
        "loc": {
          "start": { "line": 5, "column": 43 },
          "end": { "line": 130, "column": 1 }
        },
        "line": 5
      },
      "1": {
        "name": "(anonymous_1)",
        "decl": {
          "start": { "line": 10, "column": 12 },
          "end": { "line": 10, "column": 13 }
        },
        "loc": {
          "start": { "line": 10, "column": 18 },
          "end": { "line": 30, "column": 3 }
        },
        "line": 10
      },
      "2": {
        "name": "(anonymous_2)",
        "decl": {
          "start": { "line": 15, "column": 12 },
          "end": { "line": 15, "column": 13 }
        },
        "loc": {
          "start": { "line": 15, "column": 21 },
          "end": { "line": 18, "column": 7 }
        },
        "line": 15
      },
      "3": {
        "name": "(anonymous_3)",
        "decl": {
          "start": { "line": 19, "column": 12 },
          "end": { "line": 19, "column": 13 }
        },
        "loc": {
          "start": { "line": 19, "column": 22 },
          "end": { "line": 26, "column": 7 }
        },
        "line": 19
      },
      "4": {
        "name": "(anonymous_4)",
        "decl": {
          "start": { "line": 27, "column": 13 },
          "end": { "line": 27, "column": 14 }
        },
        "loc": {
          "start": { "line": 28, "column": 8 },
          "end": { "line": 28, "column": 57 }
        },
        "line": 28
      },
      "5": {
        "name": "restoreOneTask",
        "decl": {
          "start": { "line": 33, "column": 11 },
          "end": { "line": 33, "column": 25 }
        },
        "loc": {
          "start": { "line": 33, "column": 33 },
          "end": { "line": 59, "column": 3 }
        },
        "line": 33
      },
      "6": {
        "name": "(anonymous_6)",
        "decl": {
          "start": { "line": 48, "column": 12 },
          "end": { "line": 48, "column": 13 }
        },
        "loc": {
          "start": { "line": 48, "column": 21 },
          "end": { "line": 57, "column": 7 }
        },
        "line": 48
      },
      "7": {
        "name": "(anonymous_7)",
        "decl": {
          "start": { "line": 50, "column": 19 },
          "end": { "line": 50, "column": 20 }
        },
        "loc": {
          "start": { "line": 51, "column": 12 },
          "end": { "line": 51, "column": 46 }
        },
        "line": 51
      },
      "8": {
        "name": "(anonymous_8)",
        "decl": {
          "start": { "line": 51, "column": 24 },
          "end": { "line": 51, "column": 25 }
        },
        "loc": {
          "start": { "line": 51, "column": 34 },
          "end": { "line": 51, "column": 45 }
        },
        "line": 51
      },
      "9": {
        "name": "(anonymous_9)",
        "decl": {
          "start": { "line": 58, "column": 13 },
          "end": { "line": 58, "column": 14 }
        },
        "loc": {
          "start": { "line": 58, "column": 22 },
          "end": { "line": 58, "column": 58 }
        },
        "line": 58
      },
      "10": {
        "name": "deleteOne",
        "decl": {
          "start": { "line": 62, "column": 17 },
          "end": { "line": 62, "column": 26 }
        },
        "loc": {
          "start": { "line": 62, "column": 34 },
          "end": { "line": 86, "column": 3 }
        },
        "line": 62
      },
      "11": {
        "name": "(anonymous_11)",
        "decl": {
          "start": { "line": 77, "column": 30 },
          "end": { "line": 77, "column": 31 }
        },
        "loc": {
          "start": { "line": 77, "column": 37 },
          "end": { "line": 77, "column": 55 }
        },
        "line": 77
      },
      "12": {
        "name": "(anonymous_12)",
        "decl": {
          "start": { "line": 101, "column": 21 },
          "end": { "line": 101, "column": 22 }
        },
        "loc": {
          "start": { "line": 102, "column": 12 },
          "end": { "line": 124, "column": 17 }
        },
        "line": 102
      },
      "13": {
        "name": "(anonymous_13)",
        "decl": {
          "start": { "line": 115, "column": 33 },
          "end": { "line": 115, "column": 34 }
        },
        "loc": {
          "start": { "line": 115, "column": 39 },
          "end": { "line": 115, "column": 56 }
        },
        "line": 115
      },
      "14": {
        "name": "(anonymous_14)",
        "decl": {
          "start": { "line": 120, "column": 33 },
          "end": { "line": 120, "column": 34 }
        },
        "loc": {
          "start": { "line": 120, "column": 39 },
          "end": { "line": 120, "column": 51 }
        },
        "line": 120
      }
    },
    "branchMap": {
      "0": {
        "loc": {
          "start": { "line": 16, "column": 8 },
          "end": { "line": 16, "column": 54 }
        },
        "type": "if",
        "locations": [
          {
            "start": { "line": 16, "column": 8 },
            "end": { "line": 16, "column": 54 }
          },
          { "start": {}, "end": {} }
        ],
        "line": 16
      },
      "1": {
        "loc": {
          "start": { "line": 20, "column": 21 },
          "end": { "line": 24, "column": 16 }
        },
        "type": "cond-expr",
        "locations": [
          {
            "start": { "line": 21, "column": 12 },
            "end": { "line": 21, "column": 16 }
          },
          {
            "start": { "line": 22, "column": 12 },
            "end": { "line": 24, "column": 16 }
          }
        ],
        "line": 20
      },
      "2": {
        "loc": {
          "start": { "line": 22, "column": 12 },
          "end": { "line": 24, "column": 16 }
        },
        "type": "cond-expr",
        "locations": [
          {
            "start": { "line": 23, "column": 14 },
            "end": { "line": 23, "column": 29 }
          },
          {
            "start": { "line": 24, "column": 14 },
            "end": { "line": 24, "column": 16 }
          }
        ],
        "line": 22
      },
      "3": {
        "loc": {
          "start": { "line": 36, "column": 4 },
          "end": { "line": 39, "column": 5 }
        },
        "type": "if",
        "locations": [
          {
            "start": { "line": 36, "column": 4 },
            "end": { "line": 39, "column": 5 }
          },
          { "start": {}, "end": {} }
        ],
        "line": 36
      },
      "4": {
        "loc": {
          "start": { "line": 49, "column": 8 },
          "end": { "line": 56, "column": 9 }
        },
        "type": "if",
        "locations": [
          {
            "start": { "line": 49, "column": 8 },
            "end": { "line": 56, "column": 9 }
          },
          {
            "start": { "line": 54, "column": 15 },
            "end": { "line": 56, "column": 9 }
          }
        ],
        "line": 49
      },
      "5": {
        "loc": {
          "start": { "line": 64, "column": 4 },
          "end": { "line": 67, "column": 5 }
        },
        "type": "if",
        "locations": [
          {
            "start": { "line": 64, "column": 4 },
            "end": { "line": 67, "column": 5 }
          },
          { "start": {}, "end": {} }
        ],
        "line": 64
      },
      "6": {
        "loc": {
          "start": { "line": 76, "column": 6 },
          "end": { "line": 81, "column": 7 }
        },
        "type": "if",
        "locations": [
          {
            "start": { "line": 76, "column": 6 },
            "end": { "line": 81, "column": 7 }
          },
          {
            "start": { "line": 79, "column": 13 },
            "end": { "line": 81, "column": 7 }
          }
        ],
        "line": 76
      },
      "7": {
        "loc": {
          "start": { "line": 102, "column": 21 },
          "end": { "line": 102, "column": 50 }
        },
        "type": "binary-expr",
        "locations": [
          {
            "start": { "line": 102, "column": 21 },
            "end": { "line": 102, "column": 28 }
          },
          {
            "start": { "line": 102, "column": 32 },
            "end": { "line": 102, "column": 50 }
          }
        ],
        "line": 102
      }
    },
    "s": {
      "0": 16,
      "1": 16,
      "2": 16,
      "3": 8,
      "4": 8,
      "5": 1,
      "6": 7,
      "7": 7,
      "8": 7,
      "9": 1,
      "10": 2,
      "11": 2,
      "12": 0,
      "13": 0,
      "14": 2,
      "15": 2,
      "16": 1,
      "17": 1,
      "18": 1,
      "19": 1,
      "20": 1,
      "21": 0,
      "22": 2,
      "23": 2,
      "24": 0,
      "25": 0,
      "26": 2,
      "27": 2,
      "28": 2,
      "29": 1,
      "30": 1,
      "31": 1,
      "32": 1,
      "33": 1,
      "34": 16,
      "35": 6,
      "36": 2,
      "37": 2
    },
    "f": {
      "0": 16,
      "1": 8,
      "2": 8,
      "3": 7,
      "4": 1,
      "5": 2,
      "6": 2,
      "7": 1,
      "8": 1,
      "9": 0,
      "10": 2,
      "11": 1,
      "12": 6,
      "13": 2,
      "14": 2
    },
    "b": {
      "0": [1, 7],
      "1": [6, 1],
      "2": [0, 1],
      "3": [0, 2],
      "4": [1, 1],
      "5": [0, 2],
      "6": [1, 1],
      "7": [6, 0]
    },
    "_coverageSchema": "1a1c01bbd47fc00a2c39e90264f33305004495a9",
    "hash": "f1dfdb342ca11fcc6b93689a76db932d49e584af"
  },
  "/Users/sean/School/CSC/CSC 307/Group Project/CSC-307-To-Do-App/packages/react-frontend/src/pages/FolderTasksPage.jsx": {
    "path": "/Users/sean/School/CSC/CSC 307/Group Project/CSC-307-To-Do-App/packages/react-frontend/src/pages/FolderTasksPage.jsx",
    "statementMap": {
      "0": {
        "start": { "line": 7, "column": 23 },
        "end": { "line": 7, "column": 34 }
      },
      "1": {
        "start": { "line": 8, "column": 19 },
        "end": { "line": 8, "column": 32 }
      },
      "2": {
        "start": { "line": 9, "column": 30 },
        "end": { "line": 9, "column": 44 }
      },
      "3": {
        "start": { "line": 10, "column": 28 },
        "end": { "line": 10, "column": 40 }
      },
      "4": {
        "start": { "line": 11, "column": 40 },
        "end": { "line": 11, "column": 52 }
      },
      "5": {
        "start": { "line": 12, "column": 40 },
        "end": { "line": 12, "column": 52 }
      },
      "6": {
        "start": { "line": 13, "column": 44 },
        "end": { "line": 13, "column": 60 }
      },
      "7": {
        "start": { "line": 14, "column": 32 },
        "end": { "line": 14, "column": 46 }
      },
      "8": {
        "start": { "line": 15, "column": 19 },
        "end": { "line": 15, "column": 29 }
      },
      "9": {
        "start": { "line": 18, "column": 2 },
        "end": { "line": 46, "column": 17 }
      },
      "10": {
        "start": { "line": 19, "column": 4 },
        "end": { "line": 45, "column": 9 }
      },
      "11": {
        "start": { "line": 32, "column": 8 },
        "end": { "line": 32, "column": 57 }
      },
      "12": {
        "start": { "line": 35, "column": 8 },
        "end": { "line": 35, "column": 60 }
      },
      "13": {
        "start": { "line": 36, "column": 30 },
        "end": { "line": 38, "column": 9 }
      },
      "14": {
        "start": { "line": 37, "column": 17 },
        "end": { "line": 37, "column": 35 }
      },
      "15": {
        "start": { "line": 39, "column": 8 },
        "end": { "line": 39, "column": 33 }
      },
      "16": {
        "start": { "line": 40, "column": 8 },
        "end": { "line": 40, "column": 26 }
      },
      "17": {
        "start": { "line": 43, "column": 8 },
        "end": { "line": 43, "column": 43 }
      },
      "18": {
        "start": { "line": 44, "column": 8 },
        "end": { "line": 44, "column": 26 }
      },
      "19": {
        "start": { "line": 50, "column": 4 },
        "end": { "line": 53, "column": 5 }
      },
      "20": {
        "start": { "line": 51, "column": 6 },
        "end": { "line": 51, "column": 59 }
      },
      "21": {
        "start": { "line": 52, "column": 6 },
        "end": { "line": 52, "column": 13 }
      },
      "22": {
        "start": { "line": 55, "column": 4 },
        "end": { "line": 81, "column": 5 }
      },
      "23": {
        "start": { "line": 56, "column": 18 },
        "end": { "line": 69, "column": 7 }
      },
      "24": {
        "start": { "line": 71, "column": 6 },
        "end": { "line": 78, "column": 7 }
      },
      "25": {
        "start": { "line": 72, "column": 24 },
        "end": { "line": 72, "column": 40 }
      },
      "26": {
        "start": { "line": 73, "column": 8 },
        "end": { "line": 73, "column": 55 }
      },
      "27": {
        "start": { "line": 74, "column": 8 },
        "end": { "line": 74, "column": 27 }
      },
      "28": {
        "start": { "line": 75, "column": 8 },
        "end": { "line": 75, "column": 27 }
      },
      "29": {
        "start": { "line": 76, "column": 8 },
        "end": { "line": 76, "column": 40 }
      },
      "30": {
        "start": { "line": 77, "column": 8 },
        "end": { "line": 77, "column": 33 }
      },
      "31": {
        "start": { "line": 80, "column": 6 },
        "end": { "line": 80, "column": 44 }
      },
      "32": {
        "start": { "line": 88, "column": 4 },
        "end": { "line": 149, "column": 5 }
      },
      "33": {
        "start": { "line": 90, "column": 6 },
        "end": { "line": 115, "column": 7 }
      },
      "34": {
        "start": { "line": 95, "column": 25 },
        "end": { "line": 98, "column": 9 }
      },
      "35": {
        "start": { "line": 101, "column": 8 },
        "end": { "line": 114, "column": 10 }
      },
      "36": {
        "start": { "line": 117, "column": 18 },
        "end": { "line": 125, "column": 7 }
      },
      "37": {
        "start": { "line": 127, "column": 6 },
        "end": { "line": 146, "column": 7 }
      },
      "38": {
        "start": { "line": 128, "column": 24 },
        "end": { "line": 128, "column": 40 }
      },
      "39": {
        "start": { "line": 129, "column": 8 },
        "end": { "line": 131, "column": 10 }
      },
      "40": {
        "start": { "line": 130, "column": 28 },
        "end": { "line": 130, "column": 58 }
      },
      "41": {
        "start": { "line": 134, "column": 8 },
        "end": { "line": 145, "column": 9 }
      },
      "42": {
        "start": { "line": 139, "column": 27 },
        "end": { "line": 142, "column": 11 }
      },
      "43": {
        "start": { "line": 143, "column": 28 },
        "end": { "line": 143, "column": 49 }
      },
      "44": {
        "start": { "line": 144, "column": 10 },
        "end": { "line": 144, "column": 62 }
      },
      "45": {
        "start": { "line": 148, "column": 6 },
        "end": { "line": 148, "column": 47 }
      },
      "46": {
        "start": { "line": 153, "column": 17 },
        "end": { "line": 153, "column": 38 }
      },
      "47": {
        "start": { "line": 155, "column": 4 },
        "end": { "line": 159, "column": 5 }
      },
      "48": {
        "start": { "line": 156, "column": 6 },
        "end": { "line": 156, "column": 39 }
      },
      "49": {
        "start": { "line": 157, "column": 11 },
        "end": { "line": 159, "column": 5 }
      },
      "50": {
        "start": { "line": 158, "column": 6 },
        "end": { "line": 158, "column": 39 }
      },
      "51": {
        "start": { "line": 161, "column": 4 },
        "end": { "line": 161, "column": 44 }
      },
      "52": {
        "start": { "line": 166, "column": 4 },
        "end": { "line": 181, "column": 5 }
      },
      "53": {
        "start": { "line": 167, "column": 18 },
        "end": { "line": 173, "column": 7 }
      },
      "54": {
        "start": { "line": 175, "column": 6 },
        "end": { "line": 178, "column": 7 }
      },
      "55": {
        "start": { "line": 176, "column": 8 },
        "end": { "line": 176, "column": 56 }
      },
      "56": {
        "start": { "line": 176, "column": 37 },
        "end": { "line": 176, "column": 53 }
      },
      "57": {
        "start": { "line": 177, "column": 8 },
        "end": { "line": 177, "column": 40 }
      },
      "58": {
        "start": { "line": 180, "column": 6 },
        "end": { "line": 180, "column": 47 }
      },
      "59": {
        "start": { "line": 186, "column": 20 },
        "end": { "line": 186, "column": 53 }
      },
      "60": {
        "start": { "line": 187, "column": 4 },
        "end": { "line": 187, "column": 52 }
      },
      "61": {
        "start": { "line": 187, "column": 45 },
        "end": { "line": 187, "column": 52 }
      },
      "62": {
        "start": { "line": 189, "column": 4 },
        "end": { "line": 209, "column": 5 }
      },
      "63": {
        "start": { "line": 190, "column": 18 },
        "end": { "line": 198, "column": 7 }
      },
      "64": {
        "start": { "line": 200, "column": 6 },
        "end": { "line": 206, "column": 7 }
      },
      "65": {
        "start": { "line": 201, "column": 24 },
        "end": { "line": 201, "column": 40 }
      },
      "66": {
        "start": { "line": 202, "column": 8 },
        "end": { "line": 204, "column": 10 }
      },
      "67": {
        "start": { "line": 203, "column": 28 },
        "end": { "line": 203, "column": 58 }
      },
      "68": {
        "start": { "line": 205, "column": 8 },
        "end": { "line": 205, "column": 40 }
      },
      "69": {
        "start": { "line": 208, "column": 6 },
        "end": { "line": 208, "column": 45 }
      },
      "70": {
        "start": { "line": 213, "column": 38 },
        "end": { "line": 213, "column": 53 }
      },
      "71": {
        "start": { "line": 217, "column": 16 },
        "end": { "line": 217, "column": 26 }
      },
      "72": {
        "start": { "line": 218, "column": 18 },
        "end": { "line": 218, "column": 31 }
      },
      "73": {
        "start": { "line": 219, "column": 4 },
        "end": { "line": 219, "column": 39 }
      },
      "74": {
        "start": { "line": 220, "column": 21 },
        "end": { "line": 220, "column": 36 }
      },
      "75": {
        "start": { "line": 221, "column": 4 },
        "end": { "line": 221, "column": 45 }
      },
      "76": {
        "start": { "line": 222, "column": 21 },
        "end": { "line": 222, "column": 36 }
      },
      "77": {
        "start": { "line": 223, "column": 4 },
        "end": { "line": 223, "column": 45 }
      },
      "78": {
        "start": { "line": 225, "column": 4 },
        "end": { "line": 232, "column": 5 }
      },
      "79": {
        "start": { "line": 228, "column": 6 },
        "end": { "line": 231, "column": 9 }
      },
      "80": {
        "start": { "line": 229, "column": 21 },
        "end": { "line": 229, "column": 37 }
      },
      "81": {
        "start": { "line": 230, "column": 8 },
        "end": { "line": 230, "column": 48 }
      },
      "82": {
        "start": { "line": 234, "column": 4 },
        "end": { "line": 242, "column": 5 }
      },
      "83": {
        "start": { "line": 236, "column": 19 },
        "end": { "line": 236, "column": 37 }
      },
      "84": {
        "start": { "line": 237, "column": 6 },
        "end": { "line": 237, "column": 39 }
      },
      "85": {
        "start": { "line": 238, "column": 6 },
        "end": { "line": 241, "column": 9 }
      },
      "86": {
        "start": { "line": 239, "column": 21 },
        "end": { "line": 239, "column": 37 }
      },
      "87": {
        "start": { "line": 240, "column": 8 },
        "end": { "line": 240, "column": 47 }
      },
      "88": {
        "start": { "line": 244, "column": 4 },
        "end": { "line": 250, "column": 5 }
      },
      "89": {
        "start": { "line": 246, "column": 6 },
        "end": { "line": 249, "column": 9 }
      },
      "90": {
        "start": { "line": 247, "column": 21 },
        "end": { "line": 247, "column": 37 }
      },
      "91": {
        "start": { "line": 248, "column": 8 },
        "end": { "line": 248, "column": 49 }
      },
      "92": {
        "start": { "line": 252, "column": 4 },
        "end": { "line": 252, "column": 44 }
      },
      "93": {
        "start": { "line": 252, "column": 26 },
        "end": { "line": 252, "column": 44 }
      },
      "94": {
        "start": { "line": 254, "column": 4 },
        "end": { "line": 259, "column": 5 }
      },
      "95": {
        "start": { "line": 255, "column": 6 },
        "end": { "line": 258, "column": 9 }
      },
      "96": {
        "start": { "line": 256, "column": 21 },
        "end": { "line": 256, "column": 37 }
      },
      "97": {
        "start": { "line": 257, "column": 8 },
        "end": { "line": 257, "column": 28 }
      },
      "98": {
        "start": { "line": 261, "column": 4 },
        "end": { "line": 265, "column": 7 }
      },
      "99": {
        "start": { "line": 262, "column": 20 },
        "end": { "line": 262, "column": 36 }
      },
      "100": {
        "start": { "line": 263, "column": 20 },
        "end": { "line": 263, "column": 36 }
      },
      "101": {
        "start": { "line": 264, "column": 6 },
        "end": { "line": 264, "column": 62 }
      },
      "102": {
        "start": { "line": 269, "column": 19 },
        "end": { "line": 269, "column": 33 }
      },
      "103": {
        "start": { "line": 270, "column": 4 },
        "end": { "line": 270, "column": 26 }
      },
      "104": {
        "start": { "line": 273, "column": 25 },
        "end": { "line": 273, "column": 46 }
      },
      "105": {
        "start": { "line": 275, "column": 2 },
        "end": { "line": 282, "column": 3 }
      },
      "106": {
        "start": { "line": 276, "column": 4 },
        "end": { "line": 281, "column": 6 }
      },
      "107": {
        "start": { "line": 284, "column": 2 },
        "end": { "line": 294, "column": 3 }
      },
      "108": {
        "start": { "line": 285, "column": 4 },
        "end": { "line": 293, "column": 6 }
      },
      "109": {
        "start": { "line": 289, "column": 31 },
        "end": { "line": 289, "column": 51 }
      },
      "110": {
        "start": { "line": 297, "column": 20 },
        "end": { "line": 297, "column": 34 }
      },
      "111": {
        "start": { "line": 298, "column": 16 },
        "end": { "line": 298, "column": 26 }
      },
      "112": {
        "start": { "line": 299, "column": 4 },
        "end": { "line": 299, "column": 35 }
      },
      "113": {
        "start": { "line": 300, "column": 4 },
        "end": { "line": 300, "column": 25 }
      },
      "114": {
        "start": { "line": 305, "column": 4 },
        "end": { "line": 305, "column": 44 }
      },
      "115": {
        "start": { "line": 305, "column": 32 },
        "end": { "line": 305, "column": 44 }
      },
      "116": {
        "start": { "line": 306, "column": 4 },
        "end": { "line": 306, "column": 45 }
      },
      "117": {
        "start": { "line": 306, "column": 33 },
        "end": { "line": 306, "column": 45 }
      },
      "118": {
        "start": { "line": 307, "column": 4 },
        "end": { "line": 307, "column": 14 }
      },
      "119": {
        "start": { "line": 310, "column": 2 },
        "end": { "line": 638, "column": 4 }
      },
      "120": {
        "start": { "line": 315, "column": 23 },
        "end": { "line": 315, "column": 43 }
      },
      "121": {
        "start": { "line": 417, "column": 16 },
        "end": { "line": 530, "column": 21 }
      },
      "122": {
        "start": { "line": 431, "column": 24 },
        "end": { "line": 431, "column": 61 }
      },
      "123": {
        "start": { "line": 456, "column": 22 },
        "end": { "line": 456, "column": 51 }
      },
      "124": {
        "start": { "line": 498, "column": 24 },
        "end": { "line": 498, "column": 53 }
      },
      "125": {
        "start": { "line": 515, "column": 37 },
        "end": { "line": 515, "column": 57 }
      },
      "126": {
        "start": { "line": 569, "column": 29 },
        "end": { "line": 569, "column": 59 }
      },
      "127": {
        "start": { "line": 570, "column": 31 },
        "end": { "line": 570, "column": 61 }
      },
      "128": {
        "start": { "line": 584, "column": 29 },
        "end": { "line": 584, "column": 59 }
      },
      "129": {
        "start": { "line": 594, "column": 29 },
        "end": { "line": 594, "column": 61 }
      },
      "130": {
        "start": { "line": 625, "column": 23 },
        "end": { "line": 625, "column": 49 }
      }
    },
    "fnMap": {
      "0": {
        "name": "FolderTasksPage",
        "decl": {
          "start": { "line": 6, "column": 24 },
          "end": { "line": 6, "column": 39 }
        },
        "loc": {
          "start": { "line": 6, "column": 42 },
          "end": { "line": 639, "column": 1 }
        },
        "line": 6
      },
      "1": {
        "name": "(anonymous_1)",
        "decl": {
          "start": { "line": 18, "column": 12 },
          "end": { "line": 18, "column": 13 }
        },
        "loc": {
          "start": { "line": 18, "column": 18 },
          "end": { "line": 46, "column": 3 }
        },
        "line": 18
      },
      "2": {
        "name": "(anonymous_2)",
        "decl": {
          "start": { "line": 31, "column": 12 },
          "end": { "line": 31, "column": 13 }
        },
        "loc": {
          "start": { "line": 32, "column": 8 },
          "end": { "line": 32, "column": 57 }
        },
        "line": 32
      },
      "3": {
        "name": "(anonymous_3)",
        "decl": {
          "start": { "line": 34, "column": 12 },
          "end": { "line": 34, "column": 13 }
        },
        "loc": {
          "start": { "line": 34, "column": 42 },
          "end": { "line": 41, "column": 7 }
        },
        "line": 34
      },
      "4": {
        "name": "(anonymous_4)",
        "decl": {
          "start": { "line": 37, "column": 10 },
          "end": { "line": 37, "column": 11 }
        },
        "loc": {
          "start": { "line": 37, "column": 17 },
          "end": { "line": 37, "column": 35 }
        },
        "line": 37
      },
      "5": {
        "name": "(anonymous_5)",
        "decl": {
          "start": { "line": 42, "column": 13 },
          "end": { "line": 42, "column": 14 }
        },
        "loc": {
          "start": { "line": 42, "column": 22 },
          "end": { "line": 45, "column": 7 }
        },
        "line": 42
      },
      "6": {
        "name": "addTask",
        "decl": {
          "start": { "line": 49, "column": 17 },
          "end": { "line": 49, "column": 24 }
        },
        "loc": {
          "start": { "line": 49, "column": 27 },
          "end": { "line": 82, "column": 3 }
        },
        "line": 49
      },
      "7": {
        "name": "toggleTask",
        "decl": {
          "start": { "line": 85, "column": 17 },
          "end": { "line": 85, "column": 27 }
        },
        "loc": {
          "start": { "line": 85, "column": 55 },
          "end": { "line": 150, "column": 3 }
        },
        "line": 85
      },
      "8": {
        "name": "(anonymous_8)",
        "decl": {
          "start": { "line": 130, "column": 20 },
          "end": { "line": 130, "column": 21 }
        },
        "loc": {
          "start": { "line": 130, "column": 28 },
          "end": { "line": 130, "column": 58 }
        },
        "line": 130
      },
      "9": {
        "name": "calculateNextDate",
        "decl": {
          "start": { "line": 152, "column": 11 },
          "end": { "line": 152, "column": 28 }
        },
        "loc": {
          "start": { "line": 152, "column": 54 },
          "end": { "line": 162, "column": 3 }
        },
        "line": 152
      },
      "10": {
        "name": "deleteTask",
        "decl": {
          "start": { "line": 165, "column": 17 },
          "end": { "line": 165, "column": 27 }
        },
        "loc": {
          "start": { "line": 165, "column": 36 },
          "end": { "line": 182, "column": 3 }
        },
        "line": 165
      },
      "11": {
        "name": "(anonymous_11)",
        "decl": {
          "start": { "line": 176, "column": 30 },
          "end": { "line": 176, "column": 31 }
        },
        "loc": {
          "start": { "line": 176, "column": 37 },
          "end": { "line": 176, "column": 53 }
        },
        "line": 176
      },
      "12": {
        "name": "editTask",
        "decl": {
          "start": { "line": 185, "column": 17 },
          "end": { "line": 185, "column": 25 }
        },
        "loc": {
          "start": { "line": 185, "column": 47 },
          "end": { "line": 210, "column": 3 }
        },
        "line": 185
      },
      "13": {
        "name": "(anonymous_13)",
        "decl": {
          "start": { "line": 203, "column": 20 },
          "end": { "line": 203, "column": 21 }
        },
        "loc": {
          "start": { "line": 203, "column": 28 },
          "end": { "line": 203, "column": 58 }
        },
        "line": 203
      },
      "14": {
        "name": "sortTasks",
        "decl": {
          "start": { "line": 216, "column": 11 },
          "end": { "line": 216, "column": 20 }
        },
        "loc": {
          "start": { "line": 216, "column": 29 },
          "end": { "line": 266, "column": 3 }
        },
        "line": 216
      },
      "15": {
        "name": "(anonymous_15)",
        "decl": {
          "start": { "line": 228, "column": 26 },
          "end": { "line": 228, "column": 27 }
        },
        "loc": {
          "start": { "line": 228, "column": 33 },
          "end": { "line": 231, "column": 7 }
        },
        "line": 228
      },
      "16": {
        "name": "(anonymous_16)",
        "decl": {
          "start": { "line": 238, "column": 26 },
          "end": { "line": 238, "column": 27 }
        },
        "loc": {
          "start": { "line": 238, "column": 33 },
          "end": { "line": 241, "column": 7 }
        },
        "line": 238
      },
      "17": {
        "name": "(anonymous_17)",
        "decl": {
          "start": { "line": 246, "column": 26 },
          "end": { "line": 246, "column": 27 }
        },
        "loc": {
          "start": { "line": 246, "column": 33 },
          "end": { "line": 249, "column": 7 }
        },
        "line": 246
      },
      "18": {
        "name": "(anonymous_18)",
        "decl": {
          "start": { "line": 255, "column": 26 },
          "end": { "line": 255, "column": 27 }
        },
        "loc": {
          "start": { "line": 255, "column": 33 },
          "end": { "line": 258, "column": 7 }
        },
        "line": 255
      },
      "19": {
        "name": "(anonymous_19)",
        "decl": {
          "start": { "line": 261, "column": 27 },
          "end": { "line": 261, "column": 28 }
        },
        "loc": {
          "start": { "line": 261, "column": 37 },
          "end": { "line": 265, "column": 5 }
        },
        "line": 261
      },
      "20": {
        "name": "handleSortChange",
        "decl": {
          "start": { "line": 268, "column": 11 },
          "end": { "line": 268, "column": 27 }
        },
        "loc": {
          "start": { "line": 268, "column": 31 },
          "end": { "line": 271, "column": 3 }
        },
        "line": 268
      },
      "21": {
        "name": "(anonymous_21)",
        "decl": {
          "start": { "line": 289, "column": 25 },
          "end": { "line": 289, "column": 26 }
        },
        "loc": {
          "start": { "line": 289, "column": 31 },
          "end": { "line": 289, "column": 51 }
        },
        "line": 289
      },
      "22": {
        "name": "overdue",
        "decl": {
          "start": { "line": 296, "column": 11 },
          "end": { "line": 296, "column": 18 }
        },
        "loc": {
          "start": { "line": 296, "column": 25 },
          "end": { "line": 301, "column": 3 }
        },
        "line": 296
      },
      "23": {
        "name": "getRepeatIcon",
        "decl": {
          "start": { "line": 304, "column": 11 },
          "end": { "line": 304, "column": 24 }
        },
        "loc": {
          "start": { "line": 304, "column": 37 },
          "end": { "line": 308, "column": 3 }
        },
        "line": 304
      },
      "24": {
        "name": "(anonymous_24)",
        "decl": {
          "start": { "line": 315, "column": 17 },
          "end": { "line": 315, "column": 18 }
        },
        "loc": {
          "start": { "line": 315, "column": 23 },
          "end": { "line": 315, "column": 43 }
        },
        "line": 315
      },
      "25": {
        "name": "(anonymous_25)",
        "decl": {
          "start": { "line": 416, "column": 34 },
          "end": { "line": 416, "column": 35 }
        },
        "loc": {
          "start": { "line": 417, "column": 16 },
          "end": { "line": 530, "column": 21 }
        },
        "line": 417
      },
      "26": {
        "name": "(anonymous_26)",
        "decl": {
          "start": { "line": 430, "column": 32 },
          "end": { "line": 430, "column": 33 }
        },
        "loc": {
          "start": { "line": 431, "column": 24 },
          "end": { "line": 431, "column": 61 }
        },
        "line": 431
      },
      "27": {
        "name": "(anonymous_27)",
        "decl": {
          "start": { "line": 455, "column": 29 },
          "end": { "line": 455, "column": 30 }
        },
        "loc": {
          "start": { "line": 456, "column": 22 },
          "end": { "line": 456, "column": 51 }
        },
        "line": 456
      },
      "28": {
        "name": "(anonymous_28)",
        "decl": {
          "start": { "line": 497, "column": 31 },
          "end": { "line": 497, "column": 32 }
        },
        "loc": {
          "start": { "line": 498, "column": 24 },
          "end": { "line": 498, "column": 53 }
        },
        "line": 498
      },
      "29": {
        "name": "(anonymous_29)",
        "decl": {
          "start": { "line": 515, "column": 31 },
          "end": { "line": 515, "column": 32 }
        },
        "loc": {
          "start": { "line": 515, "column": 37 },
          "end": { "line": 515, "column": 57 }
        },
        "line": 515
      },
      "30": {
        "name": "(anonymous_30)",
        "decl": {
          "start": { "line": 569, "column": 22 },
          "end": { "line": 569, "column": 23 }
        },
        "loc": {
          "start": { "line": 569, "column": 29 },
          "end": { "line": 569, "column": 59 }
        },
        "line": 569
      },
      "31": {
        "name": "(anonymous_31)",
        "decl": {
          "start": { "line": 570, "column": 24 },
          "end": { "line": 570, "column": 25 }
        },
        "loc": {
          "start": { "line": 570, "column": 31 },
          "end": { "line": 570, "column": 61 }
        },
        "line": 570
      },
      "32": {
        "name": "(anonymous_32)",
        "decl": {
          "start": { "line": 584, "column": 22 },
          "end": { "line": 584, "column": 23 }
        },
        "loc": {
          "start": { "line": 584, "column": 29 },
          "end": { "line": 584, "column": 59 }
        },
        "line": 584
      },
      "33": {
        "name": "(anonymous_33)",
        "decl": {
          "start": { "line": 594, "column": 22 },
          "end": { "line": 594, "column": 23 }
        },
        "loc": {
          "start": { "line": 594, "column": 29 },
          "end": { "line": 594, "column": 61 }
        },
        "line": 594
      },
      "34": {
        "name": "(anonymous_34)",
        "decl": {
          "start": { "line": 625, "column": 17 },
          "end": { "line": 625, "column": 18 }
        },
        "loc": {
          "start": { "line": 625, "column": 23 },
          "end": { "line": 625, "column": 49 }
        },
        "line": 625
      }
    },
    "branchMap": {
      "0": {
        "loc": {
          "start": { "line": 35, "column": 17 },
          "end": { "line": 35, "column": 58 }
        },
        "type": "cond-expr",
        "locations": [
          {
            "start": { "line": 35, "column": 44 },
            "end": { "line": 35, "column": 53 }
          },
          {
            "start": { "line": 35, "column": 56 },
            "end": { "line": 35, "column": 58 }
          }
        ],
        "line": 35
      },
      "1": {
        "loc": {
          "start": { "line": 50, "column": 4 },
          "end": { "line": 53, "column": 5 }
        },
        "type": "if",
        "locations": [
          {
            "start": { "line": 50, "column": 4 },
            "end": { "line": 53, "column": 5 }
          },
          { "start": {}, "end": {} }
        ],
        "line": 50
      },
      "2": {
        "loc": {
          "start": { "line": 50, "column": 8 },
          "end": { "line": 50, "column": 43 }
        },
        "type": "binary-expr",
        "locations": [
          {
            "start": { "line": 50, "column": 8 },
            "end": { "line": 50, "column": 27 }
          },
          {
            "start": { "line": 50, "column": 31 },
            "end": { "line": 50, "column": 43 }
          }
        ],
        "line": 50
      },
      "3": {
        "loc": {
          "start": { "line": 71, "column": 6 },
          "end": { "line": 78, "column": 7 }
        },
        "type": "if",
        "locations": [
          {
            "start": { "line": 71, "column": 6 },
            "end": { "line": 78, "column": 7 }
          },
          { "start": {}, "end": {} }
        ],
        "line": 71
      },
      "4": {
        "loc": {
          "start": { "line": 71, "column": 10 },
          "end": { "line": 71, "column": 50 }
        },
        "type": "binary-expr",
        "locations": [
          {
            "start": { "line": 71, "column": 10 },
            "end": { "line": 71, "column": 28 }
          },
          {
            "start": { "line": 71, "column": 32 },
            "end": { "line": 71, "column": 50 }
          }
        ],
        "line": 71
      },
      "5": {
        "loc": {
          "start": { "line": 73, "column": 28 },
          "end": { "line": 73, "column": 52 }
        },
        "type": "binary-expr",
        "locations": [
          {
            "start": { "line": 73, "column": 28 },
            "end": { "line": 73, "column": 41 }
          },
          {
            "start": { "line": 73, "column": 45 },
            "end": { "line": 73, "column": 52 }
          }
        ],
        "line": 73
      },
      "6": {
        "loc": {
          "start": { "line": 90, "column": 6 },
          "end": { "line": 115, "column": 7 }
        },
        "type": "if",
        "locations": [
          {
            "start": { "line": 90, "column": 6 },
            "end": { "line": 115, "column": 7 }
          },
          { "start": {}, "end": {} }
        ],
        "line": 90
      },
      "7": {
        "loc": {
          "start": { "line": 91, "column": 8 },
          "end": { "line": 93, "column": 30 }
        },
        "type": "binary-expr",
        "locations": [
          {
            "start": { "line": 91, "column": 8 },
            "end": { "line": 91, "column": 20 }
          },
          {
            "start": { "line": 92, "column": 8 },
            "end": { "line": 92, "column": 19 }
          },
          {
            "start": { "line": 93, "column": 8 },
            "end": { "line": 93, "column": 30 }
          }
        ],
        "line": 91
      },
      "8": {
        "loc": {
          "start": { "line": 127, "column": 6 },
          "end": { "line": 146, "column": 7 }
        },
        "type": "if",
        "locations": [
          {
            "start": { "line": 127, "column": 6 },
            "end": { "line": 146, "column": 7 }
          },
          { "start": {}, "end": {} }
        ],
        "line": 127
      },
      "9": {
        "loc": {
          "start": { "line": 130, "column": 28 },
          "end": { "line": 130, "column": 58 }
        },
        "type": "cond-expr",
        "locations": [
          {
            "start": { "line": 130, "column": 47 },
            "end": { "line": 130, "column": 54 }
          },
          {
            "start": { "line": 130, "column": 57 },
            "end": { "line": 130, "column": 58 }
          }
        ],
        "line": 130
      },
      "10": {
        "loc": {
          "start": { "line": 134, "column": 8 },
          "end": { "line": 145, "column": 9 }
        },
        "type": "if",
        "locations": [
          {
            "start": { "line": 134, "column": 8 },
            "end": { "line": 145, "column": 9 }
          },
          { "start": {}, "end": {} }
        ],
        "line": 134
      },
      "11": {
        "loc": {
          "start": { "line": 135, "column": 10 },
          "end": { "line": 137, "column": 32 }
        },
        "type": "binary-expr",
        "locations": [
          {
            "start": { "line": 135, "column": 10 },
            "end": { "line": 135, "column": 22 }
          },
          {
            "start": { "line": 136, "column": 10 },
            "end": { "line": 136, "column": 21 }
          },
          {
            "start": { "line": 137, "column": 10 },
            "end": { "line": 137, "column": 32 }
          }
        ],
        "line": 135
      },
      "12": {
        "loc": {
          "start": { "line": 144, "column": 19 },
          "end": { "line": 144, "column": 60 }
        },
        "type": "cond-expr",
        "locations": [
          {
            "start": { "line": 144, "column": 46 },
            "end": { "line": 144, "column": 55 }
          },
          {
            "start": { "line": 144, "column": 58 },
            "end": { "line": 144, "column": 60 }
          }
        ],
        "line": 144
      },
      "13": {
        "loc": {
          "start": { "line": 155, "column": 4 },
          "end": { "line": 159, "column": 5 }
        },
        "type": "if",
        "locations": [
          {
            "start": { "line": 155, "column": 4 },
            "end": { "line": 159, "column": 5 }
          },
          {
            "start": { "line": 157, "column": 11 },
            "end": { "line": 159, "column": 5 }
          }
        ],
        "line": 155
      },
      "14": {
        "loc": {
          "start": { "line": 157, "column": 11 },
          "end": { "line": 159, "column": 5 }
        },
        "type": "if",
        "locations": [
          {
            "start": { "line": 157, "column": 11 },
            "end": { "line": 159, "column": 5 }
          },
          { "start": {}, "end": {} }
        ],
        "line": 157
      },
      "15": {
        "loc": {
          "start": { "line": 175, "column": 6 },
          "end": { "line": 178, "column": 7 }
        },
        "type": "if",
        "locations": [
          {
            "start": { "line": 175, "column": 6 },
            "end": { "line": 178, "column": 7 }
          },
          { "start": {}, "end": {} }
        ],
        "line": 175
      },
      "16": {
        "loc": {
          "start": { "line": 187, "column": 4 },
          "end": { "line": 187, "column": 52 }
        },
        "type": "if",
        "locations": [
          {
            "start": { "line": 187, "column": 4 },
            "end": { "line": 187, "column": 52 }
          },
          { "start": {}, "end": {} }
        ],
        "line": 187
      },
      "17": {
        "loc": {
          "start": { "line": 187, "column": 8 },
          "end": { "line": 187, "column": 43 }
        },
        "type": "binary-expr",
        "locations": [
          {
            "start": { "line": 187, "column": 8 },
            "end": { "line": 187, "column": 16 }
          },
          {
            "start": { "line": 187, "column": 20 },
            "end": { "line": 187, "column": 43 }
          }
        ],
        "line": 187
      },
      "18": {
        "loc": {
          "start": { "line": 200, "column": 6 },
          "end": { "line": 206, "column": 7 }
        },
        "type": "if",
        "locations": [
          {
            "start": { "line": 200, "column": 6 },
            "end": { "line": 206, "column": 7 }
          },
          { "start": {}, "end": {} }
        ],
        "line": 200
      },
      "19": {
        "loc": {
          "start": { "line": 203, "column": 28 },
          "end": { "line": 203, "column": 58 }
        },
        "type": "cond-expr",
        "locations": [
          {
            "start": { "line": 203, "column": 47 },
            "end": { "line": 203, "column": 54 }
          },
          {
            "start": { "line": 203, "column": 57 },
            "end": { "line": 203, "column": 58 }
          }
        ],
        "line": 203
      },
      "20": {
        "loc": {
          "start": { "line": 225, "column": 4 },
          "end": { "line": 232, "column": 5 }
        },
        "type": "if",
        "locations": [
          {
            "start": { "line": 225, "column": 4 },
            "end": { "line": 232, "column": 5 }
          },
          { "start": {}, "end": {} }
        ],
        "line": 225
      },
      "21": {
        "loc": {
          "start": { "line": 230, "column": 15 },
          "end": { "line": 230, "column": 47 }
        },
        "type": "binary-expr",
        "locations": [
          {
            "start": { "line": 230, "column": 15 },
            "end": { "line": 230, "column": 28 }
          },
          {
            "start": { "line": 230, "column": 32 },
            "end": { "line": 230, "column": 47 }
          }
        ],
        "line": 230
      },
      "22": {
        "loc": {
          "start": { "line": 234, "column": 4 },
          "end": { "line": 242, "column": 5 }
        },
        "type": "if",
        "locations": [
          {
            "start": { "line": 234, "column": 4 },
            "end": { "line": 242, "column": 5 }
          },
          { "start": {}, "end": {} }
        ],
        "line": 234
      },
      "23": {
        "loc": {
          "start": { "line": 240, "column": 15 },
          "end": { "line": 240, "column": 46 }
        },
        "type": "binary-expr",
        "locations": [
          {
            "start": { "line": 240, "column": 15 },
            "end": { "line": 240, "column": 31 }
          },
          {
            "start": { "line": 240, "column": 35 },
            "end": { "line": 240, "column": 46 }
          }
        ],
        "line": 240
      },
      "24": {
        "loc": {
          "start": { "line": 244, "column": 4 },
          "end": { "line": 250, "column": 5 }
        },
        "type": "if",
        "locations": [
          {
            "start": { "line": 244, "column": 4 },
            "end": { "line": 250, "column": 5 }
          },
          { "start": {}, "end": {} }
        ],
        "line": 244
      },
      "25": {
        "loc": {
          "start": { "line": 248, "column": 15 },
          "end": { "line": 248, "column": 48 }
        },
        "type": "binary-expr",
        "locations": [
          {
            "start": { "line": 248, "column": 15 },
            "end": { "line": 248, "column": 28 }
          },
          {
            "start": { "line": 248, "column": 32 },
            "end": { "line": 248, "column": 48 }
          }
        ],
        "line": 248
      },
      "26": {
        "loc": {
          "start": { "line": 252, "column": 4 },
          "end": { "line": 252, "column": 44 }
        },
        "type": "if",
        "locations": [
          {
            "start": { "line": 252, "column": 4 },
            "end": { "line": 252, "column": 44 }
          },
          { "start": {}, "end": {} }
        ],
        "line": 252
      },
      "27": {
        "loc": {
          "start": { "line": 254, "column": 4 },
          "end": { "line": 259, "column": 5 }
        },
        "type": "if",
        "locations": [
          {
            "start": { "line": 254, "column": 4 },
            "end": { "line": 259, "column": 5 }
          },
          { "start": {}, "end": {} }
        ],
        "line": 254
      },
      "28": {
        "loc": {
          "start": { "line": 264, "column": 13 },
          "end": { "line": 264, "column": 61 }
        },
        "type": "cond-expr",
        "locations": [
          {
            "start": { "line": 264, "column": 32 },
            "end": { "line": 264, "column": 45 }
          },
          {
            "start": { "line": 264, "column": 48 },
            "end": { "line": 264, "column": 61 }
          }
        ],
        "line": 264
      },
      "29": {
        "loc": {
          "start": { "line": 275, "column": 2 },
          "end": { "line": 282, "column": 3 }
        },
        "type": "if",
        "locations": [
          {
            "start": { "line": 275, "column": 2 },
            "end": { "line": 282, "column": 3 }
          },
          { "start": {}, "end": {} }
        ],
        "line": 275
      },
      "30": {
        "loc": {
          "start": { "line": 284, "column": 2 },
          "end": { "line": 294, "column": 3 }
        },
        "type": "if",
        "locations": [
          {
            "start": { "line": 284, "column": 2 },
            "end": { "line": 294, "column": 3 }
          },
          { "start": {}, "end": {} }
        ],
        "line": 284
      },
      "31": {
        "loc": {
          "start": { "line": 305, "column": 4 },
          "end": { "line": 305, "column": 44 }
        },
        "type": "if",
        "locations": [
          {
            "start": { "line": 305, "column": 4 },
            "end": { "line": 305, "column": 44 }
          },
          { "start": {}, "end": {} }
        ],
        "line": 305
      },
      "32": {
        "loc": {
          "start": { "line": 306, "column": 4 },
          "end": { "line": 306, "column": 45 }
        },
        "type": "if",
        "locations": [
          {
            "start": { "line": 306, "column": 4 },
            "end": { "line": 306, "column": 45 }
          },
          { "start": {}, "end": {} }
        ],
        "line": 306
      },
      "33": {
        "loc": {
          "start": { "line": 368, "column": 9 },
          "end": { "line": 534, "column": 9 }
        },
        "type": "cond-expr",
        "locations": [
          {
            "start": { "line": 369, "column": 10 },
            "end": { "line": 371, "column": 14 }
          },
          {
            "start": { "line": 373, "column": 10 },
            "end": { "line": 533, "column": 18 }
          }
        ],
        "line": 368
      },
      "34": {
        "loc": {
          "start": { "line": 421, "column": 37 },
          "end": { "line": 423, "column": 31 }
        },
        "type": "cond-expr",
        "locations": [
          {
            "start": { "line": 422, "column": 24 },
            "end": { "line": 422, "column": 33 }
          },
          {
            "start": { "line": 423, "column": 24 },
            "end": { "line": 423, "column": 31 }
          }
        ],
        "line": 421
      },
      "35": {
        "loc": {
          "start": { "line": 443, "column": 38 },
          "end": { "line": 447, "column": 34 }
        },
        "type": "cond-expr",
        "locations": [
          {
            "start": { "line": 444, "column": 26 },
            "end": { "line": 444, "column": 40 }
          },
          {
            "start": { "line": 445, "column": 26 },
            "end": { "line": 447, "column": 34 }
          }
        ],
        "line": 443
      },
      "36": {
        "loc": {
          "start": { "line": 445, "column": 26 },
          "end": { "line": 447, "column": 34 }
        },
        "type": "cond-expr",
        "locations": [
          {
            "start": { "line": 446, "column": 28 },
            "end": { "line": 446, "column": 39 }
          },
          {
            "start": { "line": 447, "column": 28 },
            "end": { "line": 447, "column": 34 }
          }
        ],
        "line": 445
      },
      "37": {
        "loc": {
          "start": { "line": 448, "column": 29 },
          "end": { "line": 452, "column": 35 }
        },
        "type": "cond-expr",
        "locations": [
          {
            "start": { "line": 449, "column": 26 },
            "end": { "line": 449, "column": 32 }
          },
          {
            "start": { "line": 450, "column": 26 },
            "end": { "line": 452, "column": 35 }
          }
        ],
        "line": 448
      },
      "38": {
        "loc": {
          "start": { "line": 450, "column": 26 },
          "end": { "line": 452, "column": 35 }
        },
        "type": "cond-expr",
        "locations": [
          {
            "start": { "line": 451, "column": 28 },
            "end": { "line": 451, "column": 37 }
          },
          {
            "start": { "line": 452, "column": 28 },
            "end": { "line": 452, "column": 35 }
          }
        ],
        "line": 450
      },
      "39": {
        "loc": {
          "start": { "line": 460, "column": 21 },
          "end": { "line": 471, "column": 21 }
        },
        "type": "binary-expr",
        "locations": [
          {
            "start": { "line": 460, "column": 21 },
            "end": { "line": 460, "column": 32 }
          },
          {
            "start": { "line": 460, "column": 36 },
            "end": { "line": 460, "column": 58 }
          },
          {
            "start": { "line": 461, "column": 22 },
            "end": { "line": 470, "column": 29 }
          }
        ],
        "line": 460
      },
      "40": {
        "loc": {
          "start": { "line": 570, "column": 31 },
          "end": { "line": 570, "column": 61 }
        },
        "type": "binary-expr",
        "locations": [
          {
            "start": { "line": 570, "column": 31 },
            "end": { "line": 570, "column": 48 }
          },
          {
            "start": { "line": 570, "column": 52 },
            "end": { "line": 570, "column": 61 }
          }
        ],
        "line": 570
      }
    },
    "s": {
      "0": 26,
      "1": 26,
      "2": 26,
      "3": 26,
      "4": 26,
      "5": 26,
      "6": 26,
      "7": 26,
      "8": 26,
      "9": 26,
      "10": 9,
      "11": 9,
      "12": 8,
      "13": 8,
      "14": 8,
      "15": 8,
      "16": 8,
      "17": 1,
      "18": 1,
      "19": 2,
      "20": 1,
      "21": 1,
      "22": 1,
      "23": 1,
      "24": 1,
      "25": 1,
      "26": 1,
      "27": 1,
      "28": 1,
      "29": 1,
      "30": 1,
      "31": 0,
      "32": 1,
      "33": 1,
      "34": 0,
      "35": 0,
      "36": 1,
      "37": 1,
      "38": 1,
      "39": 1,
      "40": 1,
      "41": 1,
      "42": 0,
      "43": 0,
      "44": 0,
      "45": 0,
      "46": 0,
      "47": 0,
      "48": 0,
      "49": 0,
      "50": 0,
      "51": 0,
      "52": 1,
      "53": 1,
      "54": 1,
      "55": 1,
      "56": 1,
      "57": 1,
      "58": 0,
      "59": 1,
      "60": 1,
      "61": 0,
      "62": 1,
      "63": 1,
      "64": 1,
      "65": 1,
      "66": 1,
      "67": 1,
      "68": 1,
      "69": 0,
      "70": 26,
      "71": 26,
      "72": 26,
      "73": 26,
      "74": 26,
      "75": 26,
      "76": 26,
      "77": 26,
      "78": 26,
      "79": 0,
      "80": 0,
      "81": 0,
      "82": 26,
      "83": 0,
      "84": 0,
      "85": 0,
      "86": 0,
      "87": 0,
      "88": 26,
      "89": 0,
      "90": 0,
      "91": 0,
      "92": 26,
      "93": 0,
      "94": 26,
      "95": 0,
      "96": 0,
      "97": 0,
      "98": 26,
      "99": 0,
      "100": 0,
      "101": 0,
      "102": 0,
      "103": 0,
      "104": 26,
      "105": 26,
      "106": 9,
      "107": 17,
      "108": 1,
      "109": 0,
      "110": 10,
      "111": 10,
      "112": 10,
      "113": 10,
      "114": 6,
      "115": 0,
      "116": 6,
      "117": 0,
      "118": 6,
      "119": 16,
      "120": 0,
      "121": 6,
      "122": 1,
      "123": 1,
      "124": 0,
      "125": 1,
      "126": 4,
      "127": 4,
      "128": 1,
      "129": 0,
      "130": 0
    },
    "f": {
      "0": 26,
      "1": 9,
      "2": 9,
      "3": 8,
      "4": 8,
      "5": 1,
      "6": 2,
      "7": 1,
      "8": 1,
      "9": 0,
      "10": 1,
      "11": 1,
      "12": 1,
      "13": 1,
      "14": 26,
      "15": 0,
      "16": 0,
      "17": 0,
      "18": 0,
      "19": 0,
      "20": 0,
      "21": 0,
      "22": 10,
      "23": 6,
      "24": 0,
      "25": 6,
      "26": 1,
      "27": 1,
      "28": 0,
      "29": 1,
      "30": 4,
      "31": 4,
      "32": 1,
      "33": 0,
      "34": 0
    },
    "b": {
      "0": [8, 0],
      "1": [1, 1],
      "2": [2, 1],
      "3": [1, 0],
      "4": [1, 0],
      "5": [1, 1],
      "6": [0, 1],
      "7": [1, 1, 0],
      "8": [1, 0],
      "9": [1, 0],
      "10": [0, 1],
      "11": [1, 1, 0],
      "12": [0, 0],
      "13": [0, 0],
      "14": [0, 0],
      "15": [1, 0],
      "16": [0, 1],
      "17": [1, 1],
      "18": [1, 0],
      "19": [1, 0],
      "20": [0, 26],
      "21": [0, 0],
      "22": [0, 26],
      "23": [0, 0],
      "24": [0, 26],
      "25": [0, 0],
      "26": [0, 26],
      "27": [0, 26],
      "28": [0, 0],
      "29": [9, 17],
      "30": [1, 16],
      "31": [0, 6],
      "32": [0, 6],
      "33": [10, 6],
      "34": [1, 5],
      "35": [1, 5],
      "36": [5, 0],
      "37": [1, 5],
      "38": [5, 0],
      "39": [6, 0, 0],
      "40": [4, 0]
    },
    "_coverageSchema": "1a1c01bbd47fc00a2c39e90264f33305004495a9",
    "hash": "c80dfa364f3fb9930b305e96bd1b88d4fa951293"
  },
  "/Users/sean/School/CSC/CSC 307/Group Project/CSC-307-To-Do-App/packages/react-frontend/src/pages/FoldersPage.jsx": {
    "path": "/Users/sean/School/CSC/CSC 307/Group Project/CSC-307-To-Do-App/packages/react-frontend/src/pages/FoldersPage.jsx",
    "statementMap": {
      "0": {
        "start": { "line": 8, "column": 32 },
        "end": { "line": 8, "column": 44 }
      },
      "1": {
        "start": { "line": 9, "column": 44 },
        "end": { "line": 9, "column": 56 }
      },
      "2": {
        "start": { "line": 11, "column": 4 },
        "end": { "line": 11, "column": 19 }
      },
      "3": {
        "start": { "line": 12, "column": 32 },
        "end": { "line": 12, "column": 46 }
      },
      "4": {
        "start": { "line": 13, "column": 19 },
        "end": { "line": 13, "column": 32 }
      },
      "5": {
        "start": { "line": 16, "column": 2 },
        "end": { "line": 34, "column": 9 }
      },
      "6": {
        "start": { "line": 17, "column": 4 },
        "end": { "line": 33, "column": 9 }
      },
      "7": {
        "start": { "line": 23, "column": 8 },
        "end": { "line": 23, "column": 54 }
      },
      "8": {
        "start": { "line": 23, "column": 21 },
        "end": { "line": 23, "column": 54 }
      },
      "9": {
        "start": { "line": 24, "column": 8 },
        "end": { "line": 24, "column": 26 }
      },
      "10": {
        "start": { "line": 27, "column": 8 },
        "end": { "line": 27, "column": 52 }
      },
      "11": {
        "start": { "line": 28, "column": 8 },
        "end": { "line": 28, "column": 26 }
      },
      "12": {
        "start": { "line": 31, "column": 8 },
        "end": { "line": 31, "column": 51 }
      },
      "13": {
        "start": { "line": 32, "column": 8 },
        "end": { "line": 32, "column": 26 }
      },
      "14": {
        "start": { "line": 38, "column": 4 },
        "end": { "line": 38, "column": 38 }
      },
      "15": {
        "start": { "line": 38, "column": 31 },
        "end": { "line": 38, "column": 38 }
      },
      "16": {
        "start": { "line": 40, "column": 4 },
        "end": { "line": 64, "column": 5 }
      },
      "17": {
        "start": { "line": 41, "column": 18 },
        "end": { "line": 52, "column": 7 }
      },
      "18": {
        "start": { "line": 54, "column": 6 },
        "end": { "line": 61, "column": 7 }
      },
      "19": {
        "start": { "line": 55, "column": 26 },
        "end": { "line": 55, "column": 42 }
      },
      "20": {
        "start": { "line": 56, "column": 8 },
        "end": { "line": 56, "column": 44 }
      },
      "21": {
        "start": { "line": 57, "column": 8 },
        "end": { "line": 57, "column": 29 }
      },
      "22": {
        "start": { "line": 58, "column": 8 },
        "end": { "line": 58, "column": 36 }
      },
      "23": {
        "start": { "line": 60, "column": 8 },
        "end": { "line": 60, "column": 49 }
      },
      "24": {
        "start": { "line": 63, "column": 6 },
        "end": { "line": 63, "column": 49 }
      },
      "25": {
        "start": { "line": 69, "column": 4 },
        "end": { "line": 69, "column": 24 }
      },
      "26": {
        "start": { "line": 71, "column": 4 },
        "end": { "line": 74, "column": 13 }
      },
      "27": {
        "start": { "line": 74, "column": 6 },
        "end": { "line": 74, "column": 13 }
      },
      "28": {
        "start": { "line": 76, "column": 4 },
        "end": { "line": 92, "column": 5 }
      },
      "29": {
        "start": { "line": 77, "column": 18 },
        "end": { "line": 83, "column": 7 }
      },
      "30": {
        "start": { "line": 85, "column": 6 },
        "end": { "line": 89, "column": 7 }
      },
      "31": {
        "start": { "line": 86, "column": 8 },
        "end": { "line": 86, "column": 56 }
      },
      "32": {
        "start": { "line": 86, "column": 41 },
        "end": { "line": 86, "column": 53 }
      },
      "33": {
        "start": { "line": 88, "column": 8 },
        "end": { "line": 88, "column": 49 }
      },
      "34": {
        "start": { "line": 91, "column": 6 },
        "end": { "line": 91, "column": 49 }
      },
      "35": {
        "start": { "line": 96, "column": 4 },
        "end": { "line": 96, "column": 43 }
      },
      "36": {
        "start": { "line": 99, "column": 2 },
        "end": { "line": 106, "column": 3 }
      },
      "37": {
        "start": { "line": 100, "column": 4 },
        "end": { "line": 105, "column": 6 }
      },
      "38": {
        "start": { "line": 107, "column": 2 },
        "end": { "line": 321, "column": 4 }
      },
      "39": {
        "start": { "line": 146, "column": 10 },
        "end": { "line": 208, "column": 16 }
      },
      "40": {
        "start": { "line": 158, "column": 27 },
        "end": { "line": 158, "column": 49 }
      },
      "41": {
        "start": { "line": 160, "column": 15 },
        "end": { "line": 161, "column": 34 }
      },
      "42": {
        "start": { "line": 164, "column": 15 },
        "end": { "line": 165, "column": 31 }
      },
      "43": {
        "start": { "line": 169, "column": 30 },
        "end": { "line": 169, "column": 57 }
      },
      "44": {
        "start": { "line": 213, "column": 27 },
        "end": { "line": 213, "column": 53 }
      },
      "45": {
        "start": { "line": 228, "column": 14 },
        "end": { "line": 228, "column": 64 }
      },
      "46": {
        "start": { "line": 229, "column": 14 },
        "end": { "line": 230, "column": 35 }
      },
      "47": {
        "start": { "line": 233, "column": 14 },
        "end": { "line": 233, "column": 64 }
      },
      "48": {
        "start": { "line": 234, "column": 14 },
        "end": { "line": 234, "column": 64 }
      },
      "49": {
        "start": { "line": 271, "column": 29 },
        "end": { "line": 271, "column": 61 }
      },
      "50": {
        "start": { "line": 273, "column": 14 },
        "end": { "line": 273, "column": 49 }
      },
      "51": {
        "start": { "line": 303, "column": 16 },
        "end": { "line": 303, "column": 44 }
      },
      "52": {
        "start": { "line": 304, "column": 16 },
        "end": { "line": 304, "column": 37 }
      }
    },
    "fnMap": {
      "0": {
        "name": "FoldersPage",
        "decl": {
          "start": { "line": 7, "column": 24 },
          "end": { "line": 7, "column": 35 }
        },
        "loc": {
          "start": { "line": 7, "column": 38 },
          "end": { "line": 322, "column": 1 }
        },
        "line": 7
      },
      "1": {
        "name": "(anonymous_1)",
        "decl": {
          "start": { "line": 16, "column": 12 },
          "end": { "line": 16, "column": 13 }
        },
        "loc": {
          "start": { "line": 16, "column": 18 },
          "end": { "line": 34, "column": 3 }
        },
        "line": 16
      },
      "2": {
        "name": "(anonymous_2)",
        "decl": {
          "start": { "line": 22, "column": 12 },
          "end": { "line": 22, "column": 13 }
        },
        "loc": {
          "start": { "line": 22, "column": 21 },
          "end": { "line": 25, "column": 7 }
        },
        "line": 22
      },
      "3": {
        "name": "(anonymous_3)",
        "decl": {
          "start": { "line": 26, "column": 12 },
[...]
        "end": { "line": 19, "column": 5 }
      },
      "6": {
        "start": { "line": 22, "column": 16 },
        "end": { "line": 62, "column": 3 }
      },
      "7": {
        "start": { "line": 23, "column": 4 },
        "end": { "line": 23, "column": 23 }
      },
      "8": {
        "start": { "line": 25, "column": 18 },
        "end": { "line": 25, "column": 47 }
      },
      "9": {
        "start": { "line": 27, "column": 16 },
        "end": { "line": 38, "column": 5 }
      },
      "10": {
        "start": { "line": 40, "column": 17 },
        "end": { "line": 40, "column": 33 }
      },
      "11": {
        "start": { "line": 44, "column": 4 },
        "end": { "line": 48, "column": 5 }
      },
      "12": {
        "start": { "line": 45, "column": 6 },
        "end": { "line": 45, "column": 43 }
      },
      "13": {
        "start": { "line": 47, "column": 6 },
        "end": { "line": 47, "column": 13 }
      },
      "14": {
        "start": { "line": 50, "column": 17 },
        "end": { "line": 50, "column": 33 }
      },
      "15": {
        "start": { "line": 51, "column": 4 },
        "end": { "line": 51, "column": 46 }
      },
      "16": {
        "start": { "line": 53, "column": 4 },
        "end": { "line": 57, "column": 5 }
      },
      "17": {
        "start": { "line": 54, "column": 6 },
        "end": { "line": 54, "column": 35 }
      },
      "18": {
        "start": { "line": 55, "column": 6 },
        "end": { "line": 55, "column": 51 }
      },
      "19": {
        "start": { "line": 56, "column": 6 },
        "end": { "line": 56, "column": 13 }
      },
      "20": {
        "start": { "line": 59, "column": 4 },
        "end": { "line": 59, "column": 44 }
      },
      "21": {
        "start": { "line": 60, "column": 4 },
        "end": { "line": 60, "column": 46 }
      },
      "22": {
        "start": { "line": 61, "column": 4 },
        "end": { "line": 61, "column": 25 }
      },
      "23": {
        "start": { "line": 64, "column": 2 },
        "end": { "line": 107, "column": 4 }
      }
    },
    "fnMap": {
      "0": {
        "name": "LoginPage",
        "decl": {
          "start": { "line": 6, "column": 9 },
          "end": { "line": 6, "column": 18 }
        },
        "loc": {
          "start": { "line": 6, "column": 21 },
          "end": { "line": 108, "column": 1 }
        },
        "line": 6
      },
      "1": {
        "name": "handleChange",
        "decl": {
          "start": { "line": 14, "column": 11 },
          "end": { "line": 14, "column": 23 }
        },
        "loc": {
          "start": { "line": 14, "column": 27 },
          "end": { "line": 20, "column": 3 }
        },
        "line": 14
      },
      "2": {
        "name": "(anonymous_2)",
        "decl": {
          "start": { "line": 16, "column": 12 },
          "end": { "line": 16, "column": 13 }
        },
        "loc": {
          "start": { "line": 16, "column": 23 },
          "end": { "line": 19, "column": 5 }
        },
        "line": 16
      },
      "3": {
        "name": "(anonymous_3)",
        "decl": {
          "start": { "line": 22, "column": 16 },
          "end": { "line": 22, "column": 17 }
        },
        "loc": {
          "start": { "line": 22, "column": 29 },
          "end": { "line": 62, "column": 3 }
        },
        "line": 22
      }
    },
    "branchMap": {
      "0": {
        "loc": {
          "start": { "line": 44, "column": 4 },
          "end": { "line": 48, "column": 5 }
        },
        "type": "if",
        "locations": [
          {
            "start": { "line": 44, "column": 4 },
            "end": { "line": 48, "column": 5 }
          },
          { "start": {}, "end": {} }
        ],
        "line": 44
      },
      "1": {
        "loc": {
          "start": { "line": 53, "column": 4 },
          "end": { "line": 57, "column": 5 }
        },
        "type": "if",
        "locations": [
          {
            "start": { "line": 53, "column": 4 },
            "end": { "line": 57, "column": 5 }
          },
          { "start": {}, "end": {} }
        ],
        "line": 53
      }
    },
    "s": {
      "0": 40,
      "1": 40,
      "2": 40,
      "3": 32,
      "4": 32,
      "5": 32,
      "6": 40,
      "7": 2,
      "8": 2,
      "9": 2,
      "10": 2,
      "11": 2,
      "12": 1,
      "13": 1,
      "14": 1,
      "15": 1,
      "16": 1,
      "17": 0,
      "18": 0,
      "19": 0,
      "20": 1,
      "21": 1,
      "22": 1,
      "23": 40
    },
    "f": { "0": 40, "1": 32, "2": 32, "3": 2 },
    "b": { "0": [1, 1], "1": [0, 1] },
    "_coverageSchema": "1a1c01bbd47fc00a2c39e90264f33305004495a9",
    "hash": "13fcdaaae6280a023fbc92791e11473f6d110dcb"
  },
  "/Users/sean/School/CSC/CSC 307/Group Project/CSC-307-To-Do-App/packages/react-frontend/src/pages/MainPage.jsx": {
    "path": "/Users/sean/School/CSC/CSC 307/Group Project/CSC-307-To-Do-App/packages/react-frontend/src/pages/MainPage.jsx",
    "statementMap": {
      "0": {
        "start": { "line": 6, "column": 2 },
        "end": { "line": 24, "column": 4 }
      }
    },
    "fnMap": {
      "0": {
        "name": "MainPage",
        "decl": {
          "start": { "line": 5, "column": 9 },
          "end": { "line": 5, "column": 17 }
        },
        "loc": {
          "start": { "line": 5, "column": 20 },
          "end": { "line": 25, "column": 1 }
        },
        "line": 5
      }
    },
    "branchMap": {},
    "s": { "0": 1 },
    "f": { "0": 1 },
    "b": {},
    "_coverageSchema": "1a1c01bbd47fc00a2c39e90264f33305004495a9",
    "hash": "038361f04337aef2cbf7e5a7f3f8195f923f4e9a"
  },
  "/Users/sean/School/CSC/CSC 307/Group Project/CSC-307-To-Do-App/packages/react-frontend/src/pages/components/Navbar.jsx": {
    "path": "/Users/sean/School/CSC/CSC 307/Group Project/CSC-307-To-Do-App/packages/react-frontend/src/pages/components/Navbar.jsx",
    "statementMap": {
      "0": {
        "start": { "line": 8, "column": 19 },
        "end": { "line": 8, "column": 32 }
      },
      "1": {
        "start": { "line": 9, "column": 23 },
        "end": { "line": 23, "column": 3 }
      },
      "2": {
        "start": { "line": 10, "column": 4 },
        "end": { "line": 20, "column": 5 }
      },
      "3": {
        "start": { "line": 11, "column": 6 },
        "end": { "line": 17, "column": 8 }
      },
      "4": {
        "start": { "line": 19, "column": 6 },
        "end": { "line": 19, "column": 13 }
      },
      "5": {
        "start": { "line": 21, "column": 4 },
        "end": { "line": 21, "column": 37 }
      },
      "6": {
        "start": { "line": 22, "column": 4 },
        "end": { "line": 22, "column": 42 }
      },
      "7": {
        "start": { "line": 25, "column": 2 },
        "end": { "line": 57, "column": 4 }
      }
    },
    "fnMap": {
      "0": {
        "name": "Navbar",
        "decl": {
          "start": { "line": 7, "column": 24 },
          "end": { "line": 7, "column": 30 }
        },
        "loc": {
          "start": { "line": 7, "column": 33 },
          "end": { "line": 58, "column": 1 }
        },
        "line": 7
      },
      "1": {
        "name": "(anonymous_1)",
        "decl": {
          "start": { "line": 9, "column": 23 },
          "end": { "line": 9, "column": 24 }
        },
        "loc": {
          "start": { "line": 9, "column": 35 },
          "end": { "line": 23, "column": 3 }
        },
        "line": 9
      }
    },
    "branchMap": {},
    "s": {
      "0": 96,
      "1": 96,
      "2": 1,
      "3": 1,
      "4": 0,
      "5": 1,
      "6": 1,
      "7": 96
    },
    "f": { "0": 96, "1": 1 },
    "b": {},
    "_coverageSchema": "1a1c01bbd47fc00a2c39e90264f33305004495a9",
    "hash": "cb09b80ce4bf50d4c16dced98f147d1de53c331f"
  },
  "/Users/sean/School/CSC/CSC 307/Group Project/CSC-307-To-Do-App/packages/react-frontend/src/pages/components/RequireAuth.jsx": {
    "path": "/Users/sean/School/CSC/CSC 307/Group Project/CSC-307-To-Do-App/packages/react-frontend/src/pages/components/RequireAuth.jsx",
    "statementMap": {
      "0": {
        "start": { "line": 7, "column": 19 },
        "end": { "line": 7, "column": 29 }
      },
      "1": {
        "start": { "line": 8, "column": 28 },
        "end": { "line": 11, "column": 4 }
      },
      "2": {
        "start": { "line": 12, "column": 17 },
        "end": { "line": 12, "column": 30 }
      },
      "3": {
        "start": { "line": 14, "column": 2 },
        "end": { "line": 21, "column": 9 }
      },
      "4": {
        "start": { "line": 15, "column": 4 },
        "end": { "line": 20, "column": 60 }
      },
      "5": {
        "start": { "line": 19, "column": 19 },
        "end": { "line": 19, "column": 57 }
      },
      "6": {
        "start": { "line": 20, "column": 19 },
        "end": { "line": 20, "column": 58 }
      },
      "7": {
        "start": { "line": 23, "column": 2 },
        "end": { "line": 28, "column": 38 }
      },
      "8": {
        "start": { "line": 24, "column": 4 },
        "end": { "line": 27, "column": 5 }
      },
      "9": {
        "start": { "line": 25, "column": 6 },
        "end": { "line": 25, "column": 28 }
      },
      "10": {
        "start": { "line": 26, "column": 6 },
        "end": { "line": 26, "column": 33 }
      },
      "11": {
        "start": { "line": 30, "column": 2 },
        "end": { "line": 30, "column": 33 }
      },
      "12": {
        "start": { "line": 30, "column": 21 },
        "end": { "line": 30, "column": 33 }
      },
      "13": {
        "start": { "line": 31, "column": 2 },
        "end": { "line": 39, "column": 4 }
      }
    },
    "fnMap": {
      "0": {
        "name": "RequireAuth",
        "decl": {
          "start": { "line": 6, "column": 24 },
          "end": { "line": 6, "column": 35 }
        },
        "loc": {
          "start": { "line": 6, "column": 38 },
          "end": { "line": 40, "column": 1 }
        },
        "line": 6
      },
      "1": {
        "name": "(anonymous_1)",
        "decl": {
          "start": { "line": 14, "column": 12 },
          "end": { "line": 14, "column": 13 }
        },
        "loc": {
          "start": { "line": 14, "column": 18 },
          "end": { "line": 21, "column": 3 }
        },
        "line": 14
      },
      "2": {
        "name": "(anonymous_2)",
        "decl": {
          "start": { "line": 19, "column": 12 },
          "end": { "line": 19, "column": 13 }
        },
        "loc": {
          "start": { "line": 19, "column": 19 },
          "end": { "line": 19, "column": 57 }
        },
        "line": 19
      },
      "3": {
        "name": "(anonymous_3)",
        "decl": {
          "start": { "line": 20, "column": 13 },
          "end": { "line": 20, "column": 14 }
        },
        "loc": {
          "start": { "line": 20, "column": 19 },
          "end": { "line": 20, "column": 58 }
        },
        "line": 20
      },
      "4": {
        "name": "(anonymous_4)",
        "decl": {
          "start": { "line": 23, "column": 12 },
          "end": { "line": 23, "column": 13 }
        },
        "loc": {
          "start": { "line": 23, "column": 18 },
          "end": { "line": 28, "column": 3 }
        },
        "line": 23
      }
    },
    "branchMap": {
      "0": {
        "loc": {
          "start": { "line": 24, "column": 4 },
          "end": { "line": 27, "column": 5 }
        },
        "type": "if",
        "locations": [
          {
            "start": { "line": 24, "column": 4 },
            "end": { "line": 27, "column": 5 }
          },
          { "start": {}, "end": {} }
        ],
        "line": 24
      },
      "1": {
        "loc": {
          "start": { "line": 24, "column": 8 },
          "end": { "line": 24, "column": 54 }
        },
        "type": "binary-expr",
        "locations": [
          {
            "start": { "line": 24, "column": 8 },
            "end": { "line": 24, "column": 22 }
          },
          {
            "start": { "line": 24, "column": 26 },
            "end": { "line": 24, "column": 35 }
          },
          {
            "start": { "line": 24, "column": 39 },
            "end": { "line": 24, "column": 54 }
          }
        ],
        "line": 24
      },
      "2": {
        "loc": {
          "start": { "line": 30, "column": 2 },
          "end": { "line": 30, "column": 33 }
        },
        "type": "if",
        "locations": [
          {
            "start": { "line": 30, "column": 2 },
            "end": { "line": 30, "column": 33 }
          },
          { "start": {}, "end": {} }
        ],
        "line": 30
      },
      "3": {
        "loc": {
          "start": { "line": 31, "column": 9 },
          "end": { "line": 39, "column": 3 }
        },
        "type": "cond-expr",
        "locations": [
          {
            "start": { "line": 32, "column": 4 },
            "end": { "line": 32, "column": 14 }
          },
          {
            "start": { "line": 34, "column": 4 },
            "end": { "line": 38, "column": 6 }
          }
        ],
        "line": 31
      }
    },
    "s": {
      "0": 10,
      "1": 10,
      "2": 10,
      "3": 10,
      "4": 6,
      "5": 5,
      "6": 0,
      "7": 10,
      "8": 10,
      "9": 1,
      "10": 1,
      "11": 10,
      "12": 6,
      "13": 4
    },
    "f": { "0": 10, "1": 6, "2": 5, "3": 0, "4": 10 },
    "b": {
      "0": [1, 9],
      "1": [10, 4, 1],
      "2": [6, 4],
      "3": [3, 1]
    },
    "_coverageSchema": "1a1c01bbd47fc00a2c39e90264f33305004495a9",
    "hash": "738d7728cc9c8be8494bec402b528d0c1a731e47"
  },
  "/Users/sean/School/CSC/CSC 307/Group Project/CSC-307-To-Do-App/packages/react-frontend/src/pages/components/ToastProvider.jsx": {
    "path": "/Users/sean/School/CSC/CSC 307/Group Project/CSC-307-To-Do-App/packages/react-frontend/src/pages/components/ToastProvider.jsx",
    "statementMap": {
      "0": {
        "start": { "line": 9, "column": 17 },
        "end": { "line": 9, "column": 36 }
      },
      "1": {
        "start": { "line": 12, "column": 30 },
        "end": { "line": 12, "column": 42 }
      },
      "2": {
        "start": { "line": 13, "column": 15 },
        "end": { "line": 23, "column": 3 }
      },
      "3": {
        "start": { "line": 15, "column": 17 },
        "end": { "line": 15, "column": 52 }
      },
      "4": {
        "start": { "line": 16, "column": 6 },
        "end": { "line": 16, "column": 54 }
      },
      "5": {
        "start": { "line": 16, "column": 23 },
        "end": { "line": 16, "column": 52 }
      },
      "6": {
        "start": { "line": 17, "column": 6 },
        "end": { "line": 20, "column": 8 }
      },
      "7": {
        "start": { "line": 18, "column": 14 },
        "end": { "line": 18, "column": 60 }
      },
      "8": {
        "start": { "line": 18, "column": 31 },
        "end": { "line": 18, "column": 59 }
      },
      "9": {
        "start": { "line": 18, "column": 47 },
        "end": { "line": 18, "column": 58 }
      },
      "10": {
        "start": { "line": 24, "column": 2 },
        "end": { "line": 41, "column": 4 }
      },
      "11": {
        "start": { "line": 32, "column": 10 },
        "end": { "line": 34, "column": 16 }
      },
      "12": {
        "start": { "line": 46, "column": 18 },
        "end": { "line": 46, "column": 38 }
      },
      "13": {
        "start": { "line": 47, "column": 2 },
        "end": { "line": 50, "column": 6 }
      },
      "14": {
        "start": { "line": 48, "column": 4 },
        "end": { "line": 50, "column": 6 }
      },
      "15": {
        "start": { "line": 51, "column": 2 },
        "end": { "line": 51, "column": 17 }
      }
    },
    "fnMap": {
      "0": {
        "name": "ToastProvider",
        "decl": {
          "start": { "line": 11, "column": 16 },
          "end": { "line": 11, "column": 29 }
        },
        "loc": {
          "start": { "line": 11, "column": 44 },
          "end": { "line": 42, "column": 1 }
        },
        "line": 11
      },
      "1": {
        "name": "(anonymous_1)",
        "decl": {
          "start": { "line": 14, "column": 4 },
          "end": { "line": 14, "column": 5 }
        },
        "loc": {
          "start": { "line": 14, "column": 44 },
          "end": { "line": 21, "column": 5 }
        },
        "line": 14
      },
      "2": {
        "name": "(anonymous_2)",
        "decl": {
          "start": { "line": 16, "column": 16 },
          "end": { "line": 16, "column": 17 }
        },
        "loc": {
          "start": { "line": 16, "column": 23 },
          "end": { "line": 16, "column": 52 }
        },
        "line": 16
      },
      "3": {
        "name": "(anonymous_3)",
        "decl": {
          "start": { "line": 18, "column": 8 },
          "end": { "line": 18, "column": 9 }
        },
        "loc": {
          "start": { "line": 18, "column": 14 },
          "end": { "line": 18, "column": 60 }
        },
        "line": 18
      },
      "4": {
        "name": "(anonymous_4)",
        "decl": {
          "start": { "line": 18, "column": 24 },
          "end": { "line": 18, "column": 25 }
        },
        "loc": {
          "start": { "line": 18, "column": 31 },
          "end": { "line": 18, "column": 59 }
        },
        "line": 18
      },
      "5": {
        "name": "(anonymous_5)",
        "decl": {
          "start": { "line": 18, "column": 40 },
          "end": { "line": 18, "column": 41 }
        },
        "loc": {
          "start": { "line": 18, "column": 47 },
          "end": { "line": 18, "column": 58 }
        },
        "line": 18
      },
      "6": {
        "name": "(anonymous_6)",
        "decl": {
          "start": { "line": 31, "column": 20 },
          "end": { "line": 31, "column": 21 }
        },
        "loc": {
          "start": { "line": 32, "column": 10 },
          "end": { "line": 34, "column": 16 }
        },
        "line": 32
      },
      "7": {
        "name": "useToast",
        "decl": {
          "start": { "line": 45, "column": 16 },
          "end": { "line": 45, "column": 24 }
        },
        "loc": {
          "start": { "line": 45, "column": 27 },
          "end": { "line": 52, "column": 1 }
        },
        "line": 45
      }
    },
    "branchMap": {
      "0": {
        "loc": {
          "start": { "line": 14, "column": 14 },
          "end": { "line": 14, "column": 28 }
        },
        "type": "default-arg",
        "locations": [
          {
            "start": { "line": 14, "column": 21 },
            "end": { "line": 14, "column": 28 }
          }
        ],
        "line": 14
      },
      "1": {
        "loc": {
          "start": { "line": 14, "column": 30 },
          "end": { "line": 14, "column": 39 }
        },
        "type": "default-arg",
        "locations": [
          {
            "start": { "line": 14, "column": 35 },
            "end": { "line": 14, "column": 39 }
          }
        ],
        "line": 14
      },
      "2": {
        "loc": {
          "start": { "line": 47, "column": 2 },
          "end": { "line": 50, "column": 6 }
        },
        "type": "if",
        "locations": [
          {
            "start": { "line": 47, "column": 2 },
            "end": { "line": 50, "column": 6 }
          },
          { "start": {}, "end": {} }
        ],
        "line": 47
      }
    },
    "s": {
      "0": 3,
      "1": 10,
      "2": 10,
      "3": 2,
      "4": 2,
      "5": 2,
      "6": 2,
      "7": 1,
      "8": 1,
      "9": 1,
      "10": 10,
      "11": 2,
      "12": 14,
      "13": 14,
      "14": 0,
      "15": 14
    },
    "f": {
      "0": 10,
      "1": 2,
      "2": 2,
      "3": 1,
      "4": 1,
      "5": 1,
      "6": 2,
      "7": 14
    },
    "b": { "0": [0], "1": [0], "2": [0, 14] },
    "_coverageSchema": "1a1c01bbd47fc00a2c39e90264f33305004495a9",
    "hash": "912ebfb45850dc1d40d2d3b6a4e766335bffdf6f"
  }
}
