{"/Users/sean/School/CSC/CSC 307/Group Project/CSC-307-To-Do-App/packages/react-frontend/src/App.jsx": {"path":"/Users/sean/School/CSC/CSC 307/Group Project/CSC-307-To-Do-App/packages/react-frontend/src/App.jsx","statementMap":{"0":{"start":{"line":20,"column":2},"end":{"line":27,"column":4}},"1":{"start":{"line":31,"column":2},"end":{"line":55,"column":4}}},"fnMap":{"0":{"name":"WithNavbar","decl":{"start":{"line":19,"column":9},"end":{"line":19,"column":19}},"loc":{"start":{"line":19,"column":22},"end":{"line":28,"column":1}},"line":19},"1":{"name":"App","decl":{"start":{"line":30,"column":9},"end":{"line":30,"column":12}},"loc":{"start":{"line":30,"column":15},"end":{"line":56,"column":1}},"line":30}},"branchMap":{},"s":{"0":3,"1":7},"f":{"0":3,"1":7},"b":{},"_coverageSchema":"1a1c01bbd47fc00a2c39e90264f33305004495a9","hash":"02b4d0226eba6b95ba1357659e40f0a21feecc64"}
,"/Users/sean/School/CSC/CSC 307/Group Project/CSC-307-To-Do-App/packages/react-frontend/src/pages/CreateAccountPage.jsx": {"path":"/Users/sean/School/CSC/CSC 307/Group Project/CSC-307-To-Do-App/packages/react-frontend/src/pages/CreateAccountPage.jsx","statementMap":{"0":{"start":{"line":8,"column":19},"end":{"line":8,"column":29}},"1":{"start":{"line":9,"column":26},"end":{"line":12,"column":4}},"2":{"start":{"line":13,"column":19},"end":{"line":13,"column":32}},"3":{"start":{"line":14,"column":23},"end":{"line":56,"column":3}},"4":{"start":{"line":15,"column":4},"end":{"line":15,"column":23}},"5":{"start":{"line":18,"column":35},"end":{"line":18,"column":39}},"6":{"start":{"line":19,"column":4},"end":{"line":22,"column":5}},"7":{"start":{"line":20,"column":6},"end":{"line":20,"column":48}},"8":{"start":{"line":21,"column":6},"end":{"line":21,"column":13}},"9":{"start":{"line":23,"column":4},"end":{"line":26,"column":5}},"10":{"start":{"line":24,"column":6},"end":{"line":24,"column":35}},"11":{"start":{"line":25,"column":6},"end":{"line":25,"column":13}},"12":{"start":{"line":27,"column":4},"end":{"line":30,"column":5}},"13":{"start":{"line":28,"column":6},"end":{"line":28,"column":35}},"14":{"start":{"line":29,"column":6},"end":{"line":29,"column":13}},"15":{"start":{"line":31,"column":4},"end":{"line":34,"column":5}},"16":{"start":{"line":32,"column":6},"end":{"line":32,"column":53}},"17":{"start":{"line":33,"column":6},"end":{"line":33,"column":13}},"18":{"start":{"line":36,"column":16},"end":{"line":45,"column":5}},"19":{"start":{"line":47,"column":4},"end":{"line":52,"column":5}},"20":{"start":{"line":48,"column":19},"end":{"line":48,"column":35}},"21":{"start":{"line":49,"column":18},"end":{"line":49,"column":63}},"22":{"start":{"line":50,"column":6},"end":{"line":50,"column":16}},"23":{"start":{"line":51,"column":6},"end":{"line":51,"column":13}},"24":{"start":{"line":54,"column":4},"end":{"line":54,"column":39}},"25":{"start":{"line":55,"column":4},"end":{"line":55,"column":23}},"26":{"start":{"line":58,"column":2},"end":{"line":92,"column":4}},"27":{"start":{"line":69,"column":14},"end":{"line":69,"column":60}},"28":{"start":{"line":81,"column":14},"end":{"line":81,"column":60}}},"fnMap":{"0":{"name":"CreateAccount","decl":{"start":{"line":7,"column":9},"end":{"line":7,"column":22}},"loc":{"start":{"line":7,"column":25},"end":{"line":93,"column":1}},"line":7},"1":{"name":"(anonymous_1)","decl":{"start":{"line":14,"column":23},"end":{"line":14,"column":24}},"loc":{"start":{"line":14,"column":36},"end":{"line":56,"column":3}},"line":14},"2":{"name":"(anonymous_2)","decl":{"start":{"line":68,"column":22},"end":{"line":68,"column":23}},"loc":{"start":{"line":69,"column":14},"end":{"line":69,"column":60}},"line":69},"3":{"name":"(anonymous_3)","decl":{"start":{"line":80,"column":22},"end":{"line":80,"column":23}},"loc":{"start":{"line":81,"column":14},"end":{"line":81,"column":60}},"line":81}},"branchMap":{"0":{"loc":{"start":{"line":19,"column":4},"end":{"line":22,"column":5}},"type":"if","locations":[{"start":{"line":19,"column":4},"end":{"line":22,"column":5}},{"start":{},"end":{}}],"line":19},"1":{"loc":{"start":{"line":19,"column":8},"end":{"line":19,"column":30}},"type":"binary-expr","locations":[{"start":{"line":19,"column":8},"end":{"line":19,"column":17}},{"start":{"line":19,"column":21},"end":{"line":19,"column":30}}],"line":19},"2":{"loc":{"start":{"line":23,"column":4},"end":{"line":26,"column":5}},"type":"if","locations":[{"start":{"line":23,"column":4},"end":{"line":26,"column":5}},{"start":{},"end":{}}],"line":23},"3":{"loc":{"start":{"line":27,"column":4},"end":{"line":30,"column":5}},"type":"if","locations":[{"start":{"line":27,"column":4},"end":{"line":30,"column":5}},{"start":{},"end":{}}],"line":27},"4":{"loc":{"start":{"line":31,"column":4},"end":{"line":34,"column":5}},"type":"if","locations":[{"start":{"line":31,"column":4},"end":{"line":34,"column":5}},{"start":{},"end":{}}],"line":31},"5":{"loc":{"start":{"line":47,"column":4},"end":{"line":52,"column":5}},"type":"if","locations":[{"start":{"line":47,"column":4},"end":{"line":52,"column":5}},{"start":{},"end":{}}],"line":47},"6":{"loc":{"start":{"line":49,"column":18},"end":{"line":49,"column":63}},"type":"binary-expr","locations":[{"start":{"line":49,"column":18},"end":{"line":49,"column":28}},{"start":{"line":49,"column":32},"end":{"line":49,"column":44}},{"start":{"line":49,"column":48},"end":{"line":49,"column":63}}],"line":49}},"s":{"0":56,"1":56,"2":56,"3":56,"4":5,"5":5,"6":5,"7":1,"8":1,"9":4,"10":1,"11":1,"12":3,"13":1,"14":1,"15":2,"16":1,"17":1,"18":1,"19":1,"20":1,"21":1,"22":1,"23":1,"24":0,"25":0,"26":56,"27":22,"28":26},"f":{"0":56,"1":5,"2":22,"3":26},"b":{"0":[1,4],"1":[5,2],"2":[1,3],"3":[1,2],"4":[1,1],"5":[1,0],"6":[1,0,0]},"_coverageSchema":"1a1c01bbd47fc00a2c39e90264f33305004495a9","hash":"aa29c9070e92d3ea44d457d586050d30a9dab935"}
,"/Users/sean/School/CSC/CSC 307/Group Project/CSC-307-To-Do-App/packages/react-frontend/src/pages/DeletedTasksPage.jsx": {"path":"/Users/sean/School/CSC/CSC 307/Group Project/CSC-307-To-Do-App/packages/react-frontend/src/pages/DeletedTasksPage.jsx","statementMap":{"0":{"start":{"line":6,"column":28},"end":{"line":6,"column":40}},"1":{"start":{"line":7,"column":19},"end":{"line":7,"column":29}},"2":{"start":{"line":10,"column":2},"end":{"line":30,"column":9}},"3":{"start":{"line":11,"column":4},"end":{"line":29,"column":8}},"4":{"start":{"line":16,"column":8},"end":{"line":16,"column":54}},"5":{"start":{"line":16,"column":21},"end":{"line":16,"column":54}},"6":{"start":{"line":17,"column":8},"end":{"line":17,"column":26}},"7":{"start":{"line":20,"column":21},"end":{"line":24,"column":16}},"8":{"start":{"line":25,"column":8},"end":{"line":25,"column":23}},"9":{"start":{"line":28,"column":8},"end":{"line":28,"column":56}},"10":{"start":{"line":34,"column":16},"end":{"line":34,"column":33}},"11":{"start":{"line":36,"column":4},"end":{"line":39,"column":5}},"12":{"start":{"line":37,"column":6},"end":{"line":37,"column":37}},"13":{"start":{"line":38,"column":6},"end":{"line":38,"column":13}},"14":{"start":{"line":41,"column":4},"end":{"line":58,"column":60}},"15":{"start":{"line":49,"column":8},"end":{"line":56,"column":9}},"16":{"start":{"line":50,"column":10},"end":{"line":52,"column":12}},"17":{"start":{"line":51,"column":12},"end":{"line":51,"column":46}},"18":{"start":{"line":51,"column":34},"end":{"line":51,"column":45}},"19":{"start":{"line":53,"column":10},"end":{"line":53,"column":43}},"20":{"start":{"line":55,"column":10},"end":{"line":55,"column":56}},"21":{"start":{"line":58,"column":22},"end":{"line":58,"column":58}},"22":{"start":{"line":61,"column":2},"end":{"line":97,"column":4}},"23":{"start":{"line":75,"column":12},"end":{"line":92,"column":17}},"24":{"start":{"line":88,"column":39},"end":{"line":88,"column":56}}},"fnMap":{"0":{"name":"DeletedTasksPage","decl":{"start":{"line":5,"column":24},"end":{"line":5,"column":40}},"loc":{"start":{"line":5,"column":43},"end":{"line":98,"column":1}},"line":5},"1":{"name":"(anonymous_1)","decl":{"start":{"line":10,"column":12},"end":{"line":10,"column":13}},"loc":{"start":{"line":10,"column":18},"end":{"line":30,"column":3}},"line":10},"2":{"name":"(anonymous_2)","decl":{"start":{"line":15,"column":12},"end":{"line":15,"column":13}},"loc":{"start":{"line":15,"column":21},"end":{"line":18,"column":7}},"line":15},"3":{"name":"(anonymous_3)","decl":{"start":{"line":19,"column":12},"end":{"line":19,"column":13}},"loc":{"start":{"line":19,"column":22},"end":{"line":26,"column":7}},"line":19},"4":{"name":"(anonymous_4)","decl":{"start":{"line":27,"column":13},"end":{"line":27,"column":14}},"loc":{"start":{"line":28,"column":8},"end":{"line":28,"column":56}},"line":28},"5":{"name":"restoreOneTask","decl":{"start":{"line":33,"column":11},"end":{"line":33,"column":25}},"loc":{"start":{"line":33,"column":33},"end":{"line":59,"column":3}},"line":33},"6":{"name":"(anonymous_6)","decl":{"start":{"line":48,"column":12},"end":{"line":48,"column":13}},"loc":{"start":{"line":48,"column":21},"end":{"line":57,"column":7}},"line":48},"7":{"name":"(anonymous_7)","decl":{"start":{"line":50,"column":19},"end":{"line":50,"column":20}},"loc":{"start":{"line":51,"column":12},"end":{"line":51,"column":46}},"line":51},"8":{"name":"(anonymous_8)","decl":{"start":{"line":51,"column":24},"end":{"line":51,"column":25}},"loc":{"start":{"line":51,"column":34},"end":{"line":51,"column":45}},"line":51},"9":{"name":"(anonymous_9)","decl":{"start":{"line":58,"column":13},"end":{"line":58,"column":14}},"loc":{"start":{"line":58,"column":22},"end":{"line":58,"column":58}},"line":58},"10":{"name":"(anonymous_10)","decl":{"start":{"line":74,"column":21},"end":{"line":74,"column":22}},"loc":{"start":{"line":75,"column":12},"end":{"line":92,"column":17}},"line":75},"11":{"name":"(anonymous_11)","decl":{"start":{"line":88,"column":33},"end":{"line":88,"column":34}},"loc":{"start":{"line":88,"column":39},"end":{"line":88,"column":56}},"line":88}},"branchMap":{"0":{"loc":{"start":{"line":16,"column":8},"end":{"line":16,"column":54}},"type":"if","locations":[{"start":{"line":16,"column":8},"end":{"line":16,"column":54}},{"start":{},"end":{}}],"line":16},"1":{"loc":{"start":{"line":20,"column":21},"end":{"line":24,"column":16}},"type":"cond-expr","locations":[{"start":{"line":21,"column":12},"end":{"line":21,"column":16}},{"start":{"line":22,"column":12},"end":{"line":24,"column":16}}],"line":20},"2":{"loc":{"start":{"line":22,"column":12},"end":{"line":24,"column":16}},"type":"cond-expr","locations":[{"start":{"line":23,"column":14},"end":{"line":23,"column":29}},{"start":{"line":24,"column":14},"end":{"line":24,"column":16}}],"line":22},"3":{"loc":{"start":{"line":36,"column":4},"end":{"line":39,"column":5}},"type":"if","locations":[{"start":{"line":36,"column":4},"end":{"line":39,"column":5}},{"start":{},"end":{}}],"line":36},"4":{"loc":{"start":{"line":49,"column":8},"end":{"line":56,"column":9}},"type":"if","locations":[{"start":{"line":49,"column":8},"end":{"line":56,"column":9}},{"start":{"line":54,"column":15},"end":{"line":56,"column":9}}],"line":49},"5":{"loc":{"start":{"line":75,"column":21},"end":{"line":75,"column":50}},"type":"binary-expr","locations":[{"start":{"line":75,"column":21},"end":{"line":75,"column":28}},{"start":{"line":75,"column":32},"end":{"line":75,"column":50}}],"line":75}},"s":{"0":10,"1":10,"2":10,"3":5,"4":5,"5":0,"6":5,"7":5,"8":5,"9":0,"10":2,"11":2,"12":0,"13":0,"14":2,"15":2,"16":1,"17":1,"18":1,"19":1,"20":1,"21":0,"22":10,"23":4,"24":2},"f":{"0":10,"1":5,"2":5,"3":5,"4":0,"5":2,"6":2,"7":1,"8":1,"9":0,"10":4,"11":2},"b":{"0":[0,5],"1":[4,1],"2":[0,1],"3":[0,2],"4":[1,1],"5":[4,0]},"_coverageSchema":"1a1c01bbd47fc00a2c39e90264f33305004495a9","hash":"20d5dfb08685cbc9a366eba016b7cd9f326b8ee9"}
,"/Users/sean/School/CSC/CSC 307/Group Project/CSC-307-To-Do-App/packages/react-frontend/src/pages/FolderTasksPage.jsx": {"path":"/Users/sean/School/CSC/CSC 307/Group Project/CSC-307-To-Do-App/packages/react-frontend/src/pages/FolderTasksPage.jsx","statementMap":{"0":{"start":{"line":7,"column":23},"end":{"line":7,"column":34}},"1":{"start":{"line":8,"column":19},"end":{"line":8,"column":32}},"2":{"start":{"line":9,"column":30},"end":{"line":9,"column":44}},"3":{"start":{"line":10,"column":28},"end":{"line":10,"column":40}},"4":{"start":{"line":11,"column":40},"end":{"line":11,"column":52}},"5":{"start":{"line":12,"column":40},"end":{"line":12,"column":52}},"6":{"start":{"line":13,"column":32},"end":{"line":13,"column":46}},"7":{"start":{"line":14,"column":19},"end":{"line":14,"column":29}},"8":{"start":{"line":17,"column":2},"end":{"line":45,"column":17}},"9":{"start":{"line":18,"column":4},"end":{"line":44,"column":9}},"10":{"start":{"line":31,"column":8},"end":{"line":31,"column":57}},"11":{"start":{"line":34,"column":8},"end":{"line":34,"column":60}},"12":{"start":{"line":35,"column":30},"end":{"line":37,"column":9}},"13":{"start":{"line":36,"column":17},"end":{"line":36,"column":35}},"14":{"start":{"line":38,"column":8},"end":{"line":38,"column":33}},"15":{"start":{"line":39,"column":8},"end":{"line":39,"column":26}},"16":{"start":{"line":42,"column":8},"end":{"line":42,"column":43}},"17":{"start":{"line":43,"column":8},"end":{"line":43,"column":26}},"18":{"start":{"line":49,"column":4},"end":{"line":52,"column":5}},"19":{"start":{"line":50,"column":6},"end":{"line":50,"column":59}},"20":{"start":{"line":51,"column":6},"end":{"line":51,"column":13}},"21":{"start":{"line":54,"column":4},"end":{"line":78,"column":5}},"22":{"start":{"line":55,"column":18},"end":{"line":67,"column":7}},"23":{"start":{"line":69,"column":6},"end":{"line":75,"column":7}},"24":{"start":{"line":70,"column":24},"end":{"line":70,"column":40}},"25":{"start":{"line":71,"column":8},"end":{"line":71,"column":55}},"26":{"start":{"line":72,"column":8},"end":{"line":72,"column":27}},"27":{"start":{"line":73,"column":8},"end":{"line":73,"column":27}},"28":{"start":{"line":74,"column":8},"end":{"line":74,"column":40}},"29":{"start":{"line":77,"column":6},"end":{"line":77,"column":44}},"30":{"start":{"line":83,"column":4},"end":{"line":102,"column":5}},"31":{"start":{"line":84,"column":18},"end":{"line":92,"column":7}},"32":{"start":{"line":94,"column":6},"end":{"line":99,"column":7}},"33":{"start":{"line":95,"column":24},"end":{"line":95,"column":40}},"34":{"start":{"line":96,"column":8},"end":{"line":98,"column":10}},"35":{"start":{"line":97,"column":28},"end":{"line":97,"column":58}},"36":{"start":{"line":101,"column":6},"end":{"line":101,"column":47}},"37":{"start":{"line":107,"column":4},"end":{"line":122,"column":5}},"38":{"start":{"line":108,"column":18},"end":{"line":114,"column":7}},"39":{"start":{"line":116,"column":6},"end":{"line":119,"column":7}},"40":{"start":{"line":117,"column":8},"end":{"line":117,"column":56}},"41":{"start":{"line":117,"column":37},"end":{"line":117,"column":53}},"42":{"start":{"line":118,"column":8},"end":{"line":118,"column":40}},"43":{"start":{"line":121,"column":6},"end":{"line":121,"column":47}},"44":{"start":{"line":127,"column":20},"end":{"line":127,"column":53}},"45":{"start":{"line":128,"column":4},"end":{"line":128,"column":52}},"46":{"start":{"line":128,"column":45},"end":{"line":128,"column":52}},"47":{"start":{"line":130,"column":4},"end":{"line":150,"column":5}},"48":{"start":{"line":131,"column":18},"end":{"line":139,"column":7}},"49":{"start":{"line":141,"column":6},"end":{"line":147,"column":7}},"50":{"start":{"line":142,"column":24},"end":{"line":142,"column":40}},"51":{"start":{"line":143,"column":8},"end":{"line":145,"column":10}},"52":{"start":{"line":144,"column":28},"end":{"line":144,"column":58}},"53":{"start":{"line":146,"column":8},"end":{"line":146,"column":40}},"54":{"start":{"line":149,"column":6},"end":{"line":149,"column":45}},"55":{"start":{"line":155,"column":38},"end":{"line":155,"column":53}},"56":{"start":{"line":158,"column":16},"end":{"line":158,"column":26}},"57":{"start":{"line":159,"column":18},"end":{"line":163,"column":5}},"58":{"start":{"line":164,"column":21},"end":{"line":164,"column":36}},"59":{"start":{"line":165,"column":4},"end":{"line":165,"column":45}},"60":{"start":{"line":166,"column":21},"end":{"line":166,"column":36}},"61":{"start":{"line":167,"column":4},"end":{"line":167,"column":45}},"62":{"start":{"line":169,"column":4},"end":{"line":175,"column":5}},"63":{"start":{"line":171,"column":6},"end":{"line":174,"column":9}},"64":{"start":{"line":172,"column":21},"end":{"line":172,"column":37}},"65":{"start":{"line":173,"column":8},"end":{"line":173,"column":48}},"66":{"start":{"line":177,"column":4},"end":{"line":185,"column":5}},"67":{"start":{"line":179,"column":19},"end":{"line":179,"column":37}},"68":{"start":{"line":180,"column":6},"end":{"line":180,"column":39}},"69":{"start":{"line":181,"column":6},"end":{"line":184,"column":9}},"70":{"start":{"line":182,"column":21},"end":{"line":182,"column":37}},"71":{"start":{"line":183,"column":8},"end":{"line":183,"column":47}},"72":{"start":{"line":187,"column":4},"end":{"line":193,"column":5}},"73":{"start":{"line":189,"column":6},"end":{"line":192,"column":9}},"74":{"start":{"line":190,"column":21},"end":{"line":190,"column":37}},"75":{"start":{"line":191,"column":8},"end":{"line":191,"column":49}},"76":{"start":{"line":195,"column":4},"end":{"line":195,"column":44}},"77":{"start":{"line":195,"column":26},"end":{"line":195,"column":44}},"78":{"start":{"line":197,"column":4},"end":{"line":202,"column":5}},"79":{"start":{"line":198,"column":6},"end":{"line":201,"column":9}},"80":{"start":{"line":199,"column":21},"end":{"line":199,"column":37}},"81":{"start":{"line":200,"column":8},"end":{"line":200,"column":28}},"82":{"start":{"line":204,"column":4},"end":{"line":208,"column":7}},"83":{"start":{"line":205,"column":20},"end":{"line":205,"column":36}},"84":{"start":{"line":206,"column":20},"end":{"line":206,"column":36}},"85":{"start":{"line":207,"column":6},"end":{"line":207,"column":62}},"86":{"start":{"line":212,"column":19},"end":{"line":212,"column":33}},"87":{"start":{"line":213,"column":4},"end":{"line":213,"column":26}},"88":{"start":{"line":215,"column":25},"end":{"line":215,"column":46}},"89":{"start":{"line":217,"column":2},"end":{"line":224,"column":3}},"90":{"start":{"line":218,"column":4},"end":{"line":223,"column":6}},"91":{"start":{"line":226,"column":2},"end":{"line":236,"column":3}},"92":{"start":{"line":227,"column":4},"end":{"line":235,"column":6}},"93":{"start":{"line":231,"column":31},"end":{"line":231,"column":51}},"94":{"start":{"line":240,"column":20},"end":{"line":240,"column":34}},"95":{"start":{"line":241,"column":16},"end":{"line":241,"column":26}},"96":{"start":{"line":242,"column":4},"end":{"line":242,"column":25}},"97":{"start":{"line":245,"column":2},"end":{"line":553,"column":4}},"98":{"start":{"line":251,"column":23},"end":{"line":251,"column":43}},"99":{"start":{"line":356,"column":16},"end":{"line":459,"column":21}},"100":{"start":{"line":370,"column":24},"end":{"line":370,"column":55}},"101":{"start":{"line":395,"column":22},"end":{"line":395,"column":51}},"102":{"start":{"line":423,"column":37},"end":{"line":423,"column":55}},"103":{"start":{"line":444,"column":37},"end":{"line":444,"column":57}},"104":{"start":{"line":498,"column":29},"end":{"line":498,"column":59}},"105":{"start":{"line":499,"column":31},"end":{"line":499,"column":61}},"106":{"start":{"line":513,"column":29},"end":{"line":513,"column":59}},"107":{"start":{"line":540,"column":23},"end":{"line":540,"column":49}}},"fnMap":{"0":{"name":"FolderTasksPage","decl":{"start":{"line":6,"column":24},"end":{"line":6,"column":39}},"loc":{"start":{"line":6,"column":42},"end":{"line":554,"column":1}},"line":6},"1":{"name":"(anonymous_1)","decl":{"start":{"line":17,"column":12},"end":{"line":17,"column":13}},"loc":{"start":{"line":17,"column":18},"end":{"line":45,"column":3}},"line":17},"2":{"name":"(anonymous_2)","decl":{"start":{"line":30,"column":12},"end":{"line":30,"column":13}},"loc":{"start":{"line":31,"column":8},"end":{"line":31,"column":57}},"line":31},"3":{"name":"(anonymous_3)","decl":{"start":{"line":33,"column":12},"end":{"line":33,"column":13}},"loc":{"start":{"line":33,"column":42},"end":{"line":40,"column":7}},"line":33},"4":{"name":"(anonymous_4)","decl":{"start":{"line":36,"column":10},"end":{"line":36,"column":11}},"loc":{"start":{"line":36,"column":17},"end":{"line":36,"column":35}},"line":36},"5":{"name":"(anonymous_5)","decl":{"start":{"line":41,"column":13},"end":{"line":41,"column":14}},"loc":{"start":{"line":41,"column":22},"end":{"line":44,"column":7}},"line":41},"6":{"name":"addTask","decl":{"start":{"line":48,"column":17},"end":{"line":48,"column":24}},"loc":{"start":{"line":48,"column":27},"end":{"line":79,"column":3}},"line":48},"7":{"name":"toggleTask","decl":{"start":{"line":82,"column":17},"end":{"line":82,"column":27}},"loc":{"start":{"line":82,"column":49},"end":{"line":103,"column":3}},"line":82},"8":{"name":"(anonymous_8)","decl":{"start":{"line":97,"column":20},"end":{"line":97,"column":21}},"loc":{"start":{"line":97,"column":28},"end":{"line":97,"column":58}},"line":97},"9":{"name":"deleteTask","decl":{"start":{"line":106,"column":17},"end":{"line":106,"column":27}},"loc":{"start":{"line":106,"column":36},"end":{"line":123,"column":3}},"line":106},"10":{"name":"(anonymous_10)","decl":{"start":{"line":117,"column":30},"end":{"line":117,"column":31}},"loc":{"start":{"line":117,"column":37},"end":{"line":117,"column":53}},"line":117},"11":{"name":"editTask","decl":{"start":{"line":126,"column":17},"end":{"line":126,"column":25}},"loc":{"start":{"line":126,"column":47},"end":{"line":151,"column":3}},"line":126},"12":{"name":"(anonymous_12)","decl":{"start":{"line":144,"column":20},"end":{"line":144,"column":21}},"loc":{"start":{"line":144,"column":28},"end":{"line":144,"column":58}},"line":144},"13":{"name":"sortTasks","decl":{"start":{"line":157,"column":11},"end":{"line":157,"column":20}},"loc":{"start":{"line":157,"column":29},"end":{"line":209,"column":3}},"line":157},"14":{"name":"(anonymous_14)","decl":{"start":{"line":171,"column":26},"end":{"line":171,"column":27}},"loc":{"start":{"line":171,"column":33},"end":{"line":174,"column":7}},"line":171},"15":{"name":"(anonymous_15)","decl":{"start":{"line":181,"column":26},"end":{"line":181,"column":27}},"loc":{"start":{"line":181,"column":33},"end":{"line":184,"column":7}},"line":181},"16":{"name":"(anonymous_16)","decl":{"start":{"line":189,"column":26},"end":{"line":189,"column":27}},"loc":{"start":{"line":189,"column":33},"end":{"line":192,"column":7}},"line":189},"17":{"name":"(anonymous_17)","decl":{"start":{"line":198,"column":26},"end":{"line":198,"column":27}},"loc":{"start":{"line":198,"column":33},"end":{"line":201,"column":7}},"line":198},"18":{"name":"(anonymous_18)","decl":{"start":{"line":204,"column":27},"end":{"line":204,"column":28}},"loc":{"start":{"line":204,"column":37},"end":{"line":208,"column":5}},"line":204},"19":{"name":"handleSortChange","decl":{"start":{"line":211,"column":11},"end":{"line":211,"column":27}},"loc":{"start":{"line":211,"column":31},"end":{"line":214,"column":3}},"line":211},"20":{"name":"(anonymous_20)","decl":{"start":{"line":231,"column":25},"end":{"line":231,"column":26}},"loc":{"start":{"line":231,"column":31},"end":{"line":231,"column":51}},"line":231},"21":{"name":"overdue","decl":{"start":{"line":239,"column":11},"end":{"line":239,"column":18}},"loc":{"start":{"line":239,"column":25},"end":{"line":243,"column":3}},"line":239},"22":{"name":"(anonymous_22)","decl":{"start":{"line":251,"column":17},"end":{"line":251,"column":18}},"loc":{"start":{"line":251,"column":23},"end":{"line":251,"column":43}},"line":251},"23":{"name":"(anonymous_23)","decl":{"start":{"line":355,"column":34},"end":{"line":355,"column":35}},"loc":{"start":{"line":356,"column":16},"end":{"line":459,"column":21}},"line":356},"24":{"name":"(anonymous_24)","decl":{"start":{"line":369,"column":32},"end":{"line":369,"column":33}},"loc":{"start":{"line":370,"column":24},"end":{"line":370,"column":55}},"line":370},"25":{"name":"(anonymous_25)","decl":{"start":{"line":394,"column":29},"end":{"line":394,"column":30}},"loc":{"start":{"line":395,"column":22},"end":{"line":395,"column":51}},"line":395},"26":{"name":"(anonymous_26)","decl":{"start":{"line":423,"column":31},"end":{"line":423,"column":32}},"loc":{"start":{"line":423,"column":37},"end":{"line":423,"column":55}},"line":423},"27":{"name":"(anonymous_27)","decl":{"start":{"line":444,"column":31},"end":{"line":444,"column":32}},"loc":{"start":{"line":444,"column":37},"end":{"line":444,"column":57}},"line":444},"28":{"name":"(anonymous_28)","decl":{"start":{"line":498,"column":22},"end":{"line":498,"column":23}},"loc":{"start":{"line":498,"column":29},"end":{"line":498,"column":59}},"line":498},"29":{"name":"(anonymous_29)","decl":{"start":{"line":499,"column":24},"end":{"line":499,"column":25}},"loc":{"start":{"line":499,"column":31},"end":{"line":499,"column":61}},"line":499},"30":{"name":"(anonymous_30)","decl":{"start":{"line":513,"column":22},"end":{"line":513,"column":23}},"loc":{"start":{"line":513,"column":29},"end":{"line":513,"column":59}},"line":513},"31":{"name":"(anonymous_31)","decl":{"start":{"line":540,"column":17},"end":{"line":540,"column":18}},"loc":{"start":{"line":540,"column":23},"end":{"line":540,"column":49}},"line":540}},"branchMap":{"0":{"loc":{"start":{"line":34,"column":17},"end":{"line":34,"column":58}},"type":"cond-expr","locations":[{"start":{"line":34,"column":44},"end":{"line":34,"column":53}},{"start":{"line":34,"column":56},"end":{"line":34,"column":58}}],"line":34},"1":{"loc":{"start":{"line":49,"column":4},"end":{"line":52,"column":5}},"type":"if","locations":[{"start":{"line":49,"column":4},"end":{"line":52,"column":5}},{"start":{},"end":{}}],"line":49},"2":{"loc":{"start":{"line":49,"column":8},"end":{"line":49,"column":43}},"type":"binary-expr","locations":[{"start":{"line":49,"column":8},"end":{"line":49,"column":27}},{"start":{"line":49,"column":31},"end":{"line":49,"column":43}}],"line":49},"3":{"loc":{"start":{"line":69,"column":6},"end":{"line":75,"column":7}},"type":"if","locations":[{"start":{"line":69,"column":6},"end":{"line":75,"column":7}},{"start":{},"end":{}}],"line":69},"4":{"loc":{"start":{"line":69,"column":10},"end":{"line":69,"column":50}},"type":"binary-expr","locations":[{"start":{"line":69,"column":10},"end":{"line":69,"column":28}},{"start":{"line":69,"column":32},"end":{"line":69,"column":50}}],"line":69},"5":{"loc":{"start":{"line":71,"column":28},"end":{"line":71,"column":52}},"type":"binary-expr","locations":[{"start":{"line":71,"column":28},"end":{"line":71,"column":41}},{"start":{"line":71,"column":45},"end":{"line":71,"column":52}}],"line":71},"6":{"loc":{"start":{"line":94,"column":6},"end":{"line":99,"column":7}},"type":"if","locations":[{"start":{"line":94,"column":6},"end":{"line":99,"column":7}},{"start":{},"end":{}}],"line":94},"7":{"loc":{"start":{"line":97,"column":28},"end":{"line":97,"column":58}},"type":"cond-expr","locations":[{"start":{"line":97,"column":47},"end":{"line":97,"column":54}},{"start":{"line":97,"column":57},"end":{"line":97,"column":58}}],"line":97},"8":{"loc":{"start":{"line":116,"column":6},"end":{"line":119,"column":7}},"type":"if","locations":[{"start":{"line":116,"column":6},"end":{"line":119,"column":7}},{"start":{},"end":{}}],"line":116},"9":{"loc":{"start":{"line":128,"column":4},"end":{"line":128,"column":52}},"type":"if","locations":[{"start":{"line":128,"column":4},"end":{"line":128,"column":52}},{"start":{},"end":{}}],"line":128},"10":{"loc":{"start":{"line":128,"column":8},"end":{"line":128,"column":43}},"type":"binary-expr","locations":[{"start":{"line":128,"column":8},"end":{"line":128,"column":16}},{"start":{"line":128,"column":20},"end":{"line":128,"column":43}}],"line":128},"11":{"loc":{"start":{"line":141,"column":6},"end":{"line":147,"column":7}},"type":"if","locations":[{"start":{"line":141,"column":6},"end":{"line":147,"column":7}},{"start":{},"end":{}}],"line":141},"12":{"loc":{"start":{"line":144,"column":28},"end":{"line":144,"column":58}},"type":"cond-expr","locations":[{"start":{"line":144,"column":47},"end":{"line":144,"column":54}},{"start":{"line":144,"column":57},"end":{"line":144,"column":58}}],"line":144},"13":{"loc":{"start":{"line":169,"column":4},"end":{"line":175,"column":5}},"type":"if","locations":[{"start":{"line":169,"column":4},"end":{"line":175,"column":5}},{"start":{},"end":{}}],"line":169},"14":{"loc":{"start":{"line":173,"column":15},"end":{"line":173,"column":47}},"type":"binary-expr","locations":[{"start":{"line":173,"column":15},"end":{"line":173,"column":28}},{"start":{"line":173,"column":32},"end":{"line":173,"column":47}}],"line":173},"15":{"loc":{"start":{"line":177,"column":4},"end":{"line":185,"column":5}},"type":"if","locations":[{"start":{"line":177,"column":4},"end":{"line":185,"column":5}},{"start":{},"end":{}}],"line":177},"16":{"loc":{"start":{"line":183,"column":15},"end":{"line":183,"column":46}},"type":"binary-expr","locations":[{"start":{"line":183,"column":15},"end":{"line":183,"column":31}},{"start":{"line":183,"column":35},"end":{"line":183,"column":46}}],"line":183},"17":{"loc":{"start":{"line":187,"column":4},"end":{"line":193,"column":5}},"type":"if","locations":[{"start":{"line":187,"column":4},"end":{"line":193,"column":5}},{"start":{},"end":{}}],"line":187},"18":{"loc":{"start":{"line":191,"column":15},"end":{"line":191,"column":48}},"type":"binary-expr","locations":[{"start":{"line":191,"column":15},"end":{"line":191,"column":28}},{"start":{"line":191,"column":32},"end":{"line":191,"column":48}}],"line":191},"19":{"loc":{"start":{"line":195,"column":4},"end":{"line":195,"column":44}},"type":"if","locations":[{"start":{"line":195,"column":4},"end":{"line":195,"column":44}},{"start":{},"end":{}}],"line":195},"20":{"loc":{"start":{"line":197,"column":4},"end":{"line":202,"column":5}},"type":"if","locations":[{"start":{"line":197,"column":4},"end":{"line":202,"column":5}},{"start":{},"end":{}}],"line":197},"21":{"loc":{"start":{"line":207,"column":13},"end":{"line":207,"column":61}},"type":"cond-expr","locations":[{"start":{"line":207,"column":32},"end":{"line":207,"column":45}},{"start":{"line":207,"column":48},"end":{"line":207,"column":61}}],"line":207},"22":{"loc":{"start":{"line":217,"column":2},"end":{"line":224,"column":3}},"type":"if","locations":[{"start":{"line":217,"column":2},"end":{"line":224,"column":3}},{"start":{},"end":{}}],"line":217},"23":{"loc":{"start":{"line":226,"column":2},"end":{"line":236,"column":3}},"type":"if","locations":[{"start":{"line":226,"column":2},"end":{"line":236,"column":3}},{"start":{},"end":{}}],"line":226},"24":{"loc":{"start":{"line":307,"column":9},"end":{"line":463,"column":9}},"type":"cond-expr","locations":[{"start":{"line":308,"column":10},"end":{"line":310,"column":14}},{"start":{"line":312,"column":10},"end":{"line":462,"column":18}}],"line":307},"25":{"loc":{"start":{"line":360,"column":37},"end":{"line":362,"column":31}},"type":"cond-expr","locations":[{"start":{"line":361,"column":24},"end":{"line":361,"column":33}},{"start":{"line":362,"column":24},"end":{"line":362,"column":31}}],"line":360},"26":{"loc":{"start":{"line":382,"column":38},"end":{"line":386,"column":34}},"type":"cond-expr","locations":[{"start":{"line":383,"column":26},"end":{"line":383,"column":40}},{"start":{"line":384,"column":26},"end":{"line":386,"column":34}}],"line":382},"27":{"loc":{"start":{"line":384,"column":26},"end":{"line":386,"column":34}},"type":"cond-expr","locations":[{"start":{"line":385,"column":28},"end":{"line":385,"column":39}},{"start":{"line":386,"column":28},"end":{"line":386,"column":34}}],"line":384},"28":{"loc":{"start":{"line":387,"column":29},"end":{"line":391,"column":35}},"type":"cond-expr","locations":[{"start":{"line":388,"column":26},"end":{"line":388,"column":32}},{"start":{"line":389,"column":26},"end":{"line":391,"column":35}}],"line":387},"29":{"loc":{"start":{"line":389,"column":26},"end":{"line":391,"column":35}},"type":"cond-expr","locations":[{"start":{"line":390,"column":28},"end":{"line":390,"column":37}},{"start":{"line":391,"column":28},"end":{"line":391,"column":35}}],"line":389},"30":{"loc":{"start":{"line":499,"column":31},"end":{"line":499,"column":61}},"type":"binary-expr","locations":[{"start":{"line":499,"column":31},"end":{"line":499,"column":48}},{"start":{"line":499,"column":52},"end":{"line":499,"column":61}}],"line":499}},"s":{"0":19,"1":19,"2":19,"3":19,"4":19,"5":19,"6":19,"7":19,"8":19,"9":5,"10":5,"11":5,"12":5,"13":5,"14":5,"15":5,"16":0,"17":0,"18":1,"19":0,"20":0,"21":1,"22":1,"23":1,"24":1,"25":1,"26":1,"27":1,"28":1,"29":0,"30":0,"31":0,"32":0,"33":0,"34":0,"35":0,"36":0,"37":0,"38":0,"39":0,"40":0,"41":0,"42":0,"43":0,"44":0,"45":0,"46":0,"47":0,"48":0,"49":0,"50":0,"51":0,"52":0,"53":0,"54":0,"55":19,"56":19,"57":19,"58":19,"59":19,"60":19,"61":19,"62":19,"63":0,"64":0,"65":0,"66":19,"67":0,"68":0,"69":0,"70":0,"71":0,"72":19,"73":0,"74":0,"75":0,"76":19,"77":0,"78":19,"79":0,"80":0,"81":0,"82":19,"83":0,"84":0,"85":0,"86":0,"87":0,"88":19,"89":19,"90":5,"91":14,"92":1,"93":0,"94":2,"95":2,"96":2,"97":13,"98":1,"99":1,"100":0,"101":0,"102":0,"103":0,"104":7,"105":7,"106":1,"107":0},"f":{"0":19,"1":5,"2":5,"3":5,"4":5,"5":0,"6":1,"7":0,"8":0,"9":0,"10":0,"11":0,"12":0,"13":19,"14":0,"15":0,"16":0,"17":0,"18":0,"19":0,"20":0,"21":2,"22":1,"23":1,"24":0,"25":0,"26":0,"27":0,"28":7,"29":7,"30":1,"31":0},"b":{"0":[5,0],"1":[0,1],"2":[1,1],"3":[1,0],"4":[1,0],"5":[1,1],"6":[0,0],"7":[0,0],"8":[0,0],"9":[0,0],"10":[0,0],"11":[0,0],"12":[0,0],"13":[0,19],"14":[0,0],"15":[0,19],"16":[0,0],"17":[0,19],"18":[0,0],"19":[0,19],"20":[0,19],"21":[0,0],"22":[5,14],"23":[1,13],"24":[12,1],"25":[0,1],"26":[0,1],"27":[0,1],"28":[0,1],"29":[0,1],"30":[7,0]},"_coverageSchema":"1a1c01bbd47fc00a2c39e90264f33305004495a9","hash":"eca7a3734bf3fe35006644cd061cc8e949efc910"}
,"/Users/sean/School/CSC/CSC 307/Group Project/CSC-307-To-Do-App/packages/react-frontend/src/pages/FoldersPage.jsx": {"path":"/Users/sean/School/CSC/CSC 307/Group Project/CSC-307-To-Do-App/packages/react-frontend/src/pages/FoldersPage.jsx","statementMap":{"0":{"start":{"line":8,"column":32},"end":{"line":8,"column":44}},"1":{"start":{"line":9,"column":44},"end":{"line":9,"column":56}},"2":{"start":{"line":11,"column":4},"end":{"line":11,"column":19}},"3":{"start":{"line":12,"column":32},"end":{"line":12,"column":46}},"4":{"start":{"line":13,"column":19},"end":{"line":13,"column":32}},"5":{"start":{"line":16,"column":2},"end":{"line":34,"column":9}},"6":{"start":{"line":17,"column":4},"end":{"line":33,"column":9}},"7":{"start":{"line":23,"column":8},"end":{"line":23,"column":54}},"8":{"start":{"line":23,"column":21},"end":{"line":23,"column":54}},"9":{"start":{"line":24,"column":8},"end":{"line":24,"column":26}},"10":{"start":{"line":27,"column":8},"end":{"line":27,"column":52}},"11":{"start":{"line":28,"column":8},"end":{"line":28,"column":26}},"12":{"start":{"line":31,"column":8},"end":{"line":31,"column":51}},"13":{"start":{"line":32,"column":8},"end":{"line":32,"column":26}},"14":{"start":{"line":38,"column":4},"end":{"line":38,"column":38}},"15":{"start":{"line":38,"column":31},"end":{"line":38,"column":38}},"16":{"start":{"line":40,"column":4},"end":{"line":64,"column":5}},"17":{"start":{"line":41,"column":18},"end":{"line":52,"column":7}},"18":{"start":{"line":54,"column":6},"end":{"line":61,"column":7}},"19":{"start":{"line":55,"column":26},"end":{"line":55,"column":42}},"20":{"start":{"line":56,"column":8},"end":{"line":56,"column":44}},"21":{"start":{"line":57,"column":8},"end":{"line":57,"column":29}},"22":{"start":{"line":58,"column":8},"end":{"line":58,"column":36}},"23":{"start":{"line":60,"column":8},"end":{"line":60,"column":49}},"24":{"start":{"line":63,"column":6},"end":{"line":63,"column":49}},"25":{"start":{"line":69,"column":4},"end":{"line":69,"column":24}},"26":{"start":{"line":71,"column":4},"end":{"line":74,"column":13}},"27":{"start":{"line":74,"column":6},"end":{"line":74,"column":13}},"28":{"start":{"line":76,"column":4},"end":{"line":92,"column":5}},"29":{"start":{"line":77,"column":18},"end":{"line":83,"column":7}},"30":{"start":{"line":85,"column":6},"end":{"line":89,"column":7}},"31":{"start":{"line":86,"column":8},"end":{"line":86,"column":56}},"32":{"start":{"line":86,"column":41},"end":{"line":86,"column":53}},"33":{"start":{"line":88,"column":8},"end":{"line":88,"column":49}},"34":{"start":{"line":91,"column":6},"end":{"line":91,"column":49}},"35":{"start":{"line":96,"column":4},"end":{"line":96,"column":43}},"36":{"start":{"line":99,"column":2},"end":{"line":106,"column":3}},"37":{"start":{"line":100,"column":4},"end":{"line":105,"column":6}},"38":{"start":{"line":107,"column":2},"end":{"line":321,"column":4}},"39":{"start":{"line":146,"column":10},"end":{"line":208,"column":16}},"40":{"start":{"line":158,"column":27},"end":{"line":158,"column":49}},"41":{"start":{"line":160,"column":15},"end":{"line":161,"column":34}},"42":{"start":{"line":164,"column":15},"end":{"line":165,"column":31}},"43":{"start":{"line":169,"column":30},"end":{"line":169,"column":57}},"44":{"start":{"line":213,"column":27},"end":{"line":213,"column":53}},"45":{"start":{"line":228,"column":14},"end":{"line":228,"column":64}},"46":{"start":{"line":229,"column":14},"end":{"line":230,"column":35}},"47":{"start":{"line":233,"column":14},"end":{"line":233,"column":64}},"48":{"start":{"line":234,"column":14},"end":{"line":234,"column":64}},"49":{"start":{"line":271,"column":29},"end":{"line":271,"column":61}},"50":{"start":{"line":273,"column":14},"end":{"line":273,"column":49}},"51":{"start":{"line":303,"column":16},"end":{"line":303,"column":44}},"52":{"start":{"line":304,"column":16},"end":{"line":304,"column":37}}},"fnMap":{"0":{"name":"FoldersPage","decl":{"start":{"line":7,"column":24},"end":{"line":7,"column":35}},"loc":{"start":{"line":7,"column":38},"end":{"line":322,"column":1}},"line":7},"1":{"name":"(anonymous_1)","decl":{"start":{"line":16,"column":12},"end":{"line":16,"column":13}},"loc":{"start":{"line":16,"column":18},"end":{"line":34,"column":3}},"line":16},"2":{"name":"(anonymous_2)","decl":{"start":{"line":22,"column":12},"end":{"line":22,"column":13}},"loc":{"start":{"line":22,"column":21},"end":{"line":25,"column":7}},"line":22},"3":{"name":"(anonymous_3)","decl":{"start":{"line":26,"column":12},"end":{"line":26,"column":13}},"loc":{"start":{"line":26,"column":22},"end":{"line":29,"column":7}},"line":26},"4":{"name":"(anonymous_4)","decl":{"start":{"line":30,"column":13},"end":{"line":30,"column":14}},"loc":{"start":{"line":30,"column":22},"end":{"line":33,"column":7}},"line":30},"5":{"name":"createFolder","decl":{"start":{"line":37,"column":17},"end":{"line":37,"column":29}},"loc":{"start":{"line":37,"column":32},"end":{"line":65,"column":3}},"line":37},"6":{"name":"deleteFolder","decl":{"start":{"line":68,"column":17},"end":{"line":68,"column":29}},"loc":{"start":{"line":68,"column":37},"end":{"line":93,"column":3}},"line":68},"7":{"name":"(anonymous_7)","decl":{"start":{"line":86,"column":34},"end":{"line":86,"column":35}},"loc":{"start":{"line":86,"column":41},"end":{"line":86,"column":53}},"line":86},"8":{"name":"openFolder","decl":{"start":{"line":95,"column":11},"end":{"line":95,"column":21}},"loc":{"start":{"line":95,"column":32},"end":{"line":97,"column":3}},"line":95},"9":{"name":"(anonymous_9)","decl":{"start":{"line":145,"column":21},"end":{"line":145,"column":22}},"loc":{"start":{"line":146,"column":10},"end":{"line":208,"column":16}},"line":146},"10":{"name":"(anonymous_10)","decl":{"start":{"line":158,"column":21},"end":{"line":158,"column":22}},"loc":{"start":{"line":158,"column":27},"end":{"line":158,"column":49}},"line":158},"11":{"name":"(anonymous_11)","decl":{"start":{"line":159,"column":26},"end":{"line":159,"column":27}},"loc":{"start":{"line":160,"column":15},"end":{"line":161,"column":34}},"line":160},"12":{"name":"(anonymous_12)","decl":{"start":{"line":163,"column":26},"end":{"line":163,"column":27}},"loc":{"start":{"line":164,"column":15},"end":{"line":165,"column":31}},"line":164},"13":{"name":"(anonymous_13)","decl":{"start":{"line":169,"column":23},"end":{"line":169,"column":24}},"loc":{"start":{"line":169,"column":30},"end":{"line":169,"column":57}},"line":169},"14":{"name":"(anonymous_14)","decl":{"start":{"line":213,"column":21},"end":{"line":213,"column":22}},"loc":{"start":{"line":213,"column":27},"end":{"line":213,"column":53}},"line":213},"15":{"name":"(anonymous_15)","decl":{"start":{"line":227,"column":26},"end":{"line":227,"column":27}},"loc":{"start":{"line":227,"column":33},"end":{"line":231,"column":13}},"line":227},"16":{"name":"(anonymous_16)","decl":{"start":{"line":232,"column":26},"end":{"line":232,"column":27}},"loc":{"start":{"line":232,"column":33},"end":{"line":235,"column":13}},"line":232},"17":{"name":"(anonymous_17)","decl":{"start":{"line":271,"column":22},"end":{"line":271,"column":23}},"loc":{"start":{"line":271,"column":29},"end":{"line":271,"column":61}},"line":271},"18":{"name":"(anonymous_18)","decl":{"start":{"line":272,"column":24},"end":{"line":272,"column":25}},"loc":{"start":{"line":273,"column":14},"end":{"line":273,"column":49}},"line":273},"19":{"name":"(anonymous_19)","decl":{"start":{"line":302,"column":23},"end":{"line":302,"column":24}},"loc":{"start":{"line":302,"column":29},"end":{"line":305,"column":15}},"line":302}},"branchMap":{"0":{"loc":{"start":{"line":23,"column":8},"end":{"line":23,"column":54}},"type":"if","locations":[{"start":{"line":23,"column":8},"end":{"line":23,"column":54}},{"start":{},"end":{}}],"line":23},"1":{"loc":{"start":{"line":27,"column":19},"end":{"line":27,"column":50}},"type":"cond-expr","locations":[{"start":{"line":27,"column":41},"end":{"line":27,"column":45}},{"start":{"line":27,"column":48},"end":{"line":27,"column":50}}],"line":27},"2":{"loc":{"start":{"line":38,"column":4},"end":{"line":38,"column":38}},"type":"if","locations":[{"start":{"line":38,"column":4},"end":{"line":38,"column":38}},{"start":{},"end":{}}],"line":38},"3":{"loc":{"start":{"line":54,"column":6},"end":{"line":61,"column":7}},"type":"if","locations":[{"start":{"line":54,"column":6},"end":{"line":61,"column":7}},{"start":{"line":59,"column":13},"end":{"line":61,"column":7}}],"line":54},"4":{"loc":{"start":{"line":71,"column":4},"end":{"line":74,"column":13}},"type":"if","locations":[{"start":{"line":71,"column":4},"end":{"line":74,"column":13}},{"start":{},"end":{}}],"line":71},"5":{"loc":{"start":{"line":85,"column":6},"end":{"line":89,"column":7}},"type":"if","locations":[{"start":{"line":85,"column":6},"end":{"line":89,"column":7}},{"start":{"line":87,"column":13},"end":{"line":89,"column":7}}],"line":85},"6":{"loc":{"start":{"line":99,"column":2},"end":{"line":106,"column":3}},"type":"if","locations":[{"start":{"line":99,"column":2},"end":{"line":106,"column":3}},{"start":{},"end":{}}],"line":99},"7":{"loc":{"start":{"line":150,"column":31},"end":{"line":150,"column":56}},"type":"binary-expr","locations":[{"start":{"line":150,"column":31},"end":{"line":150,"column":43}},{"start":{"line":150,"column":47},"end":{"line":150,"column":56}}],"line":150},"8":{"loc":{"start":{"line":211,"column":9},"end":{"line":250,"column":9}},"type":"binary-expr","locations":[{"start":{"line":211,"column":9},"end":{"line":211,"column":27}},{"start":{"line":212,"column":10},"end":{"line":249,"column":16}}],"line":211},"9":{"loc":{"start":{"line":253,"column":7},"end":{"line":319,"column":7}},"type":"binary-expr","locations":[{"start":{"line":253,"column":7},"end":{"line":253,"column":24}},{"start":{"line":254,"column":8},"end":{"line":318,"column":14}}],"line":253},"10":{"loc":{"start":{"line":273,"column":14},"end":{"line":273,"column":49}},"type":"binary-expr","locations":[{"start":{"line":273,"column":14},"end":{"line":273,"column":31}},{"start":{"line":273,"column":35},"end":{"line":273,"column":49}}],"line":273}},"s":{"0":49,"1":49,"2":49,"3":49,"4":49,"5":49,"6":13,"7":13,"8":0,"9":13,"10":13,"11":13,"12":0,"13":0,"14":3,"15":1,"16":2,"17":2,"18":2,"19":1,"20":1,"21":1,"22":1,"23":1,"24":0,"25":2,"26":2,"27":1,"28":1,"29":1,"30":1,"31":1,"32":1,"33":0,"34":0,"35":1,"36":49,"37":13,"38":36,"39":5,"40":1,"41":3,"42":0,"43":2,"44":6,"45":6,"46":6,"47":0,"48":0,"49":14,"50":14,"51":1,"52":1},"f":{"0":49,"1":13,"2":13,"3":13,"4":0,"5":3,"6":2,"7":1,"8":1,"9":5,"10":1,"11":3,"12":0,"13":2,"14":6,"15":6,"16":0,"17":14,"18":14,"19":1},"b":{"0":[0,13],"1":[7,6],"2":[1,2],"3":[1,1],"4":[1,1],"5":[1,0],"6":[13,36],"7":[5,0],"8":[36,16],"9":[36,20],"10":[14,0]},"_coverageSchema":"1a1c01bbd47fc00a2c39e90264f33305004495a9","hash":"e2132d5719c06d5aea2499e5532370c233c422a4"}
,"/Users/sean/School/CSC/CSC 307/Group Project/CSC-307-To-Do-App/packages/react-frontend/src/pages/LoginPage.jsx": {"path":"/Users/sean/School/CSC/CSC 307/Group Project/CSC-307-To-Do-App/packages/react-frontend/src/pages/LoginPage.jsx","statementMap":{"0":{"start":{"line":7,"column":19},"end":{"line":7,"column":29}},"1":{"start":{"line":8,"column":26},"end":{"line":11,"column":4}},"2":{"start":{"line":12,"column":19},"end":{"line":12,"column":32}},"3":{"start":{"line":15,"column":28},"end":{"line":15,"column":36}},"4":{"start":{"line":16,"column":4},"end":{"line":19,"column":8}},"5":{"start":{"line":16,"column":23},"end":{"line":19,"column":5}},"6":{"start":{"line":22,"column":16},"end":{"line":62,"column":3}},"7":{"start":{"line":23,"column":4},"end":{"line":23,"column":23}},"8":{"start":{"line":25,"column":18},"end":{"line":25,"column":47}},"9":{"start":{"line":27,"column":16},"end":{"line":38,"column":5}},"10":{"start":{"line":40,"column":17},"end":{"line":40,"column":33}},"11":{"start":{"line":41,"column":4},"end":{"line":41,"column":45}},"12":{"start":{"line":42,"column":4},"end":{"line":42,"column":45}},"13":{"start":{"line":44,"column":4},"end":{"line":48,"column":5}},"14":{"start":{"line":45,"column":6},"end":{"line":45,"column":56}},"15":{"start":{"line":47,"column":6},"end":{"line":47,"column":54}},"16":{"start":{"line":50,"column":17},"end":{"line":50,"column":33}},"17":{"start":{"line":51,"column":4},"end":{"line":51,"column":46}},"18":{"start":{"line":53,"column":4},"end":{"line":57,"column":5}},"19":{"start":{"line":54,"column":6},"end":{"line":54,"column":35}},"20":{"start":{"line":55,"column":6},"end":{"line":55,"column":51}},"21":{"start":{"line":56,"column":6},"end":{"line":56,"column":13}},"22":{"start":{"line":59,"column":4},"end":{"line":59,"column":44}},"23":{"start":{"line":60,"column":4},"end":{"line":60,"column":59}},"24":{"start":{"line":61,"column":4},"end":{"line":61,"column":25}},"25":{"start":{"line":64,"column":2},"end":{"line":107,"column":4}}},"fnMap":{"0":{"name":"LoginPage","decl":{"start":{"line":6,"column":9},"end":{"line":6,"column":18}},"loc":{"start":{"line":6,"column":21},"end":{"line":108,"column":1}},"line":6},"1":{"name":"handleChange","decl":{"start":{"line":14,"column":11},"end":{"line":14,"column":23}},"loc":{"start":{"line":14,"column":27},"end":{"line":20,"column":3}},"line":14},"2":{"name":"(anonymous_2)","decl":{"start":{"line":16,"column":12},"end":{"line":16,"column":13}},"loc":{"start":{"line":16,"column":23},"end":{"line":19,"column":5}},"line":16},"3":{"name":"(anonymous_3)","decl":{"start":{"line":22,"column":16},"end":{"line":22,"column":17}},"loc":{"start":{"line":22,"column":29},"end":{"line":62,"column":3}},"line":22}},"branchMap":{"0":{"loc":{"start":{"line":44,"column":4},"end":{"line":48,"column":5}},"type":"if","locations":[{"start":{"line":44,"column":4},"end":{"line":48,"column":5}},{"start":{},"end":{}}],"line":44},"1":{"loc":{"start":{"line":53,"column":4},"end":{"line":57,"column":5}},"type":"if","locations":[{"start":{"line":53,"column":4},"end":{"line":57,"column":5}},{"start":{},"end":{}}],"line":53}},"s":{"0":17,"1":17,"2":17,"3":12,"4":12,"5":12,"6":17,"7":0,"8":0,"9":0,"10":0,"11":0,"12":0,"13":0,"14":0,"15":0,"16":0,"17":0,"18":0,"19":0,"20":0,"21":0,"22":0,"23":0,"24":0,"25":17},"f":{"0":17,"1":12,"2":12,"3":0},"b":{"0":[0,0],"1":[0,0]},"_coverageSchema":"1a1c01bbd47fc00a2c39e90264f33305004495a9","hash":"2fb595953a1dd28ffbd62a6c384d8bf610eb73bc"}
,"/Users/sean/School/CSC/CSC 307/Group Project/CSC-307-To-Do-App/packages/react-frontend/src/pages/MainPage.jsx": {"path":"/Users/sean/School/CSC/CSC 307/Group Project/CSC-307-To-Do-App/packages/react-frontend/src/pages/MainPage.jsx","statementMap":{"0":{"start":{"line":6,"column":2},"end":{"line":24,"column":4}}},"fnMap":{"0":{"name":"MainPage","decl":{"start":{"line":5,"column":9},"end":{"line":5,"column":17}},"loc":{"start":{"line":5,"column":20},"end":{"line":25,"column":1}},"line":5}},"branchMap":{},"s":{"0":1},"f":{"0":1},"b":{},"_coverageSchema":"1a1c01bbd47fc00a2c39e90264f33305004495a9","hash":"038361f04337aef2cbf7e5a7f3f8195f923f4e9a"}
,"/Users/sean/School/CSC/CSC 307/Group Project/CSC-307-To-Do-App/packages/react-frontend/src/pages/components/Navbar.jsx": {"path":"/Users/sean/School/CSC/CSC 307/Group Project/CSC-307-To-Do-App/packages/react-frontend/src/pages/components/Navbar.jsx","statementMap":{"0":{"start":{"line":8,"column":19},"end":{"line":8,"column":32}},"1":{"start":{"line":9,"column":23},"end":{"line":23,"column":3}},"2":{"start":{"line":10,"column":4},"end":{"line":20,"column":5}},"3":{"start":{"line":11,"column":6},"end":{"line":17,"column":8}},"4":{"start":{"line":19,"column":6},"end":{"line":19,"column":13}},"5":{"start":{"line":21,"column":4},"end":{"line":21,"column":37}},"6":{"start":{"line":22,"column":4},"end":{"line":22,"column":42}},"7":{"start":{"line":25,"column":2},"end":{"line":57,"column":4}}},"fnMap":{"0":{"name":"Navbar","decl":{"start":{"line":7,"column":24},"end":{"line":7,"column":30}},"loc":{"start":{"line":7,"column":33},"end":{"line":58,"column":1}},"line":7},"1":{"name":"(anonymous_1)","decl":{"start":{"line":9,"column":23},"end":{"line":9,"column":24}},"loc":{"start":{"line":9,"column":35},"end":{"line":23,"column":3}},"line":9}},"branchMap":{},"s":{"0":82,"1":82,"2":1,"3":1,"4":0,"5":1,"6":1,"7":82},"f":{"0":82,"1":1},"b":{},"_coverageSchema":"1a1c01bbd47fc00a2c39e90264f33305004495a9","hash":"cb09b80ce4bf50d4c16dced98f147d1de53c331f"}
,"/Users/sean/School/CSC/CSC 307/Group Project/CSC-307-To-Do-App/packages/react-frontend/src/pages/components/RequireAuth.jsx": {"path":"/Users/sean/School/CSC/CSC 307/Group Project/CSC-307-To-Do-App/packages/react-frontend/src/pages/components/RequireAuth.jsx","statementMap":{"0":{"start":{"line":7,"column":19},"end":{"line":7,"column":29}},"1":{"start":{"line":8,"column":28},"end":{"line":11,"column":4}},"2":{"start":{"line":12,"column":17},"end":{"line":12,"column":30}},"3":{"start":{"line":14,"column":2},"end":{"line":21,"column":9}},"4":{"start":{"line":15,"column":4},"end":{"line":20,"column":60}},"5":{"start":{"line":19,"column":19},"end":{"line":19,"column":57}},"6":{"start":{"line":20,"column":19},"end":{"line":20,"column":58}},"7":{"start":{"line":23,"column":2},"end":{"line":28,"column":38}},"8":{"start":{"line":24,"column":4},"end":{"line":27,"column":5}},"9":{"start":{"line":25,"column":6},"end":{"line":25,"column":28}},"10":{"start":{"line":26,"column":6},"end":{"line":26,"column":33}},"11":{"start":{"line":30,"column":2},"end":{"line":30,"column":33}},"12":{"start":{"line":30,"column":21},"end":{"line":30,"column":33}},"13":{"start":{"line":31,"column":2},"end":{"line":39,"column":4}}},"fnMap":{"0":{"name":"RequireAuth","decl":{"start":{"line":6,"column":24},"end":{"line":6,"column":35}},"loc":{"start":{"line":6,"column":38},"end":{"line":40,"column":1}},"line":6},"1":{"name":"(anonymous_1)","decl":{"start":{"line":14,"column":12},"end":{"line":14,"column":13}},"loc":{"start":{"line":14,"column":18},"end":{"line":21,"column":3}},"line":14},"2":{"name":"(anonymous_2)","decl":{"start":{"line":19,"column":12},"end":{"line":19,"column":13}},"loc":{"start":{"line":19,"column":19},"end":{"line":19,"column":57}},"line":19},"3":{"name":"(anonymous_3)","decl":{"start":{"line":20,"column":13},"end":{"line":20,"column":14}},"loc":{"start":{"line":20,"column":19},"end":{"line":20,"column":58}},"line":20},"4":{"name":"(anonymous_4)","decl":{"start":{"line":23,"column":12},"end":{"line":23,"column":13}},"loc":{"start":{"line":23,"column":18},"end":{"line":28,"column":3}},"line":23}},"branchMap":{"0":{"loc":{"start":{"line":24,"column":4},"end":{"line":27,"column":5}},"type":"if","locations":[{"start":{"line":24,"column":4},"end":{"line":27,"column":5}},{"start":{},"end":{}}],"line":24},"1":{"loc":{"start":{"line":24,"column":8},"end":{"line":24,"column":54}},"type":"binary-expr","locations":[{"start":{"line":24,"column":8},"end":{"line":24,"column":22}},{"start":{"line":24,"column":26},"end":{"line":24,"column":35}},{"start":{"line":24,"column":39},"end":{"line":24,"column":54}}],"line":24},"2":{"loc":{"start":{"line":30,"column":2},"end":{"line":30,"column":33}},"type":"if","locations":[{"start":{"line":30,"column":2},"end":{"line":30,"column":33}},{"start":{},"end":{}}],"line":30},"3":{"loc":{"start":{"line":31,"column":9},"end":{"line":39,"column":3}},"type":"cond-expr","locations":[{"start":{"line":32,"column":4},"end":{"line":32,"column":14}},{"start":{"line":34,"column":4},"end":{"line":38,"column":6}}],"line":31}},"s":{"0":5,"1":5,"2":5,"3":5,"4":3,"5":3,"6":0,"7":5,"8":5,"9":0,"10":0,"11":5,"12":3,"13":2},"f":{"0":5,"1":3,"2":3,"3":0,"4":5},"b":{"0":[0,5],"1":[5,2,0],"2":[3,2],"3":[2,0]},"_coverageSchema":"1a1c01bbd47fc00a2c39e90264f33305004495a9","hash":"738d7728cc9c8be8494bec402b528d0c1a731e47"}
,"/Users/sean/School/CSC/CSC 307/Group Project/CSC-307-To-Do-App/packages/react-frontend/src/pages/components/ToastProvider.jsx": {"path":"/Users/sean/School/CSC/CSC 307/Group Project/CSC-307-To-Do-App/packages/react-frontend/src/pages/components/ToastProvider.jsx","statementMap":{"0":{"start":{"line":9,"column":17},"end":{"line":9,"column":36}},"1":{"start":{"line":12,"column":30},"end":{"line":12,"column":42}},"2":{"start":{"line":13,"column":15},"end":{"line":23,"column":3}},"3":{"start":{"line":15,"column":17},"end":{"line":15,"column":52}},"4":{"start":{"line":16,"column":6},"end":{"line":16,"column":54}},"5":{"start":{"line":16,"column":23},"end":{"line":16,"column":52}},"6":{"start":{"line":17,"column":6},"end":{"line":20,"column":8}},"7":{"start":{"line":18,"column":14},"end":{"line":18,"column":60}},"8":{"start":{"line":18,"column":31},"end":{"line":18,"column":59}},"9":{"start":{"line":18,"column":47},"end":{"line":18,"column":58}},"10":{"start":{"line":24,"column":2},"end":{"line":41,"column":4}},"11":{"start":{"line":32,"column":10},"end":{"line":34,"column":16}},"12":{"start":{"line":46,"column":18},"end":{"line":46,"column":38}},"13":{"start":{"line":47,"column":2},"end":{"line":50,"column":6}},"14":{"start":{"line":48,"column":4},"end":{"line":50,"column":6}},"15":{"start":{"line":51,"column":2},"end":{"line":51,"column":17}}},"fnMap":{"0":{"name":"ToastProvider","decl":{"start":{"line":11,"column":16},"end":{"line":11,"column":29}},"loc":{"start":{"line":11,"column":44},"end":{"line":42,"column":1}},"line":11},"1":{"name":"(anonymous_1)","decl":{"start":{"line":14,"column":4},"end":{"line":14,"column":5}},"loc":{"start":{"line":14,"column":44},"end":{"line":21,"column":5}},"line":14},"2":{"name":"(anonymous_2)","decl":{"start":{"line":16,"column":16},"end":{"line":16,"column":17}},"loc":{"start":{"line":16,"column":23},"end":{"line":16,"column":52}},"line":16},"3":{"name":"(anonymous_3)","decl":{"start":{"line":18,"column":8},"end":{"line":18,"column":9}},"loc":{"start":{"line":18,"column":14},"end":{"line":18,"column":60}},"line":18},"4":{"name":"(anonymous_4)","decl":{"start":{"line":18,"column":24},"end":{"line":18,"column":25}},"loc":{"start":{"line":18,"column":31},"end":{"line":18,"column":59}},"line":18},"5":{"name":"(anonymous_5)","decl":{"start":{"line":18,"column":40},"end":{"line":18,"column":41}},"loc":{"start":{"line":18,"column":47},"end":{"line":18,"column":58}},"line":18},"6":{"name":"(anonymous_6)","decl":{"start":{"line":31,"column":20},"end":{"line":31,"column":21}},"loc":{"start":{"line":32,"column":10},"end":{"line":34,"column":16}},"line":32},"7":{"name":"useToast","decl":{"start":{"line":45,"column":16},"end":{"line":45,"column":24}},"loc":{"start":{"line":45,"column":27},"end":{"line":52,"column":1}},"line":45}},"branchMap":{"0":{"loc":{"start":{"line":14,"column":14},"end":{"line":14,"column":28}},"type":"default-arg","locations":[{"start":{"line":14,"column":21},"end":{"line":14,"column":28}}],"line":14},"1":{"loc":{"start":{"line":14,"column":30},"end":{"line":14,"column":39}},"type":"default-arg","locations":[{"start":{"line":14,"column":35},"end":{"line":14,"column":39}}],"line":14},"2":{"loc":{"start":{"line":47,"column":2},"end":{"line":50,"column":6}},"type":"if","locations":[{"start":{"line":47,"column":2},"end":{"line":50,"column":6}},{"start":{},"end":{}}],"line":47}},"s":{"0":3,"1":7,"2":7,"3":0,"4":0,"5":0,"6":0,"7":0,"8":0,"9":0,"10":7,"11":0,"12":25,"13":25,"14":0,"15":25},"f":{"0":7,"1":0,"2":0,"3":0,"4":0,"5":0,"6":0,"7":25},"b":{"0":[0],"1":[0],"2":[0,25]},"_coverageSchema":"1a1c01bbd47fc00a2c39e90264f33305004495a9","hash":"912ebfb45850dc1d40d2d3b6a4e766335bffdf6f"}
}
