TN:
SF:src/App.jsx
FN:19,WithNavbar
FN:30,App
FNF:2
FNH:2
FNDA:3,WithNavbar
FNDA:4,App
DA:20,3
DA:31,4
LF:2
LH:2
BRF:0
BRH:0
end_of_record
TN:
SF:src/pages/CreateAccountPage.jsx
FN:7,CreateAccount
FN:14,(anonymous_1)
FN:68,(anonymous_2)
FN:80,(anonymous_3)
FNF:4
FNH:4
FNDA:55,CreateAccount
FNDA:5,(anonymous_1)
FNDA:22,(anonymous_2)
FNDA:26,(anonymous_3)
DA:8,55
DA:9,55
DA:13,55
DA:14,55
DA:15,5
DA:18,5
DA:19,5
DA:20,1
DA:21,1
DA:23,4
DA:24,1
DA:25,1
DA:27,3
DA:28,1
DA:29,1
DA:31,2
DA:32,1
DA:33,1
DA:36,1
DA:47,1
DA:48,1
DA:49,1
DA:50,1
DA:51,1
DA:54,0
DA:55,0
DA:58,55
DA:69,22
DA:81,26
LF:29
LH:27
BRDA:19,0,0,1
BRDA:19,0,1,4
BRDA:19,1,0,5
BRDA:19,1,1,2
BRDA:23,2,0,1
BRDA:23,2,1,3
BRDA:27,3,0,1
BRDA:27,3,1,2
BRDA:31,4,0,1
BRDA:31,4,1,1
BRDA:47,5,0,1
BRDA:47,5,1,0
BRDA:49,6,0,1
BRDA:49,6,1,0
BRDA:49,6,2,0
BRF:15
BRH:12
end_of_record
TN:
SF:src/pages/DeletedTasksPage.jsx
FN:5,DeletedTasksPage
FN:10,(anonymous_1)
FN:15,(anonymous_2)
FN:19,(anonymous_3)
FN:27,(anonymous_4)
FN:33,restoreOneTask
FN:48,(anonymous_6)
FN:50,(anonymous_7)
FN:51,(anonymous_8)
FN:58,(anonymous_9)
FN:62,deleteOne
FN:77,(anonymous_11)
FN:101,(anonymous_12)
FN:115,(anonymous_13)
FN:120,(anonymous_14)
FNF:15
FNH:14
FNDA:16,DeletedTasksPage
FNDA:8,(anonymous_1)
FNDA:8,(anonymous_2)
FNDA:7,(anonymous_3)
FNDA:1,(anonymous_4)
FNDA:2,restoreOneTask
FNDA:2,(anonymous_6)
FNDA:1,(anonymous_7)
FNDA:1,(anonymous_8)
FNDA:0,(anonymous_9)
FNDA:2,deleteOne
FNDA:1,(anonymous_11)
FNDA:6,(anonymous_12)
FNDA:2,(anonymous_13)
FNDA:2,(anonymous_14)
DA:6,16
DA:7,16
DA:10,16
DA:11,8
DA:16,8
DA:17,7
DA:20,7
DA:25,7
DA:28,1
DA:34,2
DA:36,2
DA:37,0
DA:38,0
DA:41,2
DA:49,2
DA:50,1
DA:51,1
DA:53,1
DA:55,1
DA:58,0
DA:63,2
DA:64,2
DA:65,0
DA:66,0
DA:68,2
DA:69,2
DA:76,2
DA:77,1
DA:78,1
DA:80,1
DA:84,0
DA:88,16
DA:102,6
DA:115,2
DA:120,2
LF:35
LH:29
BRDA:16,0,0,1
BRDA:16,0,1,7
BRDA:20,1,0,6
BRDA:20,1,1,1
BRDA:22,2,0,0
BRDA:22,2,1,1
BRDA:36,3,0,0
BRDA:36,3,1,2
BRDA:49,4,0,1
BRDA:49,4,1,1
BRDA:64,5,0,0
BRDA:64,5,1,2
BRDA:76,6,0,1
BRDA:76,6,1,1
BRDA:102,7,0,6
BRDA:102,7,1,0
BRF:16
BRH:12
end_of_record
TN:
SF:src/pages/FolderTasksPage.jsx
FN:6,FolderTasksPage
FN:18,(anonymous_1)
FN:31,(anonymous_2)
FN:34,(anonymous_3)
FN:37,(anonymous_4)
FN:42,(anonymous_5)
FN:49,addTask
FN:85,toggleTask
FN:130,(anonymous_8)
FN:152,calculateNextDate
FN:165,deleteTask
FN:176,(anonymous_11)
FN:185,editTask
FN:203,(anonymous_13)
FN:216,sortTasks
FN:228,(anonymous_15)
FN:238,(anonymous_16)
FN:246,(anonymous_17)
FN:255,(anonymous_18)
FN:261,(anonymous_19)
FN:268,handleSortChange
FN:289,(anonymous_21)
FN:296,overdue
FN:304,isUpcoming
FN:313,(anonymous_24)
FN:316,normalizeDate
FN:323,getRepeatIcon
FN:334,(anonymous_27)
FN:380,(anonymous_28)
FN:391,(anonymous_29)
FN:393,(anonymous_30)
FN:462,(anonymous_31)
FN:476,(anonymous_32)
FN:503,(anonymous_33)
FN:545,(anonymous_34)
FN:563,(anonymous_35)
FN:617,(anonymous_36)
FN:618,(anonymous_37)
FN:632,(anonymous_38)
FN:642,(anonymous_39)
FN:673,(anonymous_40)
FNF:41
FNH:26
FNDA:26,FolderTasksPage
FNDA:9,(anonymous_1)
FNDA:9,(anonymous_2)
FNDA:8,(anonymous_3)
FNDA:8,(anonymous_4)
FNDA:1,(anonymous_5)
FNDA:2,addTask
FNDA:1,toggleTask
FNDA:1,(anonymous_8)
FNDA:0,calculateNextDate
FNDA:1,deleteTask
FNDA:1,(anonymous_11)
FNDA:1,editTask
FNDA:1,(anonymous_13)
FNDA:26,sortTasks
FNDA:0,(anonymous_15)
FNDA:0,(anonymous_16)
FNDA:0,(anonymous_17)
FNDA:0,(anonymous_18)
FNDA:0,(anonymous_19)
FNDA:0,handleSortChange
FNDA:0,(anonymous_21)
FNDA:10,overdue
FNDA:17,isUpcoming
FNDA:6,(anonymous_24)
FNDA:0,normalizeDate
FNDA:6,getRepeatIcon
FNDA:0,(anonymous_27)
FNDA:6,(anonymous_28)
FNDA:0,(anonymous_29)
FNDA:0,(anonymous_30)
FNDA:6,(anonymous_31)
FNDA:1,(anonymous_32)
FNDA:1,(anonymous_33)
FNDA:0,(anonymous_34)
FNDA:1,(anonymous_35)
FNDA:4,(anonymous_36)
FNDA:4,(anonymous_37)
FNDA:1,(anonymous_38)
FNDA:0,(anonymous_39)
FNDA:0,(anonymous_40)
DA:7,26
DA:8,26
DA:9,26
DA:10,26
DA:11,26
DA:12,26
DA:13,26
DA:14,26
DA:15,26
DA:18,26
DA:19,9
DA:32,9
DA:35,8
DA:36,8
DA:37,8
DA:39,8
DA:40,8
DA:43,1
DA:44,1
DA:50,2
DA:51,1
DA:52,1
DA:55,1
DA:56,1
DA:71,1
DA:72,1
DA:73,1
DA:74,1
DA:75,1
DA:76,1
DA:77,1
DA:80,0
DA:88,1
DA:90,1
DA:95,0
DA:101,0
DA:117,1
DA:127,1
DA:128,1
DA:129,1
DA:130,1
DA:134,1
DA:139,0
DA:143,0
DA:144,0
DA:148,0
DA:153,0
DA:155,0
DA:156,0
DA:157,0
DA:158,0
DA:161,0
DA:166,1
DA:167,1
DA:175,1
DA:176,1
DA:177,1
DA:180,0
DA:186,1
DA:187,1
DA:189,1
DA:190,1
DA:200,1
DA:201,1
DA:202,1
DA:203,1
DA:205,1
DA:208,0
DA:213,26
DA:217,26
DA:218,26
DA:219,26
DA:220,26
DA:221,26
DA:222,26
DA:223,26
DA:225,26
DA:228,0
DA:229,0
DA:230,0
DA:234,26
DA:236,0
DA:237,0
DA:238,0
DA:239,0
DA:240,0
DA:244,26
DA:246,0
DA:247,0
DA:248,0
DA:252,26
DA:254,26
DA:255,0
DA:256,0
DA:257,0
DA:261,26
DA:262,0
DA:263,0
DA:264,0
DA:269,0
DA:270,0
DA:273,26
DA:275,26
DA:276,9
DA:284,17
DA:285,1
DA:289,0
DA:297,10
DA:298,10
DA:299,10
DA:300,10
DA:305,17
DA:306,17
DA:308,17
DA:309,17
DA:310,17
DA:313,16
DA:317,0
DA:318,0
DA:319,0
DA:324,6
DA:325,6
DA:326,6
DA:329,16
DA:334,0
DA:380,6
DA:391,0
DA:394,0
DA:463,6
DA:477,1
DA:504,1
DA:546,0
DA:563,1
DA:617,4
DA:618,4
DA:632,1
DA:642,0
DA:673,0
LF:138
LH:94
BRDA:35,0,0,8
BRDA:35,0,1,0
BRDA:50,1,0,1
BRDA:50,1,1,1
BRDA:50,2,0,2
BRDA:50,2,1,1
BRDA:71,3,0,1
BRDA:71,3,1,0
BRDA:71,4,0,1
BRDA:71,4,1,0
BRDA:73,5,0,1
BRDA:73,5,1,1
BRDA:90,6,0,0
BRDA:90,6,1,1
BRDA:91,7,0,1
BRDA:91,7,1,1
BRDA:91,7,2,0
BRDA:127,8,0,1
BRDA:127,8,1,0
BRDA:130,9,0,1
BRDA:130,9,1,0
BRDA:134,10,0,0
BRDA:134,10,1,1
BRDA:135,11,0,1
BRDA:135,11,1,1
BRDA:135,11,2,0
BRDA:144,12,0,0
BRDA:144,12,1,0
BRDA:155,13,0,0
BRDA:155,13,1,0
BRDA:157,14,0,0
BRDA:157,14,1,0
BRDA:175,15,0,1
BRDA:175,15,1,0
BRDA:187,16,0,0
BRDA:187,16,1,1
BRDA:187,17,0,1
BRDA:187,17,1,1
BRDA:200,18,0,1
BRDA:200,18,1,0
BRDA:203,19,0,1
BRDA:203,19,1,0
BRDA:225,20,0,0
BRDA:225,20,1,26
BRDA:230,21,0,0
BRDA:230,21,1,0
BRDA:234,22,0,0
BRDA:234,22,1,26
BRDA:240,23,0,0
BRDA:240,23,1,0
BRDA:244,24,0,0
BRDA:244,24,1,26
BRDA:248,25,0,0
BRDA:248,25,1,0
BRDA:252,26,0,0
BRDA:252,26,1,26
BRDA:254,27,0,0
BRDA:254,27,1,26
BRDA:264,28,0,0
BRDA:264,28,1,0
BRDA:275,29,0,9
BRDA:275,29,1,17
BRDA:284,30,0,1
BRDA:284,30,1,16
BRDA:310,31,0,17
BRDA:310,31,1,0
BRDA:313,32,0,6
BRDA:313,32,1,0
BRDA:324,33,0,0
BRDA:324,33,1,6
BRDA:325,34,0,0
BRDA:325,34,1,6
BRDA:380,35,0,16
BRDA:380,35,1,0
BRDA:391,36,0,0
BRDA:391,36,1,0
BRDA:414,37,0,10
BRDA:414,37,1,6
BRDA:467,38,0,1
BRDA:467,38,1,5
BRDA:489,39,0,1
BRDA:489,39,1,5
BRDA:491,40,0,5
BRDA:491,40,1,0
BRDA:494,41,0,1
BRDA:494,41,1,5
BRDA:496,42,0,0
BRDA:496,42,1,5
BRDA:498,43,0,5
BRDA:498,43,1,0
BRDA:508,44,0,6
BRDA:508,44,1,0
BRDA:508,44,2,0
BRDA:618,45,0,4
BRDA:618,45,1,0
BRF:95
BRH:50
end_of_record
TN:
SF:src/pages/FoldersPage.jsx
FN:7,FoldersPage
FN:16,(anonymous_1)
FN:22,(anonymous_2)
FN:26,(anonymous_3)
FN:30,(anonymous_4)
FN:37,createFolder
FN:68,deleteFolder
FN:86,(anonymous_7)
FN:95,openFolder
FN:145,(anonymous_9)
FN:158,(anonymous_10)
FN:159,(anonymous_11)
FN:163,(anonymous_12)
FN:169,(anonymous_13)
FN:213,(anonymous_14)
FN:227,(anonymous_15)
FN:232,(anonymous_16)
FN:271,(anonymous_17)
FN:272,(anonymous_18)
FN:302,(anonymous_19)
FNF:20
FNH:18
FNDA:50,FoldersPage
FNDA:14,(anonymous_1)
FNDA:14,(anonymous_2)
FNDA:13,(anonymous_3)
FNDA:1,(anonymous_4)
FNDA:3,createFolder
FNDA:2,deleteFolder
FNDA:1,(anonymous_7)
FNDA:1,openFolder
FNDA:5,(anonymous_9)
FNDA:1,(anonymous_10)
FNDA:3,(anonymous_11)
FNDA:0,(anonymous_12)
FNDA:2,(anonymous_13)
FNDA:6,(anonymous_14)
FNDA:6,(anonymous_15)
FNDA:0,(anonymous_16)
FNDA:14,(anonymous_17)
FNDA:14,(anonymous_18)
FNDA:1,(anonymous_19)
DA:8,50
DA:9,50
DA:11,50
DA:12,50
DA:13,50
DA:16,50
DA:17,14
DA:23,14
DA:24,13
DA:27,13
DA:28,13
DA:31,1
DA:32,1
DA:38,3
DA:40,2
DA:41,2
DA:54,2
DA:55,1
DA:56,1
DA:57,1
DA:58,1
DA:60,1
DA:63,0
DA:69,2
DA:71,2
DA:74,1
DA:76,1
DA:77,1
DA:85,1
DA:86,1
DA:88,0
DA:91,0
DA:96,1
DA:99,50
DA:100,14
DA:107,36
DA:146,5
DA:158,1
DA:160,3
DA:164,0
DA:169,2
DA:213,6
DA:228,6
DA:229,6
DA:233,0
DA:234,0
DA:271,14
DA:273,14
DA:303,1
DA:304,1
LF:50
LH:44
BRDA:23,0,0,1
BRDA:23,0,1,13
BRDA:27,1,0,7
BRDA:27,1,1,6
BRDA:38,2,0,1
BRDA:38,2,1,2
BRDA:54,3,0,1
BRDA:54,3,1,1
BRDA:71,4,0,1
BRDA:71,4,1,1
BRDA:85,5,0,1
BRDA:85,5,1,0
BRDA:99,6,0,14
BRDA:99,6,1,36
BRDA:150,7,0,5
BRDA:150,7,1,0
BRDA:211,8,0,36
BRDA:211,8,1,16
BRDA:253,9,0,36
BRDA:253,9,1,20
BRDA:273,10,0,14
BRDA:273,10,1,0
BRF:22
BRH:19
end_of_record
TN:
SF:src/pages/LoginPage.jsx
FN:6,LoginPage
FN:14,handleChange
FN:16,(anonymous_2)
FN:22,(anonymous_3)
FNF:4
FNH:4
FNDA:40,LoginPage
FNDA:32,handleChange
FNDA:32,(anonymous_2)
FNDA:2,(anonymous_3)
DA:7,40
DA:8,40
DA:12,40
DA:15,32
DA:16,32
DA:22,40
DA:23,2
DA:25,2
DA:27,2
DA:40,2
DA:44,2
DA:45,1
DA:47,1
DA:50,1
DA:51,1
DA:53,1
DA:54,0
DA:55,0
DA:56,0
DA:59,1
DA:60,1
DA:61,1
DA:64,40
LF:23
LH:20
BRDA:44,0,0,1
BRDA:44,0,1,1
BRDA:53,1,0,0
BRDA:53,1,1,1
BRF:4
BRH:3
end_of_record
TN:
SF:src/pages/MainPage.jsx
FN:5,MainPage
FNF:1
FNH:1
FNDA:1,MainPage
DA:6,1
LF:1
LH:1
BRF:0
BRH:0
end_of_record
TN:
SF:src/pages/components/Navbar.jsx
FN:7,Navbar
FN:9,(anonymous_1)
FNF:2
FNH:2
FNDA:96,Navbar
FNDA:1,(anonymous_1)
DA:8,96
DA:9,96
DA:10,1
DA:11,1
DA:19,0
DA:21,1
DA:22,1
DA:25,96
LF:8
LH:7
BRF:0
BRH:0
end_of_record
TN:
SF:src/pages/components/RequireAuth.jsx
FN:6,RequireAuth
FN:14,(anonymous_1)
FN:19,(anonymous_2)
FN:20,(anonymous_3)
FN:23,(anonymous_4)
FNF:5
FNH:4
FNDA:10,RequireAuth
FNDA:6,(anonymous_1)
FNDA:5,(anonymous_2)
FNDA:0,(anonymous_3)
FNDA:10,(anonymous_4)
DA:7,10
DA:8,10
DA:12,10
DA:14,10
DA:15,6
DA:19,5
DA:20,0
DA:23,10
DA:24,10
DA:25,1
DA:26,1
DA:30,10
DA:31,4
LF:13
LH:12
BRDA:24,0,0,1
BRDA:24,0,1,9
BRDA:24,1,0,10
BRDA:24,1,1,4
BRDA:24,1,2,1
BRDA:30,2,0,6
BRDA:30,2,1,4
BRDA:31,3,0,3
BRDA:31,3,1,1
BRF:9
BRH:9
end_of_record
TN:
SF:src/pages/components/ToastProvider.jsx
FN:11,ToastProvider
FN:14,(anonymous_1)
FN:16,(anonymous_2)
FN:18,(anonymous_3)
FN:18,(anonymous_4)
FN:18,(anonymous_5)
FN:31,(anonymous_6)
FN:45,useToast
FNF:8
FNH:8
FNDA:10,ToastProvider
FNDA:2,(anonymous_1)
FNDA:2,(anonymous_2)
FNDA:1,(anonymous_3)
FNDA:1,(anonymous_4)
FNDA:1,(anonymous_5)
FNDA:2,(anonymous_6)
FNDA:14,useToast
DA:9,3
DA:12,10
DA:13,10
DA:15,2
DA:16,2
DA:17,2
DA:18,1
DA:24,10
DA:32,2
DA:46,14
DA:47,14
DA:48,0
DA:51,14
LF:13
LH:12
BRDA:14,0,0,0
BRDA:14,1,0,0
BRDA:47,2,0,0
BRDA:47,2,1,14
BRF:4
BRH:1
end_of_record
