{
  "/Users/sean/School/CSC/CSC 307/Group Project/CSC-307-To-Do-App/packages/express-backend/app.js": {
    "path": "/Users/sean/School/CSC/CSC 307/Group Project/CSC-307-To-Do-App/packages/express-backend/app.js",
    "statementMap": {
      "0": {
        "start": { "line": 28, "column": 12 },
        "end": { "line": 28, "column": 21 }
      },
      "1": {
        "start": { "line": 30, "column": 0 },
        "end": { "line": 41, "column": 2 }
      },
      "2": {
        "start": { "line": 42, "column": 0 },
        "end": { "line": 42, "column": 24 }
      },
      "3": {
        "start": { "line": 43, "column": 0 },
        "end": { "line": 43, "column": 24 }
      },
      "4": {
        "start": { "line": 46, "column": 0 },
        "end": { "line": 48, "column": 3 }
      },
      "5": {
        "start": { "line": 47, "column": 2 },
        "end": { "line": 47, "column": 29 }
      },
      "6": {
        "start": { "line": 51, "column": 0 },
        "end": { "line": 55, "column": 2 }
      },
      "7": {
        "start": { "line": 56, "column": 0 },
        "end": { "line": 61, "column": 3 }
      },
      "8": {
        "start": { "line": 57, "column": 2 },
        "end": { "line": 60, "column": 5 }
      },
      "9": {
        "start": { "line": 64, "column": 0 },
        "end": { "line": 64, "column": 30 }
      },
      "10": {
        "start": { "line": 65, "column": 0 },
        "end": { "line": 65, "column": 32 }
      },
      "11": {
        "start": { "line": 66, "column": 0 },
        "end": { "line": 66, "column": 50 }
      },
      "12": {
        "start": { "line": 67, "column": 0 },
        "end": { "line": 67, "column": 60 }
      },
      "13": {
        "start": { "line": 68, "column": 0 },
        "end": { "line": 72, "column": 2 }
      },
      "14": {
        "start": { "line": 73, "column": 0 },
        "end": { "line": 73, "column": 50 }
      },
      "15": {
        "start": { "line": 76, "column": 0 },
        "end": { "line": 76, "column": 63 }
      },
      "16": {
        "start": { "line": 77, "column": 0 },
        "end": { "line": 77, "column": 57 }
      },
      "17": {
        "start": { "line": 78, "column": 0 },
        "end": { "line": 82, "column": 2 }
      },
      "18": {
        "start": { "line": 83, "column": 0 },
        "end": { "line": 83, "column": 57 }
      },
      "19": {
        "start": { "line": 84, "column": 0 },
        "end": { "line": 84, "column": 60 }
      },
      "20": {
        "start": { "line": 85, "column": 0 },
        "end": { "line": 89, "column": 2 }
      },
      "21": {
        "start": { "line": 92, "column": 0 },
        "end": { "line": 92, "column": 56 }
      },
      "22": {
        "start": { "line": 93, "column": 0 },
        "end": { "line": 93, "column": 58 }
      }
    },
    "fnMap": {
      "0": {
        "name": "(anonymous_0)",
        "decl": {
          "start": { "line": 46, "column": 19 },
          "end": { "line": 46, "column": 20 }
        },
        "loc": {
          "start": { "line": 46, "column": 33 },
          "end": { "line": 48, "column": 1 }
        },
        "line": 46
      },
      "1": {
        "name": "(anonymous_1)",
        "decl": {
          "start": { "line": 56, "column": 46 },
          "end": { "line": 56, "column": 47 }
        },
        "loc": {
          "start": { "line": 56, "column": 60 },
          "end": { "line": 61, "column": 1 }
        },
        "line": 56
      }
    },
    "branchMap": {},
    "s": {
      "0": 4,
      "1": 4,
      "2": 4,
      "3": 4,
      "4": 4,
      "5": 1,
      "6": 4,
      "7": 4,
      "8": 2,
      "9": 4,
      "10": 4,
      "11": 4,
      "12": 4,
      "13": 4,
      "14": 4,
      "15": 4,
      "16": 4,
      "17": 4,
      "18": 4,
      "19": 4,
      "20": 4,
      "21": 4,
      "22": 4
    },
    "f": { "0": 1, "1": 2 },
    "b": {},
    "_coverageSchema": "1a1c01bbd47fc00a2c39e90264f33305004495a9",
    "hash": "597cdb0bc39f23393d1b39ac449c1348fb677fec"
  },
  "/Users/sean/School/CSC/CSC 307/Group Project/CSC-307-To-Do-App/packages/express-backend/controllers/auth.controller.js": {
    "path": "/Users/sean/School/CSC/CSC 307/Group Project/CSC-307-To-Do-App/packages/express-backend/controllers/auth.controller.js",
    "statementMap": {
      "0": {
        "start": { "line": 6, "column": 22 },
        "end": { "line": 46, "column": 1 }
      },
      "1": {
        "start": { "line": 7, "column": 2 },
        "end": { "line": 45, "column": 3 }
      },
      "2": {
        "start": { "line": 8, "column": 35 },
        "end": { "line": 8, "column": 43 }
      },
      "3": {
        "start": { "line": 10, "column": 25 },
        "end": { "line": 10, "column": 57 }
      },
      "4": {
        "start": { "line": 11, "column": 4 },
        "end": { "line": 15, "column": 5 }
      },
      "5": {
        "start": { "line": 12, "column": 6 },
        "end": { "line": 14, "column": 51 }
      },
      "6": {
        "start": { "line": 17, "column": 4 },
        "end": { "line": 21, "column": 5 }
      },
      "7": {
        "start": { "line": 18, "column": 6 },
        "end": { "line": 20, "column": 63 }
      },
      "8": {
        "start": { "line": 23, "column": 17 },
        "end": { "line": 23, "column": 41 }
      },
      "9": {
        "start": { "line": 24, "column": 27 },
        "end": { "line": 24, "column": 60 }
      },
      "10": {
        "start": { "line": 26, "column": 20 },
        "end": { "line": 29, "column": 6 }
      },
      "11": {
        "start": { "line": 31, "column": 4 },
        "end": { "line": 41, "column": 5 }
      },
      "12": {
        "start": { "line": 32, "column": 6 },
        "end": { "line": 32, "column": 46 }
      },
      "13": {
        "start": { "line": 33, "column": 6 },
        "end": { "line": 33, "column": 27 }
      },
      "14": {
        "start": { "line": 35, "column": 6 },
        "end": { "line": 38, "column": 9 }
      },
      "15": {
        "start": { "line": 40, "column": 6 },
        "end": { "line": 40, "column": 59 }
      },
      "16": {
        "start": { "line": 43, "column": 4 },
        "end": { "line": 43, "column": 59 }
      },
      "17": {
        "start": { "line": 44, "column": 4 },
        "end": { "line": 44, "column": 61 }
      },
      "18": {
        "start": { "line": 48, "column": 21 },
        "end": { "line": 88, "column": 1 }
      },
      "19": {
        "start": { "line": 49, "column": 2 },
        "end": { "line": 87, "column": 3 }
      },
      "20": {
        "start": { "line": 50, "column": 35 },
        "end": { "line": 50, "column": 43 }
      },
      "21": {
        "start": { "line": 52, "column": 17 },
        "end": { "line": 52, "column": 49 }
      },
      "22": {
        "start": { "line": 54, "column": 4 },
        "end": { "line": 58, "column": 5 }
      },
      "23": {
        "start": { "line": 55, "column": 6 },
        "end": { "line": 57, "column": 57 }
      },
      "24": {
        "start": { "line": 60, "column": 30 },
        "end": { "line": 63, "column": 5 }
      },
      "25": {
        "start": { "line": 65, "column": 4 },
        "end": { "line": 69, "column": 5 }
      },
      "26": {
        "start": { "line": 66, "column": 6 },
        "end": { "line": 68, "column": 57 }
      },
      "27": {
        "start": { "line": 71, "column": 20 },
        "end": { "line": 74, "column": 6 }
      },
      "28": {
        "start": { "line": 77, "column": 4 },
        "end": { "line": 77, "column": 44 }
      },
      "29": {
        "start": { "line": 78, "column": 4 },
        "end": { "line": 83, "column": 7 }
      },
      "30": {
        "start": { "line": 85, "column": 4 },
        "end": { "line": 85, "column": 60 }
      },
      "31": {
        "start": { "line": 86, "column": 4 },
        "end": { "line": 86, "column": 62 }
      },
      "32": {
        "start": { "line": 90, "column": 22 },
        "end": { "line": 98, "column": 1 }
      },
      "33": {
        "start": { "line": 91, "column": 2 },
        "end": { "line": 96, "column": 5 }
      },
      "34": {
        "start": { "line": 97, "column": 2 },
        "end": { "line": 97, "column": 44 }
      }
    },
    "fnMap": {
      "0": {
        "name": "(anonymous_0)",
        "decl": {
          "start": { "line": 6, "column": 22 },
          "end": { "line": 6, "column": 23 }
        },
        "loc": {
          "start": { "line": 6, "column": 42 },
          "end": { "line": 46, "column": 1 }
        },
        "line": 6
      },
      "1": {
        "name": "(anonymous_1)",
        "decl": {
          "start": { "line": 48, "column": 21 },
          "end": { "line": 48, "column": 22 }
        },
        "loc": {
          "start": { "line": 48, "column": 41 },
          "end": { "line": 88, "column": 1 }
        },
        "line": 48
      },
      "2": {
        "name": "(anonymous_2)",
        "decl": {
          "start": { "line": 90, "column": 22 },
          "end": { "line": 90, "column": 23 }
        },
        "loc": {
          "start": { "line": 90, "column": 42 },
          "end": { "line": 98, "column": 1 }
        },
        "line": 90
      }
    },
    "branchMap": {
      "0": {
        "loc": {
          "start": { "line": 11, "column": 4 },
          "end": { "line": 15, "column": 5 }
        },
        "type": "if",
        "locations": [
          {
            "start": { "line": 11, "column": 4 },
            "end": { "line": 15, "column": 5 }
          },
          { "start": {}, "end": {} }
        ],
        "line": 11
      },
      "1": {
        "loc": {
          "start": { "line": 17, "column": 4 },
          "end": { "line": 21, "column": 5 }
        },
        "type": "if",
        "locations": [
          {
            "start": { "line": 17, "column": 4 },
            "end": { "line": 21, "column": 5 }
          },
          { "start": {}, "end": {} }
        ],
        "line": 17
      },
      "2": {
        "loc": {
          "start": { "line": 31, "column": 4 },
          "end": { "line": 41, "column": 5 }
        },
        "type": "if",
        "locations": [
          {
            "start": { "line": 31, "column": 4 },
            "end": { "line": 41, "column": 5 }
          },
          {
            "start": { "line": 39, "column": 11 },
            "end": { "line": 41, "column": 5 }
          }
        ],
        "line": 31
      },
      "3": {
        "loc": {
          "start": { "line": 54, "column": 4 },
          "end": { "line": 58, "column": 5 }
        },
        "type": "if",
        "locations": [
          {
            "start": { "line": 54, "column": 4 },
            "end": { "line": 58, "column": 5 }
          },
          { "start": {}, "end": {} }
        ],
        "line": 54
      },
      "4": {
        "loc": {
          "start": { "line": 65, "column": 4 },
          "end": { "line": 69, "column": 5 }
        },
        "type": "if",
        "locations": [
          {
            "start": { "line": 65, "column": 4 },
            "end": { "line": 69, "column": 5 }
          },
          { "start": {}, "end": {} }
        ],
        "line": 65
      }
    },
    "s": {
      "0": 4,
      "1": 1,
      "2": 1,
      "3": 1,
      "4": 1,
      "5": 0,
      "6": 1,
      "7": 0,
      "8": 1,
      "9": 1,
      "10": 1,
      "11": 1,
      "12": 1,
      "13": 1,
      "14": 1,
      "15": 0,
      "16": 0,
      "17": 0,
      "18": 4,
      "19": 4,
      "20": 4,
      "21": 4,
      "22": 4,
      "23": 0,
      "24": 4,
      "25": 4,
      "26": 0,
      "27": 4,
      "28": 4,
      "29": 4,
      "30": 0,
      "31": 0,
      "32": 4,
      "33": 1,
      "34": 1
    },
    "f": { "0": 1, "1": 4, "2": 1 },
    "b": {
      "0": [0, 1],
      "1": [0, 1],
      "2": [1, 0],
      "3": [0, 4],
      "4": [0, 4]
    },
    "_coverageSchema": "1a1c01bbd47fc00a2c39e90264f33305004495a9",
    "hash": "35434f6bb505b13a2112a2e2f05246265047eb3e"
  },
  "/Users/sean/School/CSC/CSC 307/Group Project/CSC-307-To-Do-App/packages/express-backend/controllers/folder.controller.js": {
    "path": "/Users/sean/School/CSC/CSC 307/Group Project/CSC-307-To-Do-App/packages/express-backend/controllers/folder.controller.js",
    "statementMap": {
      "0": {
        "start": { "line": 6, "column": 2 },
        "end": { "line": 14, "column": 3 }
      },
      "1": {
        "start": { "line": 7, "column": 20 },
        "end": { "line": 9, "column": 29 }
      },
      "2": {
        "start": { "line": 10, "column": 4 },
        "end": { "line": 10, "column": 34 }
      },
      "3": {
        "start": { "line": 12, "column": 4 },
        "end": { "line": 12, "column": 52 }
      },
      "4": {
        "start": { "line": 13, "column": 4 },
        "end": { "line": 13, "column": 64 }
      },
      "5": {
        "start": { "line": 19, "column": 2 },
        "end": { "line": 39, "column": 3 }
      },
      "6": {
        "start": { "line": 20, "column": 28 },
        "end": { "line": 20, "column": 36 }
      },
      "7": {
        "start": { "line": 22, "column": 4 },
        "end": { "line": 26, "column": 5 }
      },
      "8": {
        "start": { "line": 23, "column": 6 },
        "end": { "line": 25, "column": 54 }
      },
      "9": {
        "start": { "line": 28, "column": 19 },
        "end": { "line": 32, "column": 6 }
      },
      "10": {
        "start": { "line": 34, "column": 4 },
        "end": { "line": 34, "column": 24 }
      },
      "11": {
        "start": { "line": 35, "column": 4 },
        "end": { "line": 35, "column": 33 }
      },
      "12": {
        "start": { "line": 37, "column": 4 },
        "end": { "line": 37, "column": 51 }
      },
      "13": {
        "start": { "line": 38, "column": 4 },
        "end": { "line": 38, "column": 63 }
      },
      "14": {
        "start": { "line": 44, "column": 2 },
        "end": { "line": 71, "column": 3 }
      },
      "15": {
        "start": { "line": 45, "column": 19 },
        "end": { "line": 45, "column": 29 }
      },
      "16": {
        "start": { "line": 47, "column": 19 },
        "end": { "line": 50, "column": 6 }
      },
      "17": {
        "start": { "line": 52, "column": 4 },
        "end": { "line": 56, "column": 5 }
      },
      "18": {
        "start": { "line": 53, "column": 6 },
        "end": { "line": 55, "column": 47 }
      },
      "19": {
        "start": { "line": 59, "column": 4 },
        "end": { "line": 62, "column": 6 }
      },
      "20": {
        "start": { "line": 65, "column": 4 },
        "end": { "line": 65, "column": 40 }
      },
      "21": {
        "start": { "line": 67, "column": 4 },
        "end": { "line": 67, "column": 27 }
      },
      "22": {
        "start": { "line": 69, "column": 4 },
        "end": { "line": 69, "column": 51 }
      },
      "23": {
        "start": { "line": 70, "column": 4 },
        "end": { "line": 70, "column": 63 }
      },
      "24": {
        "start": { "line": 76, "column": 2 },
        "end": { "line": 96, "column": 3 }
      },
      "25": {
        "start": { "line": 77, "column": 19 },
        "end": { "line": 77, "column": 29 }
      },
      "26": {
        "start": { "line": 78, "column": 28 },
        "end": { "line": 78, "column": 36 }
      },
      "27": {
        "start": { "line": 80, "column": 19 },
        "end": { "line": 84, "column": 5 }
      },
      "28": {
        "start": { "line": 86, "column": 4 },
        "end": { "line": 90, "column": 5 }
      },
      "29": {
        "start": { "line": 87, "column": 6 },
        "end": { "line": 89, "column": 47 }
      },
      "30": {
        "start": { "line": 92, "column": 4 },
        "end": { "line": 92, "column": 33 }
      },
      "31": {
        "start": { "line": 94, "column": 4 },
        "end": { "line": 94, "column": 51 }
      },
      "32": {
        "start": { "line": 95, "column": 4 },
        "end": { "line": 95, "column": 63 }
      },
      "33": {
        "start": { "line": 101, "column": 2 },
        "end": { "line": 126, "column": 3 }
      },
      "34": {
        "start": { "line": 102, "column": 19 },
        "end": { "line": 102, "column": 29 }
      },
      "35": {
        "start": { "line": 105, "column": 19 },
        "end": { "line": 108, "column": 6 }
      },
      "36": {
        "start": { "line": 110, "column": 4 },
        "end": { "line": 114, "column": 5 }
      },
      "37": {
        "start": { "line": 111, "column": 6 },
        "end": { "line": 113, "column": 47 }
      },
      "38": {
        "start": { "line": 116, "column": 18 },
        "end": { "line": 120, "column": 24 }
      },
      "39": {
        "start": { "line": 122, "column": 4 },
        "end": { "line": 122, "column": 32 }
      },
      "40": {
        "start": { "line": 124, "column": 4 },
        "end": { "line": 124, "column": 57 }
      },
      "41": {
        "start": { "line": 125, "column": 4 },
        "end": { "line": 125, "column": 62 }
      }
    },
    "fnMap": {
      "0": {
        "name": "getAllFolders",
        "decl": {
          "start": { "line": 5, "column": 22 },
          "end": { "line": 5, "column": 35 }
        },
        "loc": {
          "start": { "line": 5, "column": 46 },
          "end": { "line": 15, "column": 1 }
        },
        "line": 5
      },
      "1": {
        "name": "createFolder",
        "decl": {
          "start": { "line": 18, "column": 22 },
          "end": { "line": 18, "column": 34 }
        },
        "loc": {
          "start": { "line": 18, "column": 45 },
          "end": { "line": 40, "column": 1 }
        },
        "line": 18
      },
      "2": {
        "name": "deleteFolderById",
        "decl": {
          "start": { "line": 43, "column": 22 },
          "end": { "line": 43, "column": 38 }
        },
        "loc": {
          "start": { "line": 43, "column": 49 },
          "end": { "line": 72, "column": 1 }
        },
        "line": 43
      },
      "3": {
        "name": "updateFolder",
        "decl": {
          "start": { "line": 75, "column": 22 },
          "end": { "line": 75, "column": 34 }
        },
        "loc": {
          "start": { "line": 75, "column": 45 },
          "end": { "line": 97, "column": 1 }
        },
        "line": 75
      },
      "4": {
        "name": "getFolderTasks",
        "decl": {
          "start": { "line": 100, "column": 22 },
          "end": { "line": 100, "column": 36 }
        },
        "loc": {
          "start": { "line": 100, "column": 47 },
          "end": { "line": 127, "column": 1 }
        },
        "line": 100
      }
    },
    "branchMap": {
      "0": {
        "loc": {
          "start": { "line": 22, "column": 4 },
          "end": { "line": 26, "column": 5 }
        },
        "type": "if",
        "locations": [
          {
            "start": { "line": 22, "column": 4 },
            "end": { "line": 26, "column": 5 }
          },
          { "start": {}, "end": {} }
        ],
        "line": 22
      },
      "1": {
        "loc": {
          "start": { "line": 22, "column": 8 },
          "end": { "line": 22, "column": 41 }
        },
        "type": "binary-expr",
        "locations": [
          {
            "start": { "line": 22, "column": 8 },
            "end": { "line": 22, "column": 13 }
          },
          {
            "start": { "line": 22, "column": 17 },
            "end": { "line": 22, "column": 41 }
          }
        ],
        "line": 22
      },
      "2": {
        "loc": {
          "start": { "line": 30, "column": 13 },
          "end": { "line": 30, "column": 31 }
        },
        "type": "binary-expr",
        "locations": [
          {
            "start": { "line": 30, "column": 13 },
            "end": { "line": 30, "column": 18 }
          },
          {
            "start": { "line": 30, "column": 22 },
            "end": { "line": 30, "column": 31 }
          }
        ],
        "line": 30
      },
      "3": {
        "loc": {
          "start": { "line": 52, "column": 4 },
          "end": { "line": 56, "column": 5 }
        },
        "type": "if",
        "locations": [
          {
            "start": { "line": 52, "column": 4 },
            "end": { "line": 56, "column": 5 }
          },
          { "start": {}, "end": {} }
        ],
        "line": 52
      },
      "4": {
        "loc": {
          "start": { "line": 86, "column": 4 },
          "end": { "line": 90, "column": 5 }
        },
        "type": "if",
        "locations": [
          {
            "start": { "line": 86, "column": 4 },
            "end": { "line": 90, "column": 5 }
          },
          { "start": {}, "end": {} }
        ],
        "line": 86
      },
      "5": {
        "loc": {
          "start": { "line": 110, "column": 4 },
          "end": { "line": 114, "column": 5 }
        },
        "type": "if",
        "locations": [
          {
            "start": { "line": 110, "column": 4 },
            "end": { "line": 114, "column": 5 }
          },
          { "start": {}, "end": {} }
        ],
        "line": 110
      }
    },
    "s": {
      "0": 3,
      "1": 3,
      "2": 3,
      "3": 0,
      "4": 0,
      "5": 3,
      "6": 3,
      "7": 3,
      "8": 1,
      "9": 2,
      "10": 2,
      "11": 2,
      "12": 0,
      "13": 0,
      "14": 2,
      "15": 2,
      "16": 2,
      "17": 2,
      "18": 1,
      "19": 1,
      "20": 1,
      "21": 1,
      "22": 0,
      "23": 0,
      "24": 2,
      "25": 2,
      "26": 2,
      "27": 2,
      "28": 2,
      "29": 1,
      "30": 1,
      "31": 0,
      "32": 0,
      "33": 0,
      "34": 0,
      "35": 0,
      "36": 0,
      "37": 0,
      "38": 0,
      "39": 0,
      "40": 0,
      "41": 0
    },
    "f": { "0": 3, "1": 3, "2": 2, "3": 2, "4": 0 },
    "b": {
      "0": [1, 2],
      "1": [3, 2],
      "2": [2, 0],
      "3": [1, 1],
      "4": [1, 1],
      "5": [0, 0]
    },
    "_coverageSchema": "1a1c01bbd47fc00a2c39e90264f33305004495a9",
    "hash": "61aeb24639993f92afed2fbd308bb03d6803e45c"
  },
  "/Users/sean/School/CSC/CSC 307/Group Project/CSC-307-To-Do-App/packages/express-backend/controllers/task.controller.js": {
    "path": "/Users/sean/School/CSC/CSC 307/Group Project/CSC-307-To-Do-App/packages/express-backend/controllers/task.controller.js",
    "statementMap": {
      "0": {
        "start": { "line": 7, "column": 2 },
        "end": { "line": 31, "column": 3 }
      },
      "1": {
        "start": { "line": 8, "column": 17 },
        "end": { "line": 8, "column": 39 }
      },
      "2": {
        "start": { "line": 9, "column": 17 },
        "end": { "line": 9, "column": 39 }
      },
      "3": {
        "start": { "line": 10, "column": 19 },
        "end": { "line": 10, "column": 35 }
      },
      "4": {
        "start": { "line": 12, "column": 4 },
        "end": { "line": 16, "column": 5 }
      },
      "5": {
        "start": { "line": 13, "column": 6 },
        "end": { "line": 15, "column": 59 }
      },
      "6": {
        "start": { "line": 18, "column": 20 },
        "end": { "line": 24, "column": 6 }
      },
      "7": {
        "start": { "line": 25, "column": 4 },
        "end": { "line": 25, "column": 41 }
      },
      "8": {
        "start": { "line": 27, "column": 4 },
        "end": { "line": 27, "column": 37 }
      },
      "9": {
        "start": { "line": 28, "column": 4 },
        "end": { "line": 30, "column": 48 }
      },
      "10": {
        "start": { "line": 36, "column": 2 },
        "end": { "line": 55, "column": 3 }
      },
      "11": {
        "start": { "line": 37, "column": 19 },
        "end": { "line": 37, "column": 29 }
      },
      "12": {
        "start": { "line": 38, "column": 4 },
        "end": { "line": 40, "column": 5 }
      },
      "13": {
        "start": { "line": 39, "column": 6 },
        "end": { "line": 39, "column": 59 }
      },
      "14": {
        "start": { "line": 42, "column": 20 },
        "end": { "line": 46, "column": 12 }
      },
      "15": {
        "start": { "line": 47, "column": 4 },
        "end": { "line": 48, "column": 63 }
      },
      "16": {
        "start": { "line": 48, "column": 6 },
        "end": { "line": 48, "column": 63 }
      },
      "17": {
        "start": { "line": 49, "column": 4 },
        "end": { "line": 49, "column": 33 }
      },
      "18": {
        "start": { "line": 51, "column": 4 },
        "end": { "line": 51, "column": 44 }
      },
      "19": {
        "start": { "line": 52, "column": 4 },
        "end": { "line": 54, "column": 48 }
      },
      "20": {
        "start": { "line": 59, "column": 2 },
        "end": { "line": 86, "column": 3 }
      },
      "21": {
        "start": { "line": 60, "column": 19 },
        "end": { "line": 60, "column": 29 }
      },
      "22": {
        "start": { "line": 61, "column": 4 },
        "end": { "line": 63, "column": 5 }
      },
      "23": {
        "start": { "line": 62, "column": 6 },
        "end": { "line": 62, "column": 59 }
      },
      "24": {
        "start": { "line": 64, "column": 20 },
        "end": { "line": 64, "column": 22 }
      },
      "25": {
        "start": { "line": 65, "column": 4 },
        "end": { "line": 66, "column": 42 }
      },
      "26": {
        "start": { "line": 66, "column": 6 },
        "end": { "line": 66, "column": 42 }
      },
      "27": {
        "start": { "line": 67, "column": 4 },
        "end": { "line": 68, "column": 42 }
      },
      "28": {
        "start": { "line": 68, "column": 6 },
        "end": { "line": 68, "column": 42 }
      },
      "29": {
        "start": { "line": 69, "column": 4 },
        "end": { "line": 70, "column": 35 }
      },
      "30": {
        "start": { "line": 70, "column": 6 },
        "end": { "line": 70, "column": 35 }
      },
      "31": {
        "start": { "line": 72, "column": 20 },
        "end": { "line": 76, "column": 12 }
      },
      "32": {
        "start": { "line": 78, "column": 4 },
        "end": { "line": 79, "column": 63 }
      },
      "33": {
        "start": { "line": 79, "column": 6 },
        "end": { "line": 79, "column": 63 }
      },
      "34": {
        "start": { "line": 80, "column": 4 },
        "end": { "line": 80, "column": 41 }
      },
      "35": {
        "start": { "line": 82, "column": 4 },
        "end": { "line": 82, "column": 45 }
      },
      "36": {
        "start": { "line": 83, "column": 4 },
        "end": { "line": 85, "column": 49 }
      },
      "37": {
        "start": { "line": 89, "column": 24 },
        "end": { "line": 123, "column": 1 }
      },
      "38": {
        "start": { "line": 90, "column": 2 },
        "end": { "line": 122, "column": 3 }
      },
      "39": {
        "start": { "line": 91, "column": 19 },
        "end": { "line": 91, "column": 29 }
      },
      "40": {
        "start": { "line": 93, "column": 4 },
        "end": { "line": 95, "column": 5 }
      },
      "41": {
        "start": { "line": 94, "column": 6 },
        "end": { "line": 94, "column": 59 }
      },
      "42": {
        "start": { "line": 97, "column": 20 },
        "end": { "line": 101, "column": 12 }
      },
      "43": {
        "start": { "line": 103, "column": 4 },
        "end": { "line": 106, "column": 57 }
      },
      "44": {
        "start": { "line": 104, "column": 6 },
        "end": { "line": 106, "column": 57 }
      },
      "45": {
        "start": { "line": 108, "column": 18 },
        "end": { "line": 111, "column": 6 }
      },
      "46": {
        "start": { "line": 112, "column": 4 },
        "end": { "line": 114, "column": 5 }
      },
      "47": {
        "start": { "line": 113, "column": 6 },
        "end": { "line": 113, "column": 63 }
      },
      "48": {
        "start": { "line": 116, "column": 4 },
        "end": { "line": 116, "column": 60 }
      },
      "49": {
        "start": { "line": 118, "column": 4 },
        "end": { "line": 118, "column": 52 }
      },
      "50": {
        "start": { "line": 119, "column": 4 },
        "end": { "line": 121, "column": 48 }
      },
      "51": {
        "start": { "line": 127, "column": 2 },
        "end": { "line": 138, "column": 3 }
      },
      "52": {
        "start": { "line": 128, "column": 18 },
        "end": { "line": 131, "column": 13 }
      },
      "53": {
        "start": { "line": 132, "column": 4 },
        "end": { "line": 132, "column": 55 }
      },
      "54": {
        "start": { "line": 134, "column": 4 },
        "end": { "line": 134, "column": 48 }
      },
      "55": {
        "start": { "line": 135, "column": 4 },
        "end": { "line": 137, "column": 48 }
      },
      "56": {
        "start": { "line": 143, "column": 2 },
        "end": { "line": 162, "column": 3 }
      },
      "57": {
        "start": { "line": 144, "column": 19 },
        "end": { "line": 144, "column": 29 }
      },
      "58": {
        "start": { "line": 145, "column": 4 },
        "end": { "line": 147, "column": 5 }
      },
      "59": {
        "start": { "line": 146, "column": 6 },
        "end": { "line": 146, "column": 59 }
      },
      "60": {
        "start": { "line": 149, "column": 21 },
        "end": { "line": 153, "column": 12 }
      },
      "61": {
        "start": { "line": 154, "column": 4 },
        "end": { "line": 155, "column": 63 }
      },
      "62": {
        "start": { "line": 155, "column": 6 },
        "end": { "line": 155, "column": 63 }
      },
      "63": {
        "start": { "line": 156, "column": 4 },
        "end": { "line": 156, "column": 42 }
      },
      "64": {
        "start": { "line": 158, "column": 4 },
        "end": { "line": 158, "column": 39 }
      },
      "65": {
        "start": { "line": 159, "column": 4 },
        "end": { "line": 161, "column": 48 }
      }
    },
    "fnMap": {
      "0": {
        "name": "addTask",
        "decl": {
          "start": { "line": 6, "column": 22 },
          "end": { "line": 6, "column": 29 }
        },
        "loc": {
          "start": { "line": 6, "column": 40 },
          "end": { "line": 32, "column": 1 }
        },
        "line": 6
      },
      "1": {
        "name": "deleteTaskById",
        "decl": {
          "start": { "line": 35, "column": 22 },
          "end": { "line": 35, "column": 36 }
        },
        "loc": {
          "start": { "line": 35, "column": 47 },
          "end": { "line": 56, "column": 1 }
        },
        "line": 35
      },
      "2": {
        "name": "updateTask",
        "decl": {
          "start": { "line": 58, "column": 22 },
          "end": { "line": 58, "column": 32 }
        },
        "loc": {
          "start": { "line": 58, "column": 43 },
          "end": { "line": 87, "column": 1 }
        },
        "line": 58
      },
      "3": {
        "name": "(anonymous_3)",
        "decl": {
          "start": { "line": 89, "column": 24 },
          "end": { "line": 89, "column": 25 }
        },
        "loc": {
          "start": { "line": 89, "column": 44 },
          "end": { "line": 123, "column": 1 }
        },
        "line": 89
      },
      "4": {
        "name": "getDeletedTasks",
        "decl": {
          "start": { "line": 126, "column": 22 },
          "end": { "line": 126, "column": 37 }
        },
        "loc": {
          "start": { "line": 126, "column": 48 },
          "end": { "line": 139, "column": 1 }
        },
        "line": 126
      },
      "5": {
        "name": "restoreTask",
        "decl": {
          "start": { "line": 142, "column": 22 },
          "end": { "line": 142, "column": 33 }
        },
        "loc": {
          "start": { "line": 142, "column": 44 },
          "end": { "line": 163, "column": 1 }
        },
        "line": 142
      }
    },
    "branchMap": {
      "0": {
        "loc": {
          "start": { "line": 12, "column": 4 },
          "end": { "line": 16, "column": 5 }
        },
        "type": "if",
        "locations": [
          {
            "start": { "line": 12, "column": 4 },
            "end": { "line": 16, "column": 5 }
          },
          { "start": {}, "end": {} }
        ],
        "line": 12
      },
      "1": {
        "loc": {
          "start": { "line": 12, "column": 8 },
          "end": { "line": 12, "column": 22 }
        },
        "type": "binary-expr",
        "locations": [
          {
            "start": { "line": 12, "column": 8 },
            "end": { "line": 12, "column": 13 }
          },
          {
            "start": { "line": 12, "column": 17 },
            "end": { "line": 12, "column": 22 }
          }
        ],
        "line": 12
      },
      "2": {
        "loc": {
          "start": { "line": 38, "column": 4 },
          "end": { "line": 40, "column": 5 }
        },
        "type": "if",
        "locations": [
          {
            "start": { "line": 38, "column": 4 },
            "end": { "line": 40, "column": 5 }
          },
          { "start": {}, "end": {} }
        ],
        "line": 38
      },
      "3": {
        "loc": {
          "start": { "line": 47, "column": 4 },
          "end": { "line": 48, "column": 63 }
        },
        "type": "if",
        "locations": [
          {
            "start": { "line": 47, "column": 4 },
            "end": { "line": 48, "column": 63 }
          },
          { "start": {}, "end": {} }
        ],
        "line": 47
      },
      "4": {
        "loc": {
          "start": { "line": 61, "column": 4 },
          "end": { "line": 63, "column": 5 }
        },
        "type": "if",
        "locations": [
          {
            "start": { "line": 61, "column": 4 },
            "end": { "line": 63, "column": 5 }
          },
          { "start": {}, "end": {} }
        ],
        "line": 61
      },
      "5": {
        "loc": {
          "start": { "line": 65, "column": 4 },
          "end": { "line": 66, "column": 42 }
        },
        "type": "if",
        "locations": [
          {
            "start": { "line": 65, "column": 4 },
            "end": { "line": 66, "column": 42 }
          },
          { "start": {}, "end": {} }
        ],
        "line": 65
      },
      "6": {
        "loc": {
          "start": { "line": 67, "column": 4 },
          "end": { "line": 68, "column": 42 }
        },
        "type": "if",
        "locations": [
          {
            "start": { "line": 67, "column": 4 },
            "end": { "line": 68, "column": 42 }
          },
          { "start": {}, "end": {} }
        ],
        "line": 67
      },
      "7": {
        "loc": {
          "start": { "line": 69, "column": 4 },
          "end": { "line": 70, "column": 35 }
        },
        "type": "if",
        "locations": [
          {
            "start": { "line": 69, "column": 4 },
            "end": { "line": 70, "column": 35 }
          },
          { "start": {}, "end": {} }
        ],
        "line": 69
      },
      "8": {
        "loc": {
          "start": { "line": 78, "column": 4 },
          "end": { "line": 79, "column": 63 }
        },
        "type": "if",
        "locations": [
          {
            "start": { "line": 78, "column": 4 },
            "end": { "line": 79, "column": 63 }
          },
          { "start": {}, "end": {} }
        ],
        "line": 78
      },
      "9": {
        "loc": {
          "start": { "line": 93, "column": 4 },
          "end": { "line": 95, "column": 5 }
        },
        "type": "if",
        "locations": [
          {
            "start": { "line": 93, "column": 4 },
            "end": { "line": 95, "column": 5 }
          },
          { "start": {}, "end": {} }
        ],
        "line": 93
      },
      "10": {
        "loc": {
          "start": { "line": 103, "column": 4 },
          "end": { "line": 106, "column": 57 }
        },
        "type": "if",
        "locations": [
          {
            "start": { "line": 103, "column": 4 },
            "end": { "line": 106, "column": 57 }
          },
          { "start": {}, "end": {} }
        ],
        "line": 103
      },
      "11": {
        "loc": {
          "start": { "line": 112, "column": 4 },
          "end": { "line": 114, "column": 5 }
        },
        "type": "if",
        "locations": [
          {
            "start": { "line": 112, "column": 4 },
            "end": { "line": 114, "column": 5 }
          },
          { "start": {}, "end": {} }
        ],
        "line": 112
      },
      "12": {
        "loc": {
          "start": { "line": 145, "column": 4 },
          "end": { "line": 147, "column": 5 }
        },
        "type": "if",
        "locations": [
          {
            "start": { "line": 145, "column": 4 },
            "end": { "line": 147, "column": 5 }
          },
          { "start": {}, "end": {} }
        ],
        "line": 145
      },
      "13": {
        "loc": {
          "start": { "line": 154, "column": 4 },
          "end": { "line": 155, "column": 63 }
        },
        "type": "if",
        "locations": [
          {
            "start": { "line": 154, "column": 4 },
            "end": { "line": 155, "column": 63 }
          },
          { "start": {}, "end": {} }
        ],
        "line": 154
      }
    },
    "s": {
      "0": 0,
      "1": 0,
      "2": 0,
      "3": 0,
      "4": 0,
      "5": 0,
      "6": 0,
      "7": 0,
      "8": 0,
      "9": 0,
      "10": 0,
      "11": 0,
      "12": 0,
      "13": 0,
      "14": 0,
      "15": 0,
      "16": 0,
      "17": 0,
      "18": 0,
      "19": 0,
      "20": 0,
      "21": 0,
      "22": 0,
      "23": 0,
      "24": 0,
      "25": 0,
      "26": 0,
      "27": 0,
      "28": 0,
      "29": 0,
      "30": 0,
      "31": 0,
      "32": 0,
      "33": 0,
      "34": 0,
      "35": 0,
      "36": 0,
      "37": 4,
      "38": 0,
      "39": 0,
      "40": 0,
      "41": 0,
      "42": 0,
      "43": 0,
      "44": 0,
      "45": 0,
      "46": 0,
      "47": 0,
      "48": 0,
      "49": 0,
      "50": 0,
      "51": 0,
      "52": 0,
      "53": 0,
      "54": 0,
      "55": 0,
      "56": 0,
      "57": 0,
      "58": 0,
      "59": 0,
      "60": 0,
      "61": 0,
      "62": 0,
      "63": 0,
      "64": 0,
      "65": 0
    },
    "f": { "0": 0, "1": 0, "2": 0, "3": 0, "4": 0, "5": 0 },
    "b": {
      "0": [0, 0],
      "1": [0, 0],
      "2": [0, 0],
      "3": [0, 0],
      "4": [0, 0],
      "5": [0, 0],
      "6": [0, 0],
      "7": [0, 0],
      "8": [0, 0],
      "9": [0, 0],
      "10": [0, 0],
      "11": [0, 0],
      "12": [0, 0],
      "13": [0, 0]
    },
    "_coverageSchema": "1a1c01bbd47fc00a2c39e90264f33305004495a9",
    "hash": "7f49dda663c83f9731f43ea853754cd58f0c13ed"
  },
  "/Users/sean/School/CSC/CSC 307/Group Project/CSC-307-To-Do-App/packages/express-backend/lib/utils/generateToken.js": {
    "path": "/Users/sean/School/CSC/CSC 307/Group Project/CSC-307-To-Do-App/packages/express-backend/lib/utils/generateToken.js",
    "statementMap": {
      "0": {
        "start": { "line": 3, "column": 41 },
        "end": { "line": 22, "column": 1 }
      },
      "1": {
        "start": { "line": 4, "column": 17 },
        "end": { "line": 4, "column": 39 }
      },
      "2": {
        "start": { "line": 5, "column": 16 },
        "end": { "line": 11, "column": 3 }
      },
      "3": {
        "start": { "line": 13, "column": 2 },
        "end": { "line": 19, "column": 5 }
      },
      "4": {
        "start": { "line": 21, "column": 2 },
        "end": { "line": 21, "column": 15 }
      }
    },
    "fnMap": {
      "0": {
        "name": "(anonymous_0)",
        "decl": {
          "start": { "line": 3, "column": 41 },
          "end": { "line": 3, "column": 42 }
        },
        "loc": {
          "start": { "line": 3, "column": 56 },
          "end": { "line": 22, "column": 1 }
        },
        "line": 3
      }
    },
    "branchMap": {},
    "s": { "0": 4, "1": 5, "2": 5, "3": 5, "4": 5 },
    "f": { "0": 5 },
    "b": {},
    "_coverageSchema": "1a1c01bbd47fc00a2c39e90264f33305004495a9",
    "hash": "e5fd37702da47da76a82badd2f5f85b8716900f6"
  },
  "/Users/sean/School/CSC/CSC 307/Group Project/CSC-307-To-Do-App/packages/express-backend/middleware/authentication.js": {
    "path": "/Users/sean/School/CSC/CSC 307/Group Project/CSC-307-To-Do-App/packages/express-backend/middleware/authentication.js",
    "statementMap": {
      "0": {
        "start": { "line": 5, "column": 4 },
        "end": { "line": 5, "column": 56 }
      },
      "1": {
        "start": { "line": 7, "column": 16 },
        "end": { "line": 7, "column": 49 }
      },
      "2": {
        "start": { "line": 8, "column": 2 },
        "end": { "line": 10, "column": 3 }
      },
      "3": {
        "start": { "line": 9, "column": 4 },
        "end": { "line": 9, "column": 33 }
      },
      "4": {
        "start": { "line": 11, "column": 2 },
        "end": { "line": 26, "column": 4 }
      },
      "5": {
        "start": { "line": 15, "column": 6 },
        "end": { "line": 18, "column": 7 }
      },
      "6": {
        "start": { "line": 16, "column": 8 },
        "end": { "line": 16, "column": 46 }
      },
      "7": {
        "start": { "line": 17, "column": 8 },
        "end": { "line": 17, "column": 37 }
      },
      "8": {
        "start": { "line": 20, "column": 6 },
        "end": { "line": 23, "column": 8 }
      },
      "9": {
        "start": { "line": 24, "column": 6 },
        "end": { "line": 24, "column": 13 }
      }
    },
    "fnMap": {
      "0": {
        "name": "authenticateUser",
        "decl": {
          "start": { "line": 3, "column": 16 },
          "end": { "line": 3, "column": 32 }
        },
        "loc": {
          "start": { "line": 3, "column": 49 },
          "end": { "line": 27, "column": 1 }
        },
        "line": 3
      },
      "1": {
        "name": "(anonymous_1)",
        "decl": {
          "start": { "line": 14, "column": 4 },
          "end": { "line": 14, "column": 5 }
        },
        "loc": {
          "start": { "line": 14, "column": 24 },
          "end": { "line": 25, "column": 5 }
        },
        "line": 14
      }
    },
    "branchMap": {
      "0": {
        "loc": {
          "start": { "line": 7, "column": 16 },
          "end": { "line": 7, "column": 49 }
        },
        "type": "binary-expr",
        "locations": [
          {
            "start": { "line": 7, "column": 16 },
            "end": { "line": 7, "column": 34 }
          },
          {
            "start": { "line": 7, "column": 38 },
            "end": { "line": 7, "column": 49 }
          }
        ],
        "line": 7
      },
      "1": {
        "loc": {
          "start": { "line": 8, "column": 2 },
          "end": { "line": 10, "column": 3 }
        },
        "type": "if",
        "locations": [
          {
            "start": { "line": 8, "column": 2 },
            "end": { "line": 10, "column": 3 }
          },
          { "start": {}, "end": {} }
        ],
        "line": 8
      },
      "2": {
        "loc": {
          "start": { "line": 15, "column": 6 },
          "end": { "line": 18, "column": 7 }
        },
        "type": "if",
        "locations": [
          {
            "start": { "line": 15, "column": 6 },
            "end": { "line": 18, "column": 7 }
          },
          { "start": {}, "end": {} }
        ],
        "line": 15
      }
    },
    "s": {
      "0": 15,
      "1": 15,
      "2": 15,
      "3": 2,
      "4": 13,
      "5": 13,
      "6": 0,
      "7": 0,
      "8": 13,
      "9": 13
    },
    "f": { "0": 15, "1": 13 },
    "b": { "0": [15, 15], "1": [2, 13], "2": [0, 13] },
    "_coverageSchema": "1a1c01bbd47fc00a2c39e90264f33305004495a9",
    "hash": "586c5339d2c6f7ebe8596b7a8861acde51dcbc6d"
  },
  "/Users/sean/School/CSC/CSC 307/Group Project/CSC-307-To-Do-App/packages/express-backend/models/folder.model.js": {
    "path": "/Users/sean/School/CSC/CSC 307/Group Project/CSC-307-To-Do-App/packages/express-backend/models/folder.model.js",
    "statementMap": {
      "0": {
        "start": { "line": 3, "column": 21 },
        "end": { "line": 22, "column": 1 }
      },
      "1": {
        "start": { "line": 24, "column": 15 },
        "end": { "line": 24, "column": 53 }
      }
    },
    "fnMap": {},
    "branchMap": {},
    "s": { "0": 4, "1": 4 },
    "f": {},
    "b": {},
    "_coverageSchema": "1a1c01bbd47fc00a2c39e90264f33305004495a9",
    "hash": "751c2c32b8717139b18b924c9552bf21eeb3d1ee"
  },
  "/Users/sean/School/CSC/CSC 307/Group Project/CSC-307-To-Do-App/packages/express-backend/models/task.model.js": {
    "path": "/Users/sean/School/CSC/CSC 307/Group Project/CSC-307-To-Do-App/packages/express-backend/models/task.model.js",
    "statementMap": {
      "0": {
        "start": { "line": 3, "column": 19 },
        "end": { "line": 44, "column": 1 }
      },
      "1": {
        "start": { "line": 10, "column": 8 },
        "end": { "line": 13, "column": 12 }
      },
      "2": {
        "start": { "line": 11, "column": 10 },
        "end": { "line": 13, "column": 12 }
      },
      "3": {
        "start": { "line": 46, "column": 13 },
        "end": { "line": 46, "column": 47 }
      }
    },
    "fnMap": {
      "0": {
        "name": "(anonymous_0)",
        "decl": {
          "start": { "line": 9, "column": 6 },
          "end": { "line": 9, "column": 7 }
        },
        "loc": {
          "start": { "line": 9, "column": 22 },
          "end": { "line": 14, "column": 7 }
        },
        "line": 9
      }
    },
    "branchMap": {
      "0": {
        "loc": {
          "start": { "line": 10, "column": 8 },
          "end": { "line": 13, "column": 12 }
        },
        "type": "if",
        "locations": [
          {
            "start": { "line": 10, "column": 8 },
            "end": { "line": 13, "column": 12 }
          },
          { "start": {}, "end": {} }
        ],
        "line": 10
      }
    },
    "s": { "0": 4, "1": 0, "2": 0, "3": 4 },
    "f": { "0": 0 },
    "b": { "0": [0, 0] },
    "_coverageSchema": "1a1c01bbd47fc00a2c39e90264f33305004495a9",
    "hash": "f794aefd0ae7491f81a70af4d3b5f3d8fe60ba75"
  },
  "/Users/sean/School/CSC/CSC 307/Group Project/CSC-307-To-Do-App/packages/express-backend/models/user.model.js": {
    "path": "/Users/sean/School/CSC/CSC 307/Group Project/CSC-307-To-Do-App/packages/express-backend/models/user.model.js",
    "statementMap": {
      "0": {
        "start": { "line": 4, "column": 19 },
        "end": { "line": 17, "column": 1 }
      },
      "1": {
        "start": { "line": 19, "column": 13 },
        "end": { "line": 19, "column": 47 }
      }
    },
    "fnMap": {},
    "branchMap": {},
    "s": { "0": 4, "1": 4 },
    "f": {},
    "b": {},
    "_coverageSchema": "1a1c01bbd47fc00a2c39e90264f33305004495a9",
    "hash": "4da2507c1a7820ccde24e290b8e834114e424499"
  }
}
