TN:
SF:app.js
FN:46,(anonymous_0)
FN:56,(anonymous_1)
FNF:2
FNH:2
FNDA:1,(anonymous_0)
FNDA:2,(anonymous_1)
DA:28,3
DA:30,3
DA:42,3
DA:43,3
DA:46,3
DA:47,1
DA:51,3
DA:56,3
DA:57,2
DA:64,3
DA:65,3
DA:66,3
DA:67,3
DA:68,3
DA:73,3
DA:76,3
DA:77,3
DA:78,3
DA:83,3
DA:84,3
DA:85,3
DA:92,3
DA:93,3
LF:23
LH:23
BRF:0
BRH:0
end_of_record
TN:
SF:controllers/auth.controller.js
FN:6,(anonymous_0)
FN:48,(anonymous_1)
FN:90,(anonymous_2)
FNF:3
FNH:3
FNDA:1,(anonymous_0)
FNDA:2,(anonymous_1)
FNDA:1,(anonymous_2)
DA:6,3
DA:7,1
DA:8,1
DA:10,1
DA:11,1
DA:12,0
DA:17,1
DA:18,0
DA:23,1
DA:24,1
DA:26,1
DA:31,1
DA:32,1
DA:33,1
DA:35,1
DA:40,0
DA:43,0
DA:44,0
DA:48,3
DA:49,2
DA:50,2
DA:52,2
DA:54,2
DA:55,0
DA:60,2
DA:65,2
DA:66,0
DA:71,2
DA:77,2
DA:78,2
DA:85,0
DA:86,0
DA:90,3
DA:91,1
DA:97,1
LF:35
LH:26
BRDA:11,0,0,0
BRDA:11,0,1,1
BRDA:17,1,0,0
BRDA:17,1,1,1
BRDA:31,2,0,1
BRDA:31,2,1,0
BRDA:54,3,0,0
BRDA:54,3,1,2
BRDA:65,4,0,0
BRDA:65,4,1,2
BRF:10
BRH:5
end_of_record
TN:
SF:controllers/folder.controller.js
FN:6,getAllFolders
FN:19,createFolder
FN:44,deleteFolderById
FN:76,updateFolder
FN:101,getFolderTasks
FNF:5
FNH:0
FNDA:0,getAllFolders
FNDA:0,createFolder
FNDA:0,deleteFolderById
FNDA:0,updateFolder
FNDA:0,getFolderTasks
DA:7,0
DA:8,0
DA:11,0
DA:13,0
DA:14,0
DA:20,0
DA:21,0
DA:23,0
DA:24,0
DA:29,0
DA:35,0
DA:36,0
DA:38,0
DA:39,0
DA:45,0
DA:46,0
DA:48,0
DA:53,0
DA:54,0
DA:60,0
DA:66,0
DA:68,0
DA:70,0
DA:71,0
DA:77,0
DA:78,0
DA:79,0
DA:81,0
DA:87,0
DA:88,0
DA:93,0
DA:95,0
DA:96,0
DA:102,0
DA:103,0
DA:106,0
DA:111,0
DA:112,0
DA:117,0
DA:123,0
DA:125,0
DA:126,0
LF:42
LH:0
BRDA:23,0,0,0
BRDA:23,0,1,0
BRDA:23,1,0,0
BRDA:23,1,1,0
BRDA:31,2,0,0
BRDA:31,2,1,0
BRDA:53,3,0,0
BRDA:53,3,1,0
BRDA:87,4,0,0
BRDA:87,4,1,0
BRDA:111,5,0,0
BRDA:111,5,1,0
BRF:12
BRH:0
end_of_record
TN:
SF:controllers/task.controller.js
FN:6,addTask
FN:35,deleteTaskById
FN:58,updateTask
FN:89,(anonymous_3)
FN:126,getDeletedTasks
FN:142,restoreTask
FNF:6
FNH:0
FNDA:0,addTask
FNDA:0,deleteTaskById
FNDA:0,updateTask
FNDA:0,(anonymous_3)
FNDA:0,getDeletedTasks
FNDA:0,restoreTask
DA:7,0
DA:8,0
DA:9,0
DA:10,0
DA:12,0
DA:13,0
DA:18,0
DA:25,0
DA:27,0
DA:28,0
DA:36,0
DA:37,0
DA:38,0
DA:39,0
DA:42,0
DA:47,0
DA:48,0
DA:49,0
DA:51,0
DA:52,0
DA:59,0
DA:60,0
DA:61,0
DA:62,0
DA:64,0
DA:65,0
DA:66,0
DA:67,0
DA:68,0
DA:69,0
DA:70,0
DA:72,0
DA:78,0
DA:79,0
DA:80,0
DA:82,0
DA:83,0
DA:89,3
DA:90,0
DA:91,0
DA:93,0
DA:94,0
DA:97,0
DA:103,0
DA:104,0
DA:108,0
DA:112,0
DA:113,0
DA:116,0
DA:118,0
DA:119,0
DA:127,0
DA:128,0
DA:132,0
DA:134,0
DA:135,0
DA:143,0
DA:144,0
DA:145,0
DA:146,0
DA:149,0
DA:154,0
DA:155,0
DA:156,0
DA:158,0
DA:159,0
LF:66
LH:1
BRDA:12,0,0,0
BRDA:12,0,1,0
BRDA:12,1,0,0
BRDA:12,1,1,0
BRDA:38,2,0,0
BRDA:38,2,1,0
BRDA:47,3,0,0
BRDA:47,3,1,0
BRDA:61,4,0,0
BRDA:61,4,1,0
BRDA:65,5,0,0
BRDA:65,5,1,0
BRDA:67,6,0,0
BRDA:67,6,1,0
BRDA:69,7,0,0
BRDA:69,7,1,0
BRDA:78,8,0,0
BRDA:78,8,1,0
BRDA:93,9,0,0
BRDA:93,9,1,0
BRDA:103,10,0,0
BRDA:103,10,1,0
BRDA:112,11,0,0
BRDA:112,11,1,0
BRDA:145,12,0,0
BRDA:145,12,1,0
BRDA:154,13,0,0
BRDA:154,13,1,0
BRF:28
BRH:0
end_of_record
TN:
SF:lib/utils/generateToken.js
FN:3,(anonymous_0)
FNF:1
FNH:1
FNDA:3,(anonymous_0)
DA:3,3
DA:4,3
DA:5,3
DA:13,3
DA:21,3
LF:5
LH:5
BRF:0
BRH:0
end_of_record
TN:
SF:middleware/authentication.js
FN:3,authenticateUser
FN:14,(anonymous_1)
FNF:2
FNH:2
FNDA:5,authenticateUser
FNDA:3,(anonymous_1)
DA:5,5
DA:7,5
DA:8,5
DA:9,2
DA:11,3
DA:15,3
DA:16,0
DA:17,0
DA:20,3
DA:24,3
LF:10
LH:8
BRDA:7,0,0,5
BRDA:7,0,1,5
BRDA:8,1,0,2
BRDA:8,1,1,3
BRDA:15,2,0,0
BRDA:15,2,1,3
BRF:6
BRH:5
end_of_record
TN:
SF:models/folder.model.js
FNF:0
FNH:0
DA:3,3
DA:24,3
LF:2
LH:2
BRF:0
BRH:0
end_of_record
TN:
SF:models/task.model.js
FN:9,(anonymous_0)
FNF:1
FNH:0
FNDA:0,(anonymous_0)
DA:3,3
DA:10,0
DA:11,0
DA:46,3
LF:4
LH:2
BRDA:10,0,0,0
BRDA:10,0,1,0
BRF:2
BRH:0
end_of_record
TN:
SF:models/user.model.js
FNF:0
FNH:0
DA:4,3
DA:19,3
LF:2
LH:2
BRF:0
BRH:0
end_of_record
